[0.043s] Invoking command in '/home/rsa2021/starter_code/build/zbar_ros': CMAKE_PREFIX_PATH=${CMAKE_PREFIX_PATH}:/opt/ros/foxy /usr/bin/cmake --build /home/rsa2021/starter_code/build/zbar_ros -- -j4 -l4
[0.125s] [ 50%] Built target barcode_reader_node
[0.183s] [100%] Built target barcode_reader
[0.224s] Invoked command in '/home/rsa2021/starter_code/build/zbar_ros' returned '0': CMAKE_PREFIX_PATH=${CMAKE_PREFIX_PATH}:/opt/ros/foxy /usr/bin/cmake --build /home/rsa2021/starter_code/build/zbar_ros -- -j4 -l4
[0.332s] Invoking command in '/home/rsa2021/starter_code/build/zbar_ros': CMAKE_PREFIX_PATH=${CMAKE_PREFIX_PATH}:/opt/ros/foxy /usr/bin/cmake --install /home/rsa2021/starter_code/build/zbar_ros
[0.350s] -- Install configuration: ""
[0.350s] -- Up-to-date: /home/rsa2021/starter_code/install/zbar_ros/lib/zbar_ros/barcode_reader
[0.350s] -- Up-to-date: /home/rsa2021/starter_code/install/zbar_ros/include/
[0.350s] -- Up-to-date: /home/rsa2021/starter_code/install/zbar_ros/include//zbar_ros
[0.350s] -- Up-to-date: /home/rsa2021/starter_code/install/zbar_ros/include//zbar_ros/barcode_reader_node.hpp
[0.351s] -- Up-to-date: /home/rsa2021/starter_code/install/zbar_ros/lib/libbarcode_reader_node.a
[0.351s] -- Up-to-date: /home/rsa2021/starter_code/install/zbar_ros/share/ament_index/resource_index/package_run_dependencies/zbar_ros
[0.351s] -- Up-to-date: /home/rsa2021/starter_code/install/zbar_ros/share/ament_index/resource_index/parent_prefix_path/zbar_ros
[0.352s] -- Up-to-date: /home/rsa2021/starter_code/install/zbar_ros/share/zbar_ros/environment/ament_prefix_path.sh
[0.352s] -- Up-to-date: /home/rsa2021/starter_code/install/zbar_ros/share/zbar_ros/environment/ament_prefix_path.dsv
[0.352s] -- Up-to-date: /home/rsa2021/starter_code/install/zbar_ros/share/zbar_ros/environment/path.sh
[0.352s] -- Up-to-date: /home/rsa2021/starter_code/install/zbar_ros/share/zbar_ros/environment/path.dsv
[0.352s] -- Up-to-date: /home/rsa2021/starter_code/install/zbar_ros/share/zbar_ros/local_setup.bash
[0.354s] -- Up-to-date: /home/rsa2021/starter_code/install/zbar_ros/share/zbar_ros/local_setup.sh
[0.354s] -- Up-to-date: /home/rsa2021/starter_code/install/zbar_ros/share/zbar_ros/local_setup.zsh
[0.355s] -- Up-to-date: /home/rsa2021/starter_code/install/zbar_ros/share/zbar_ros/local_setup.dsv
[0.355s] -- Installing: /home/rsa2021/starter_code/install/zbar_ros/share/zbar_ros/package.dsv
[0.360s] -- Up-to-date: /home/rsa2021/starter_code/install/zbar_ros/share/ament_index/resource_index/packages/zbar_ros
[0.361s] -- Up-to-date: /home/rsa2021/starter_code/install/zbar_ros/share/zbar_ros/cmake/zbar_rosConfig.cmake
[0.362s] -- Up-to-date: /home/rsa2021/starter_code/install/zbar_ros/share/zbar_ros/cmake/zbar_rosConfig-version.cmake
[0.363s] -- Up-to-date: /home/rsa2021/starter_code/install/zbar_ros/share/zbar_ros/package.xml
[0.375s] Invoked command in '/home/rsa2021/starter_code/build/zbar_ros' returned '0': CMAKE_PREFIX_PATH=${CMAKE_PREFIX_PATH}:/opt/ros/foxy /usr/bin/cmake --install /home/rsa2021/starter_code/build/zbar_ros
