[0.037s] Invoking command in '/home/rsa2021/starter_code/build/lidar': CMAKE_PREFIX_PATH=${CMAKE_PREFIX_PATH}:/opt/ros/foxy /usr/bin/cmake --build /home/rsa2021/starter_code/build/lidar -- -j4 -l4
[0.078s] -- Found ament_cmake: 0.9.8 (/opt/ros/foxy/share/ament_cmake/cmake)
[0.107s] -- Using PYTHON_EXECUTABLE: /usr/bin/python3
[0.359s] -- Found rclcpp: 2.3.1 (/opt/ros/foxy/share/rclcpp/cmake)
[0.392s] -- Using all available rosidl_typesupport_c: rosidl_typesupport_fastrtps_c;rosidl_typesupport_introspection_c
[0.398s] -- Found rosidl_adapter: 1.2.1 (/opt/ros/foxy/share/rosidl_adapter/cmake)
[0.538s] -- Using all available rosidl_typesupport_cpp: rosidl_typesupport_fastrtps_cpp;rosidl_typesupport_introspection_cpp
[0.589s] -- Found rmw_implementation_cmake: 1.0.3 (/opt/ros/foxy/share/rmw_implementation_cmake/cmake)
[0.590s] -- Using RMW implementation 'rmw_fastrtps_cpp' as default
[0.740s] CMake Error at CMakeLists.txt:21 (find_package):
[0.740s]   By not providing "Findgeomtry_msgs.cmake" in CMAKE_MODULE_PATH this project
[0.741s]   has asked CMake to find a package configuration file provided by
[0.741s]   "geomtry_msgs", but CMake did not find one.
[0.741s] 
[0.741s]   Could not find a package configuration file provided by "geomtry_msgs" with
[0.741s]   any of the following names:
[0.741s] 
[0.741s]     geomtry_msgsConfig.cmake
[0.741s]     geomtry_msgs-config.cmake
[0.741s] 
[0.741s]   Add the installation prefix of "geomtry_msgs" to CMAKE_PREFIX_PATH or set
[0.742s]   "geomtry_msgs_DIR" to a directory containing one of the above files.  If
[0.742s]   "geomtry_msgs" provides a separate development package or SDK, be sure it
[0.742s]   has been installed.
[0.742s] 
[0.742s] 
[0.742s] -- Configuring incomplete, errors occurred!
[0.742s] See also "/home/rsa2021/starter_code/build/lidar/CMakeFiles/CMakeOutput.log".
[0.742s] See also "/home/rsa2021/starter_code/build/lidar/CMakeFiles/CMakeError.log".
[0.747s] make: *** [Makefile:266: cmake_check_build_system] Error 1
[0.751s] Invoked command in '/home/rsa2021/starter_code/build/lidar' returned '2': CMAKE_PREFIX_PATH=${CMAKE_PREFIX_PATH}:/opt/ros/foxy /usr/bin/cmake --build /home/rsa2021/starter_code/build/lidar -- -j4 -l4
