[0.025s] Invoking command in '/home/rsa2021/starter_code/build/lidar': CMAKE_PREFIX_PATH=${CMAKE_PREFIX_PATH}:/opt/ros/foxy /usr/bin/cmake --build /home/rsa2021/starter_code/build/lidar -- -j4 -l4
[0.055s] -- Found ament_cmake: 0.9.8 (/opt/ros/foxy/share/ament_cmake/cmake)
[0.076s] -- Using PYTHON_EXECUTABLE: /usr/bin/python3
[0.276s] -- Found rclcpp: 2.3.1 (/opt/ros/foxy/share/rclcpp/cmake)
[0.311s] -- Using all available rosidl_typesupport_c: rosidl_typesupport_fastrtps_c;rosidl_typesupport_introspection_c
[0.316s] -- Found rosidl_adapter: 1.2.1 (/opt/ros/foxy/share/rosidl_adapter/cmake)
[0.427s] -- Using all available rosidl_typesupport_cpp: rosidl_typesupport_fastrtps_cpp;rosidl_typesupport_introspection_cpp
[0.471s] -- Found rmw_implementation_cmake: 1.0.3 (/opt/ros/foxy/share/rmw_implementation_cmake/cmake)
[0.472s] -- Using RMW implementation 'rmw_fastrtps_cpp' as default
[0.600s] CMake Error at CMakeLists.txt:29 (target_include_directories):
[0.600s]   Cannot specify include directories for target "lidar_node" which is not
[0.600s]   built by this project.
[0.600s] 
[0.600s] 
[0.600s] -- Found ament_lint_auto: 0.9.6 (/opt/ros/foxy/share/ament_lint_auto/cmake)
[0.670s] -- Added test 'copyright' to check source files copyright and LICENSE
[0.671s] -- Added test 'cppcheck' to perform static code analysis on C / C++ code
[0.671s] -- Configured cppcheck include dirs: 
[0.671s] -- Configured cppcheck exclude dirs and/or files: 
[0.671s] -- Added test 'cpplint' to check C / C++ code against the Google style
[0.671s] -- Configured cpplint exclude dirs and/or files: 
[0.672s] -- Added test 'lint_cmake' to check CMake code style
[0.672s] -- Added test 'uncrustify' to check C / C++ code style
[0.673s] -- Configured uncrustify additional arguments: 
[0.673s] -- Added test 'xmllint' to check XML markup files
[0.675s] -- Configuring incomplete, errors occurred!
[0.675s] See also "/home/rsa2021/starter_code/build/lidar/CMakeFiles/CMakeOutput.log".
[0.675s] See also "/home/rsa2021/starter_code/build/lidar/CMakeFiles/CMakeError.log".
[0.680s] make: *** [Makefile:266: cmake_check_build_system] Error 1
[0.683s] Invoked command in '/home/rsa2021/starter_code/build/lidar' returned '2': CMAKE_PREFIX_PATH=${CMAKE_PREFIX_PATH}:/opt/ros/foxy /usr/bin/cmake --build /home/rsa2021/starter_code/build/lidar -- -j4 -l4
