[0.021s] Invoking command in '/home/rsa2021/starter_code/build/lidar': CMAKE_PREFIX_PATH=/opt/ros/foxy /usr/bin/cmake --build /home/rsa2021/starter_code/build/lidar -- -j4 -l4
[0.166s] [ 50%] [32mBuilding CXX object CMakeFiles/lidar.dir/src/lidar_main.cpp.o[0m
[5.655s] [100%] [32m[1mLinking CXX executable lidar[0m
[5.920s] [100%] Built target lidar
[5.931s] Invoked command in '/home/rsa2021/starter_code/build/lidar' returned '0': CMAKE_PREFIX_PATH=/opt/ros/foxy /usr/bin/cmake --build /home/rsa2021/starter_code/build/lidar -- -j4 -l4
[5.963s] Invoking command in '/home/rsa2021/starter_code/build/lidar': CMAKE_PREFIX_PATH=/opt/ros/foxy /usr/bin/cmake --install /home/rsa2021/starter_code/build/lidar
[5.973s] -- Install configuration: ""
[5.973s] -- Installing: /home/rsa2021/starter_code/install/lidar/lib/lidar/lidar
[5.975s] -- Set runtime path of "/home/rsa2021/starter_code/install/lidar/lib/lidar/lidar" to ""
[5.977s] -- Up-to-date: /home/rsa2021/starter_code/install/lidar/share/ament_index/resource_index/package_run_dependencies/lidar
[5.977s] -- Up-to-date: /home/rsa2021/starter_code/install/lidar/share/ament_index/resource_index/parent_prefix_path/lidar
[5.977s] -- Up-to-date: /home/rsa2021/starter_code/install/lidar/share/lidar/environment/ament_prefix_path.sh
[5.978s] -- Up-to-date: /home/rsa2021/starter_code/install/lidar/share/lidar/environment/ament_prefix_path.dsv
[5.978s] -- Up-to-date: /home/rsa2021/starter_code/install/lidar/share/lidar/environment/path.sh
[5.978s] -- Up-to-date: /home/rsa2021/starter_code/install/lidar/share/lidar/environment/path.dsv
[5.978s] -- Up-to-date: /home/rsa2021/starter_code/install/lidar/share/lidar/local_setup.bash
[5.978s] -- Up-to-date: /home/rsa2021/starter_code/install/lidar/share/lidar/local_setup.sh
[5.978s] -- Up-to-date: /home/rsa2021/starter_code/install/lidar/share/lidar/local_setup.zsh
[5.979s] -- Up-to-date: /home/rsa2021/starter_code/install/lidar/share/lidar/local_setup.dsv
[5.979s] -- Installing: /home/rsa2021/starter_code/install/lidar/share/lidar/package.dsv
[5.980s] -- Up-to-date: /home/rsa2021/starter_code/install/lidar/share/ament_index/resource_index/packages/lidar
[5.980s] -- Up-to-date: /home/rsa2021/starter_code/install/lidar/share/lidar/cmake/lidarConfig.cmake
[5.980s] -- Up-to-date: /home/rsa2021/starter_code/install/lidar/share/lidar/cmake/lidarConfig-version.cmake
[5.981s] -- Up-to-date: /home/rsa2021/starter_code/install/lidar/share/lidar/package.xml
[5.984s] Invoked command in '/home/rsa2021/starter_code/build/lidar' returned '0': CMAKE_PREFIX_PATH=/opt/ros/foxy /usr/bin/cmake --install /home/rsa2021/starter_code/build/lidar
