[0.046s] Invoking command in '/home/rsa2021/starter_code/build/zbar_ros': CMAKE_PREFIX_PATH=/opt/ros/foxy /usr/bin/cmake --build /home/rsa2021/starter_code/build/zbar_ros -- -j4 -l4
[0.138s] [ 50%] Built target barcode_reader_node
[0.187s] [100%] Built target barcode_reader
[0.201s] Invoked command in '/home/rsa2021/starter_code/build/zbar_ros' returned '0': CMAKE_PREFIX_PATH=/opt/ros/foxy /usr/bin/cmake --build /home/rsa2021/starter_code/build/zbar_ros -- -j4 -l4
[0.256s] Invoking command in '/home/rsa2021/starter_code/build/zbar_ros': CMAKE_PREFIX_PATH=/opt/ros/foxy /usr/bin/cmake --install /home/rsa2021/starter_code/build/zbar_ros
[0.285s] -- Install configuration: ""
[0.286s] -- Up-to-date: /home/rsa2021/starter_code/install/zbar_ros/lib/zbar_ros/barcode_reader
[0.288s] -- Up-to-date: /home/rsa2021/starter_code/install/zbar_ros/include/
[0.289s] -- Up-to-date: /home/rsa2021/starter_code/install/zbar_ros/include//zbar_ros
[0.289s] -- Up-to-date: /home/rsa2021/starter_code/install/zbar_ros/include//zbar_ros/barcode_reader_node.hpp
[0.289s] -- Up-to-date: /home/rsa2021/starter_code/install/zbar_ros/lib/libbarcode_reader_node.a
[0.289s] -- Up-to-date: /home/rsa2021/starter_code/install/zbar_ros/share/ament_index/resource_index/package_run_dependencies/zbar_ros
[0.290s] -- Up-to-date: /home/rsa2021/starter_code/install/zbar_ros/share/ament_index/resource_index/parent_prefix_path/zbar_ros
[0.290s] -- Up-to-date: /home/rsa2021/starter_code/install/zbar_ros/share/zbar_ros/environment/ament_prefix_path.sh
[0.290s] -- Up-to-date: /home/rsa2021/starter_code/install/zbar_ros/share/zbar_ros/environment/ament_prefix_path.dsv
[0.290s] -- Up-to-date: /home/rsa2021/starter_code/install/zbar_ros/share/zbar_ros/environment/path.sh
[0.290s] -- Up-to-date: /home/rsa2021/starter_code/install/zbar_ros/share/zbar_ros/environment/path.dsv
[0.290s] -- Up-to-date: /home/rsa2021/starter_code/install/zbar_ros/share/zbar_ros/local_setup.bash
[0.291s] -- Up-to-date: /home/rsa2021/starter_code/install/zbar_ros/share/zbar_ros/local_setup.sh
[0.291s] -- Up-to-date: /home/rsa2021/starter_code/install/zbar_ros/share/zbar_ros/local_setup.zsh
[0.292s] -- Up-to-date: /home/rsa2021/starter_code/install/zbar_ros/share/zbar_ros/local_setup.dsv
[0.292s] -- Installing: /home/rsa2021/starter_code/install/zbar_ros/share/zbar_ros/package.dsv
[0.292s] -- Up-to-date: /home/rsa2021/starter_code/install/zbar_ros/share/ament_index/resource_index/packages/zbar_ros
[0.292s] -- Up-to-date: /home/rsa2021/starter_code/install/zbar_ros/share/zbar_ros/cmake/zbar_rosConfig.cmake
[0.293s] -- Up-to-date: /home/rsa2021/starter_code/install/zbar_ros/share/zbar_ros/cmake/zbar_rosConfig-version.cmake
[0.293s] -- Up-to-date: /home/rsa2021/starter_code/install/zbar_ros/share/zbar_ros/package.xml
[0.300s] Invoked command in '/home/rsa2021/starter_code/build/zbar_ros' returned '0': CMAKE_PREFIX_PATH=/opt/ros/foxy /usr/bin/cmake --install /home/rsa2021/starter_code/build/zbar_ros
