[0.342s] DEBUG:colcon:Command line arguments: ['/usr/bin/colcon', 'build']
[0.342s] DEBUG:colcon:Parsed command line arguments: Namespace(ament_cmake_args=None, base_paths=['.'], build_base='build', catkin_cmake_args=None, catkin_skip_building_tests=False, cmake_args=None, cmake_clean_cache=False, cmake_clean_first=False, cmake_force_configure=False, cmake_target=None, cmake_target_skip_unavailable=False, continue_on_error=False, event_handlers=None, executor='parallel', ignore_user_meta=False, install_base='install', log_base=None, log_level=None, main=<bound method BuildVerb.main of <colcon_core.verb.build.BuildVerb object at 0x7f80b6392a30>>, merge_install=False, metas=['./colcon.meta'], packages_above=None, packages_above_and_dependencies=None, packages_above_depth=None, packages_end=None, packages_ignore=None, packages_ignore_regex=None, packages_select=None, packages_select_build_failed=False, packages_select_by_dep=None, packages_select_regex=None, packages_select_test_failures=False, packages_skip=None, packages_skip_build_finished=False, packages_skip_by_dep=None, packages_skip_regex=None, packages_skip_test_passed=False, packages_skip_up_to=None, packages_start=None, packages_up_to=None, packages_up_to_regex=None, parallel_workers=4, paths=None, symlink_install=False, test_result_base=None, verb_extension=<colcon_core.verb.build.BuildVerb object at 0x7f80b6392a30>, verb_name='build', verb_parser=<colcon_defaults.argument_parser.defaults.DefaultArgumentsDecorator object at 0x7f80b6392fa0>)
[0.346s] Level 1:colcon.colcon_core.package_discovery:discover_packages(colcon_meta) check parameters
[0.346s] Level 1:colcon.colcon_core.package_discovery:discover_packages(recursive) check parameters
[0.347s] Level 1:colcon.colcon_core.package_discovery:discover_packages(ignore) check parameters
[0.347s] Level 1:colcon.colcon_core.package_discovery:discover_packages(path) check parameters
[0.347s] Level 1:colcon.colcon_core.package_discovery:discover_packages(colcon_meta) discover
[0.347s] Level 1:colcon.colcon_core.package_discovery:discover_packages(recursive) discover
[0.347s] INFO:colcon.colcon_core.package_discovery:Crawling recursively for packages in '/home/rsa2021/starter_code'
[0.347s] Level 1:colcon.colcon_core.package_identification:_identify(.) by extensions ['ignore', 'ignore_ament_install']
[0.347s] Level 1:colcon.colcon_core.package_identification:_identify(.) by extension 'ignore'
[0.347s] Level 1:colcon.colcon_core.package_identification:_identify(.) by extension 'ignore_ament_install'
[0.347s] Level 1:colcon.colcon_core.package_identification:_identify(.) by extensions ['colcon_pkg']
[0.347s] Level 1:colcon.colcon_core.package_identification:_identify(.) by extension 'colcon_pkg'
[0.347s] Level 1:colcon.colcon_core.package_identification:_identify(.) by extensions ['colcon_meta']
[0.347s] Level 1:colcon.colcon_core.package_identification:_identify(.) by extension 'colcon_meta'
[0.347s] Level 1:colcon.colcon_core.package_identification:_identify(.) by extensions ['ros']
[0.347s] Level 1:colcon.colcon_core.package_identification:_identify(.) by extension 'ros'
[0.367s] Level 1:colcon.colcon_core.package_identification:_identify(.) by extensions ['cmake', 'python']
[0.367s] Level 1:colcon.colcon_core.package_identification:_identify(.) by extension 'cmake'
[0.367s] Level 1:colcon.colcon_core.package_identification:_identify(.) by extension 'python'
[0.367s] Level 1:colcon.colcon_core.package_identification:_identify(.) by extensions ['python_setup_py']
[0.367s] Level 1:colcon.colcon_core.package_identification:_identify(.) by extension 'python_setup_py'
[0.368s] Level 1:colcon.colcon_core.package_identification:_identify(build) by extensions ['ignore', 'ignore_ament_install']
[0.368s] Level 1:colcon.colcon_core.package_identification:_identify(build) by extension 'ignore'
[0.368s] Level 1:colcon.colcon_core.package_identification:_identify(build) ignored
[0.368s] Level 1:colcon.colcon_core.package_identification:_identify(install) by extensions ['ignore', 'ignore_ament_install']
[0.368s] Level 1:colcon.colcon_core.package_identification:_identify(install) by extension 'ignore'
[0.368s] Level 1:colcon.colcon_core.package_identification:_identify(install) ignored
[0.368s] Level 1:colcon.colcon_core.package_identification:_identify(log) by extensions ['ignore', 'ignore_ament_install']
[0.368s] Level 1:colcon.colcon_core.package_identification:_identify(log) by extension 'ignore'
[0.368s] Level 1:colcon.colcon_core.package_identification:_identify(log) ignored
[0.368s] Level 1:colcon.colcon_core.package_identification:_identify(src) by extensions ['ignore', 'ignore_ament_install']
[0.368s] Level 1:colcon.colcon_core.package_identification:_identify(src) by extension 'ignore'
[0.368s] Level 1:colcon.colcon_core.package_identification:_identify(src) by extension 'ignore_ament_install'
[0.368s] Level 1:colcon.colcon_core.package_identification:_identify(src) by extensions ['colcon_pkg']
[0.368s] Level 1:colcon.colcon_core.package_identification:_identify(src) by extension 'colcon_pkg'
[0.368s] Level 1:colcon.colcon_core.package_identification:_identify(src) by extensions ['colcon_meta']
[0.368s] Level 1:colcon.colcon_core.package_identification:_identify(src) by extension 'colcon_meta'
[0.368s] Level 1:colcon.colcon_core.package_identification:_identify(src) by extensions ['ros']
[0.368s] Level 1:colcon.colcon_core.package_identification:_identify(src) by extension 'ros'
[0.368s] Level 1:colcon.colcon_core.package_identification:_identify(src) by extensions ['cmake', 'python']
[0.368s] Level 1:colcon.colcon_core.package_identification:_identify(src) by extension 'cmake'
[0.369s] Level 1:colcon.colcon_core.package_identification:_identify(src) by extension 'python'
[0.369s] Level 1:colcon.colcon_core.package_identification:_identify(src) by extensions ['python_setup_py']
[0.369s] Level 1:colcon.colcon_core.package_identification:_identify(src) by extension 'python_setup_py'
[0.369s] Level 1:colcon.colcon_core.package_identification:_identify(src/comp3431-rsa) by extensions ['ignore', 'ignore_ament_install']
[0.369s] Level 1:colcon.colcon_core.package_identification:_identify(src/comp3431-rsa) by extension 'ignore'
[0.369s] Level 1:colcon.colcon_core.package_identification:_identify(src/comp3431-rsa) by extension 'ignore_ament_install'
[0.369s] Level 1:colcon.colcon_core.package_identification:_identify(src/comp3431-rsa) by extensions ['colcon_pkg']
[0.369s] Level 1:colcon.colcon_core.package_identification:_identify(src/comp3431-rsa) by extension 'colcon_pkg'
[0.369s] Level 1:colcon.colcon_core.package_identification:_identify(src/comp3431-rsa) by extensions ['colcon_meta']
[0.369s] Level 1:colcon.colcon_core.package_identification:_identify(src/comp3431-rsa) by extension 'colcon_meta'
[0.369s] Level 1:colcon.colcon_core.package_identification:_identify(src/comp3431-rsa) by extensions ['ros']
[0.369s] Level 1:colcon.colcon_core.package_identification:_identify(src/comp3431-rsa) by extension 'ros'
[0.369s] Level 1:colcon.colcon_core.package_identification:_identify(src/comp3431-rsa) by extensions ['cmake', 'python']
[0.369s] Level 1:colcon.colcon_core.package_identification:_identify(src/comp3431-rsa) by extension 'cmake'
[0.369s] Level 1:colcon.colcon_core.package_identification:_identify(src/comp3431-rsa) by extension 'python'
[0.369s] Level 1:colcon.colcon_core.package_identification:_identify(src/comp3431-rsa) by extensions ['python_setup_py']
[0.369s] Level 1:colcon.colcon_core.package_identification:_identify(src/comp3431-rsa) by extension 'python_setup_py'
[0.369s] Level 1:colcon.colcon_core.package_identification:_identify(src/comp3431-rsa/comp3431_starter) by extensions ['ignore', 'ignore_ament_install']
[0.369s] Level 1:colcon.colcon_core.package_identification:_identify(src/comp3431-rsa/comp3431_starter) by extension 'ignore'
[0.369s] Level 1:colcon.colcon_core.package_identification:_identify(src/comp3431-rsa/comp3431_starter) by extension 'ignore_ament_install'
[0.369s] Level 1:colcon.colcon_core.package_identification:_identify(src/comp3431-rsa/comp3431_starter) by extensions ['colcon_pkg']
[0.369s] Level 1:colcon.colcon_core.package_identification:_identify(src/comp3431-rsa/comp3431_starter) by extension 'colcon_pkg'
[0.369s] Level 1:colcon.colcon_core.package_identification:_identify(src/comp3431-rsa/comp3431_starter) by extensions ['colcon_meta']
[0.369s] Level 1:colcon.colcon_core.package_identification:_identify(src/comp3431-rsa/comp3431_starter) by extension 'colcon_meta'
[0.370s] Level 1:colcon.colcon_core.package_identification:_identify(src/comp3431-rsa/comp3431_starter) by extensions ['ros']
[0.370s] Level 1:colcon.colcon_core.package_identification:_identify(src/comp3431-rsa/comp3431_starter) by extension 'ros'
[0.376s] DEBUG:colcon.colcon_core.package_identification:Package 'src/comp3431-rsa/comp3431_starter' with type 'ros.ament_cmake' and name 'comp3431_starter'
[0.376s] Level 1:colcon.colcon_core.package_identification:_identify(src/lidar) by extensions ['ignore', 'ignore_ament_install']
[0.376s] Level 1:colcon.colcon_core.package_identification:_identify(src/lidar) by extension 'ignore'
[0.376s] Level 1:colcon.colcon_core.package_identification:_identify(src/lidar) by extension 'ignore_ament_install'
[0.376s] Level 1:colcon.colcon_core.package_identification:_identify(src/lidar) by extensions ['colcon_pkg']
[0.376s] Level 1:colcon.colcon_core.package_identification:_identify(src/lidar) by extension 'colcon_pkg'
[0.376s] Level 1:colcon.colcon_core.package_identification:_identify(src/lidar) by extensions ['colcon_meta']
[0.376s] Level 1:colcon.colcon_core.package_identification:_identify(src/lidar) by extension 'colcon_meta'
[0.376s] Level 1:colcon.colcon_core.package_identification:_identify(src/lidar) by extensions ['ros']
[0.376s] Level 1:colcon.colcon_core.package_identification:_identify(src/lidar) by extension 'ros'
[0.377s] DEBUG:colcon.colcon_core.package_identification:Package 'src/lidar' with type 'ros.ament_cmake' and name 'lidar'
[0.377s] Level 1:colcon.colcon_core.package_identification:_identify(src/zbar_ros) by extensions ['ignore', 'ignore_ament_install']
[0.377s] Level 1:colcon.colcon_core.package_identification:_identify(src/zbar_ros) by extension 'ignore'
[0.377s] Level 1:colcon.colcon_core.package_identification:_identify(src/zbar_ros) by extension 'ignore_ament_install'
[0.377s] Level 1:colcon.colcon_core.package_identification:_identify(src/zbar_ros) by extensions ['colcon_pkg']
[0.377s] Level 1:colcon.colcon_core.package_identification:_identify(src/zbar_ros) by extension 'colcon_pkg'
[0.377s] Level 1:colcon.colcon_core.package_identification:_identify(src/zbar_ros) by extensions ['colcon_meta']
[0.377s] Level 1:colcon.colcon_core.package_identification:_identify(src/zbar_ros) by extension 'colcon_meta'
[0.377s] Level 1:colcon.colcon_core.package_identification:_identify(src/zbar_ros) by extensions ['ros']
[0.377s] Level 1:colcon.colcon_core.package_identification:_identify(src/zbar_ros) by extension 'ros'
[0.378s] DEBUG:colcon.colcon_core.package_identification:Package 'src/zbar_ros' with type 'ros.ament_cmake' and name 'zbar_ros'
[0.378s] Level 1:colcon.colcon_core.package_discovery:discover_packages(recursive) using defaults
[0.378s] Level 1:colcon.colcon_core.package_discovery:discover_packages(ignore) discover
[0.378s] Level 1:colcon.colcon_core.package_discovery:discover_packages(ignore) using defaults
[0.378s] Level 1:colcon.colcon_core.package_discovery:discover_packages(path) discover
[0.378s] Level 1:colcon.colcon_core.package_discovery:discover_packages(path) using defaults
[0.406s] Level 5:colcon.colcon_core.verb:set package 'comp3431_starter' build argument 'cmake_args' from command line to 'None'
[0.406s] Level 5:colcon.colcon_core.verb:set package 'comp3431_starter' build argument 'cmake_target' from command line to 'None'
[0.406s] Level 5:colcon.colcon_core.verb:set package 'comp3431_starter' build argument 'cmake_target_skip_unavailable' from command line to 'False'
[0.406s] Level 5:colcon.colcon_core.verb:set package 'comp3431_starter' build argument 'cmake_clean_cache' from command line to 'False'
[0.406s] Level 5:colcon.colcon_core.verb:set package 'comp3431_starter' build argument 'cmake_clean_first' from command line to 'False'
[0.406s] Level 5:colcon.colcon_core.verb:set package 'comp3431_starter' build argument 'cmake_force_configure' from command line to 'False'
[0.406s] Level 5:colcon.colcon_core.verb:set package 'comp3431_starter' build argument 'ament_cmake_args' from command line to 'None'
[0.406s] Level 5:colcon.colcon_core.verb:set package 'comp3431_starter' build argument 'catkin_cmake_args' from command line to 'None'
[0.406s] Level 5:colcon.colcon_core.verb:set package 'comp3431_starter' build argument 'catkin_skip_building_tests' from command line to 'False'
[0.406s] DEBUG:colcon.colcon_core.verb:Building package 'comp3431_starter' with the following arguments: {'ament_cmake_args': None, 'build_base': '/home/rsa2021/starter_code/build/comp3431_starter', 'catkin_cmake_args': None, 'catkin_skip_building_tests': False, 'cmake_args': None, 'cmake_clean_cache': False, 'cmake_clean_first': False, 'cmake_force_configure': False, 'cmake_target': None, 'cmake_target_skip_unavailable': False, 'install_base': '/home/rsa2021/starter_code/install/comp3431_starter', 'merge_install': False, 'path': '/home/rsa2021/starter_code/src/comp3431-rsa/comp3431_starter', 'symlink_install': False, 'test_result_base': None}
[0.408s] Level 5:colcon.colcon_core.verb:set package 'lidar' build argument 'cmake_args' from command line to 'None'
[0.408s] Level 5:colcon.colcon_core.verb:set package 'lidar' build argument 'cmake_target' from command line to 'None'
[0.408s] Level 5:colcon.colcon_core.verb:set package 'lidar' build argument 'cmake_target_skip_unavailable' from command line to 'False'
[0.408s] Level 5:colcon.colcon_core.verb:set package 'lidar' build argument 'cmake_clean_cache' from command line to 'False'
[0.408s] Level 5:colcon.colcon_core.verb:set package 'lidar' build argument 'cmake_clean_first' from command line to 'False'
[0.408s] Level 5:colcon.colcon_core.verb:set package 'lidar' build argument 'cmake_force_configure' from command line to 'False'
[0.408s] Level 5:colcon.colcon_core.verb:set package 'lidar' build argument 'ament_cmake_args' from command line to 'None'
[0.408s] Level 5:colcon.colcon_core.verb:set package 'lidar' build argument 'catkin_cmake_args' from command line to 'None'
[0.408s] Level 5:colcon.colcon_core.verb:set package 'lidar' build argument 'catkin_skip_building_tests' from command line to 'False'
[0.408s] DEBUG:colcon.colcon_core.verb:Building package 'lidar' with the following arguments: {'ament_cmake_args': None, 'build_base': '/home/rsa2021/starter_code/build/lidar', 'catkin_cmake_args': None, 'catkin_skip_building_tests': False, 'cmake_args': None, 'cmake_clean_cache': False, 'cmake_clean_first': False, 'cmake_force_configure': False, 'cmake_target': None, 'cmake_target_skip_unavailable': False, 'install_base': '/home/rsa2021/starter_code/install/lidar', 'merge_install': False, 'path': '/home/rsa2021/starter_code/src/lidar', 'symlink_install': False, 'test_result_base': None}
[0.410s] Level 5:colcon.colcon_core.verb:set package 'zbar_ros' build argument 'cmake_args' from command line to 'None'
[0.410s] Level 5:colcon.colcon_core.verb:set package 'zbar_ros' build argument 'cmake_target' from command line to 'None'
[0.410s] Level 5:colcon.colcon_core.verb:set package 'zbar_ros' build argument 'cmake_target_skip_unavailable' from command line to 'False'
[0.410s] Level 5:colcon.colcon_core.verb:set package 'zbar_ros' build argument 'cmake_clean_cache' from command line to 'False'
[0.410s] Level 5:colcon.colcon_core.verb:set package 'zbar_ros' build argument 'cmake_clean_first' from command line to 'False'
[0.410s] Level 5:colcon.colcon_core.verb:set package 'zbar_ros' build argument 'cmake_force_configure' from command line to 'False'
[0.410s] Level 5:colcon.colcon_core.verb:set package 'zbar_ros' build argument 'ament_cmake_args' from command line to 'None'
[0.410s] Level 5:colcon.colcon_core.verb:set package 'zbar_ros' build argument 'catkin_cmake_args' from command line to 'None'
[0.410s] Level 5:colcon.colcon_core.verb:set package 'zbar_ros' build argument 'catkin_skip_building_tests' from command line to 'False'
[0.410s] DEBUG:colcon.colcon_core.verb:Building package 'zbar_ros' with the following arguments: {'ament_cmake_args': None, 'build_base': '/home/rsa2021/starter_code/build/zbar_ros', 'catkin_cmake_args': None, 'catkin_skip_building_tests': False, 'cmake_args': None, 'cmake_clean_cache': False, 'cmake_clean_first': False, 'cmake_force_configure': False, 'cmake_target': None, 'cmake_target_skip_unavailable': False, 'install_base': '/home/rsa2021/starter_code/install/zbar_ros', 'merge_install': False, 'path': '/home/rsa2021/starter_code/src/zbar_ros', 'symlink_install': False, 'test_result_base': None}
[0.410s] INFO:colcon.colcon_core.executor:Executing jobs using 'parallel' executor
[0.412s] DEBUG:colcon.colcon_parallel_executor.executor.parallel:run_until_complete
[0.413s] INFO:colcon.colcon_ros.task.ament_cmake.build:Building ROS package in '/home/rsa2021/starter_code/src/comp3431-rsa/comp3431_starter' with build type 'ament_cmake'
[0.413s] INFO:colcon.colcon_cmake.task.cmake.build:Building CMake package in '/home/rsa2021/starter_code/src/comp3431-rsa/comp3431_starter'
[0.416s] INFO:colcon.colcon_core.plugin_system:Skipping extension 'colcon_core.shell.bat': Not used on non-Windows systems
[0.416s] INFO:colcon.colcon_core.shell:Skip shell extension 'powershell' for command environment: Not usable outside of PowerShell
[0.416s] DEBUG:colcon.colcon_core.shell:Skip shell extension 'dsv' for command environment
[0.418s] DEBUG:colcon.colcon_core.shell:Ignoring prefix path '/opt/ros/foxy'
[0.421s] INFO:colcon.colcon_ros.task.ament_cmake.build:Building ROS package in '/home/rsa2021/starter_code/src/lidar' with build type 'ament_cmake'
[0.421s] INFO:colcon.colcon_cmake.task.cmake.build:Building CMake package in '/home/rsa2021/starter_code/src/lidar'
[0.422s] INFO:colcon.colcon_core.shell:Skip shell extension 'powershell' for command environment: Not usable outside of PowerShell
[0.422s] DEBUG:colcon.colcon_core.shell:Skip shell extension 'dsv' for command environment
[0.424s] DEBUG:colcon.colcon_core.shell:Ignoring prefix path '/opt/ros/foxy'
[0.428s] INFO:colcon.colcon_ros.task.ament_cmake.build:Building ROS package in '/home/rsa2021/starter_code/src/zbar_ros' with build type 'ament_cmake'
[0.429s] INFO:colcon.colcon_cmake.task.cmake.build:Building CMake package in '/home/rsa2021/starter_code/src/zbar_ros'
[0.429s] INFO:colcon.colcon_core.shell:Skip shell extension 'powershell' for command environment: Not usable outside of PowerShell
[0.429s] DEBUG:colcon.colcon_core.shell:Skip shell extension 'dsv' for command environment
[0.431s] DEBUG:colcon.colcon_core.shell:Ignoring prefix path '/opt/ros/foxy'
[0.448s] DEBUG:colcon.colcon_core.event_handler.log_command:Invoking command in '/home/rsa2021/starter_code/build/comp3431_starter': CMAKE_PREFIX_PATH=/opt/ros/foxy /usr/bin/cmake --build /home/rsa2021/starter_code/build/comp3431_starter -- -j4 -l4
[0.458s] DEBUG:colcon.colcon_core.event_handler.log_command:Invoking command in '/home/rsa2021/starter_code/build/lidar': CMAKE_PREFIX_PATH=/opt/ros/foxy /usr/bin/cmake --build /home/rsa2021/starter_code/build/lidar -- -j4 -l4
[0.474s] DEBUG:colcon.colcon_core.event_handler.log_command:Invoking command in '/home/rsa2021/starter_code/build/zbar_ros': CMAKE_PREFIX_PATH=/opt/ros/foxy /usr/bin/cmake --build /home/rsa2021/starter_code/build/zbar_ros -- -j4 -l4
[0.559s] DEBUG:colcon.colcon_core.event_handler.log_command:Invoked command in '/home/rsa2021/starter_code/build/comp3431_starter' returned '0': CMAKE_PREFIX_PATH=/opt/ros/foxy /usr/bin/cmake --build /home/rsa2021/starter_code/build/comp3431_starter -- -j4 -l4
[0.626s] DEBUG:colcon.colcon_core.event_handler.log_command:Invoking command in '/home/rsa2021/starter_code/build/comp3431_starter': CMAKE_PREFIX_PATH=/opt/ros/foxy /usr/bin/cmake --install /home/rsa2021/starter_code/build/comp3431_starter
[0.628s] DEBUG:colcon.colcon_core.event_handler.log_command:Invoked command in '/home/rsa2021/starter_code/build/zbar_ros' returned '0': CMAKE_PREFIX_PATH=/opt/ros/foxy /usr/bin/cmake --build /home/rsa2021/starter_code/build/zbar_ros -- -j4 -l4
[0.667s] Level 1:colcon.colcon_core.environment:create_environment_scripts_only(comp3431_starter)
[0.669s] DEBUG:colcon.colcon_core.event_handler.log_command:Invoked command in '/home/rsa2021/starter_code/build/comp3431_starter' returned '0': CMAKE_PREFIX_PATH=/opt/ros/foxy /usr/bin/cmake --install /home/rsa2021/starter_code/build/comp3431_starter
[0.672s] Level 1:colcon.colcon_core.environment:checking '/home/rsa2021/starter_code/install/comp3431_starter' for CMake module files
[0.673s] Level 1:colcon.colcon_core.environment:checking '/home/rsa2021/starter_code/install/comp3431_starter' for CMake config files
[0.673s] Level 1:colcon.colcon_core.shell:create_environment_hook('comp3431_starter', 'cmake_prefix_path')
[0.674s] INFO:colcon.colcon_core.shell:Creating environment hook '/home/rsa2021/starter_code/install/comp3431_starter/share/comp3431_starter/hook/cmake_prefix_path.ps1'
[0.674s] INFO:colcon.colcon_core.shell:Creating environment descriptor '/home/rsa2021/starter_code/install/comp3431_starter/share/comp3431_starter/hook/cmake_prefix_path.dsv'
[0.675s] INFO:colcon.colcon_core.shell:Creating environment hook '/home/rsa2021/starter_code/install/comp3431_starter/share/comp3431_starter/hook/cmake_prefix_path.sh'
[0.676s] Level 1:colcon.colcon_core.environment:checking '/home/rsa2021/starter_code/install/comp3431_starter/lib'
[0.676s] Level 1:colcon.colcon_core.environment:checking '/home/rsa2021/starter_code/install/comp3431_starter/bin'
[0.676s] Level 1:colcon.colcon_core.environment:checking '/home/rsa2021/starter_code/install/comp3431_starter/lib/pkgconfig/comp3431_starter.pc'
[0.676s] Level 1:colcon.colcon_core.environment:checking '/home/rsa2021/starter_code/install/comp3431_starter/lib/python3.8/site-packages'
[0.677s] INFO:colcon.colcon_core.shell:Creating package script '/home/rsa2021/starter_code/install/comp3431_starter/share/comp3431_starter/package.ps1'
[0.677s] INFO:colcon.colcon_core.shell:Creating package descriptor '/home/rsa2021/starter_code/install/comp3431_starter/share/comp3431_starter/package.dsv'
[0.678s] INFO:colcon.colcon_core.shell:Creating package script '/home/rsa2021/starter_code/install/comp3431_starter/share/comp3431_starter/package.sh'
[0.679s] INFO:colcon.colcon_core.shell:Creating package script '/home/rsa2021/starter_code/install/comp3431_starter/share/comp3431_starter/package.bash'
[0.681s] INFO:colcon.colcon_core.shell:Creating package script '/home/rsa2021/starter_code/install/comp3431_starter/share/comp3431_starter/package.zsh'
[0.682s] Level 1:colcon.colcon_core.environment:create_file_with_runtime_dependencies(/home/rsa2021/starter_code/install/comp3431_starter/share/colcon-core/packages/comp3431_starter)
[0.692s] DEBUG:colcon.colcon_core.event_handler.log_command:Invoking command in '/home/rsa2021/starter_code/build/zbar_ros': CMAKE_PREFIX_PATH=/opt/ros/foxy /usr/bin/cmake --install /home/rsa2021/starter_code/build/zbar_ros
[0.714s] Level 1:colcon.colcon_core.environment:create_environment_scripts_only(zbar_ros)
[0.715s] Level 1:colcon.colcon_core.environment:checking '/home/rsa2021/starter_code/install/zbar_ros' for CMake module files
[0.717s] DEBUG:colcon.colcon_core.event_handler.log_command:Invoked command in '/home/rsa2021/starter_code/build/zbar_ros' returned '0': CMAKE_PREFIX_PATH=/opt/ros/foxy /usr/bin/cmake --install /home/rsa2021/starter_code/build/zbar_ros
[0.718s] Level 1:colcon.colcon_core.environment:checking '/home/rsa2021/starter_code/install/zbar_ros' for CMake config files
[0.718s] Level 1:colcon.colcon_core.shell:create_environment_hook('zbar_ros', 'cmake_prefix_path')
[0.719s] INFO:colcon.colcon_core.shell:Creating environment hook '/home/rsa2021/starter_code/install/zbar_ros/share/zbar_ros/hook/cmake_prefix_path.ps1'
[0.721s] INFO:colcon.colcon_core.shell:Creating environment descriptor '/home/rsa2021/starter_code/install/zbar_ros/share/zbar_ros/hook/cmake_prefix_path.dsv'
[0.721s] INFO:colcon.colcon_core.shell:Creating environment hook '/home/rsa2021/starter_code/install/zbar_ros/share/zbar_ros/hook/cmake_prefix_path.sh'
[0.722s] Level 1:colcon.colcon_core.environment:checking '/home/rsa2021/starter_code/install/zbar_ros/lib'
[0.722s] Level 1:colcon.colcon_core.environment:checking '/home/rsa2021/starter_code/install/zbar_ros/bin'
[0.722s] Level 1:colcon.colcon_core.environment:checking '/home/rsa2021/starter_code/install/zbar_ros/lib/pkgconfig/zbar_ros.pc'
[0.722s] Level 1:colcon.colcon_core.environment:checking '/home/rsa2021/starter_code/install/zbar_ros/lib/python3.8/site-packages'
[0.723s] INFO:colcon.colcon_core.shell:Creating package script '/home/rsa2021/starter_code/install/zbar_ros/share/zbar_ros/package.ps1'
[0.724s] INFO:colcon.colcon_core.shell:Creating package descriptor '/home/rsa2021/starter_code/install/zbar_ros/share/zbar_ros/package.dsv'
[0.725s] INFO:colcon.colcon_core.shell:Creating package script '/home/rsa2021/starter_code/install/zbar_ros/share/zbar_ros/package.sh'
[0.726s] INFO:colcon.colcon_core.shell:Creating package script '/home/rsa2021/starter_code/install/zbar_ros/share/zbar_ros/package.bash'
[0.727s] INFO:colcon.colcon_core.shell:Creating package script '/home/rsa2021/starter_code/install/zbar_ros/share/zbar_ros/package.zsh'
[0.727s] Level 1:colcon.colcon_core.environment:create_file_with_runtime_dependencies(/home/rsa2021/starter_code/install/zbar_ros/share/colcon-core/packages/zbar_ros)
[0.749s] Level 1:colcon.colcon_core.environment:create_environment_scripts_only(comp3431_starter)
[0.750s] Level 1:colcon.colcon_core.environment:checking '/home/rsa2021/starter_code/install/comp3431_starter' for CMake module files
[0.750s] Level 1:colcon.colcon_core.environment:checking '/home/rsa2021/starter_code/install/comp3431_starter' for CMake config files
[0.751s] Level 1:colcon.colcon_core.shell:create_environment_hook('comp3431_starter', 'cmake_prefix_path')
[0.752s] INFO:colcon.colcon_core.shell:Creating environment hook '/home/rsa2021/starter_code/install/comp3431_starter/share/comp3431_starter/hook/cmake_prefix_path.ps1'
[0.754s] INFO:colcon.colcon_core.shell:Creating environment descriptor '/home/rsa2021/starter_code/install/comp3431_starter/share/comp3431_starter/hook/cmake_prefix_path.dsv'
[0.755s] INFO:colcon.colcon_core.shell:Creating environment hook '/home/rsa2021/starter_code/install/comp3431_starter/share/comp3431_starter/hook/cmake_prefix_path.sh'
[0.756s] Level 1:colcon.colcon_core.environment:checking '/home/rsa2021/starter_code/install/comp3431_starter/lib'
[0.756s] Level 1:colcon.colcon_core.environment:checking '/home/rsa2021/starter_code/install/comp3431_starter/bin'
[0.756s] Level 1:colcon.colcon_core.environment:checking '/home/rsa2021/starter_code/install/comp3431_starter/lib/pkgconfig/comp3431_starter.pc'
[0.756s] Level 1:colcon.colcon_core.environment:checking '/home/rsa2021/starter_code/install/comp3431_starter/lib/python3.8/site-packages'
[0.757s] INFO:colcon.colcon_core.shell:Creating package script '/home/rsa2021/starter_code/install/comp3431_starter/share/comp3431_starter/package.ps1'
[0.758s] INFO:colcon.colcon_core.shell:Creating package descriptor '/home/rsa2021/starter_code/install/comp3431_starter/share/comp3431_starter/package.dsv'
[0.758s] INFO:colcon.colcon_core.shell:Creating package script '/home/rsa2021/starter_code/install/comp3431_starter/share/comp3431_starter/package.sh'
[0.760s] INFO:colcon.colcon_core.shell:Creating package script '/home/rsa2021/starter_code/install/comp3431_starter/share/comp3431_starter/package.bash'
[0.760s] INFO:colcon.colcon_core.shell:Creating package script '/home/rsa2021/starter_code/install/comp3431_starter/share/comp3431_starter/package.zsh'
[0.761s] Level 1:colcon.colcon_core.environment:create_file_with_runtime_dependencies(/home/rsa2021/starter_code/install/comp3431_starter/share/colcon-core/packages/comp3431_starter)
[0.780s] Level 1:colcon.colcon_core.environment:create_environment_scripts_only(zbar_ros)
[0.781s] Level 1:colcon.colcon_core.environment:checking '/home/rsa2021/starter_code/install/zbar_ros' for CMake module files
[0.782s] Level 1:colcon.colcon_core.environment:checking '/home/rsa2021/starter_code/install/zbar_ros' for CMake config files
[0.782s] Level 1:colcon.colcon_core.shell:create_environment_hook('zbar_ros', 'cmake_prefix_path')
[0.783s] INFO:colcon.colcon_core.shell:Creating environment hook '/home/rsa2021/starter_code/install/zbar_ros/share/zbar_ros/hook/cmake_prefix_path.ps1'
[0.784s] INFO:colcon.colcon_core.shell:Creating environment descriptor '/home/rsa2021/starter_code/install/zbar_ros/share/zbar_ros/hook/cmake_prefix_path.dsv'
[0.785s] INFO:colcon.colcon_core.shell:Creating environment hook '/home/rsa2021/starter_code/install/zbar_ros/share/zbar_ros/hook/cmake_prefix_path.sh'
[0.785s] Level 1:colcon.colcon_core.environment:checking '/home/rsa2021/starter_code/install/zbar_ros/lib'
[0.785s] Level 1:colcon.colcon_core.environment:checking '/home/rsa2021/starter_code/install/zbar_ros/bin'
[0.785s] Level 1:colcon.colcon_core.environment:checking '/home/rsa2021/starter_code/install/zbar_ros/lib/pkgconfig/zbar_ros.pc'
[0.786s] Level 1:colcon.colcon_core.environment:checking '/home/rsa2021/starter_code/install/zbar_ros/lib/python3.8/site-packages'
[0.788s] INFO:colcon.colcon_core.shell:Creating package script '/home/rsa2021/starter_code/install/zbar_ros/share/zbar_ros/package.ps1'
[0.789s] INFO:colcon.colcon_core.shell:Creating package descriptor '/home/rsa2021/starter_code/install/zbar_ros/share/zbar_ros/package.dsv'
[0.789s] INFO:colcon.colcon_core.shell:Creating package script '/home/rsa2021/starter_code/install/zbar_ros/share/zbar_ros/package.sh'
[0.790s] INFO:colcon.colcon_core.shell:Creating package script '/home/rsa2021/starter_code/install/zbar_ros/share/zbar_ros/package.bash'
[0.790s] INFO:colcon.colcon_core.shell:Creating package script '/home/rsa2021/starter_code/install/zbar_ros/share/zbar_ros/package.zsh'
[0.791s] Level 1:colcon.colcon_core.environment:create_file_with_runtime_dependencies(/home/rsa2021/starter_code/install/zbar_ros/share/colcon-core/packages/zbar_ros)
[3.049s] DEBUG:colcon.colcon_core.event_handler.log_command:Invoked command in '/home/rsa2021/starter_code/build/lidar' returned '2': CMAKE_PREFIX_PATH=/opt/ros/foxy /usr/bin/cmake --build /home/rsa2021/starter_code/build/lidar -- -j4 -l4
[3.081s] Level 1:colcon.colcon_core.environment:create_environment_scripts_only(lidar)
[3.082s] Level 1:colcon.colcon_core.environment:checking '/home/rsa2021/starter_code/install/lidar' for CMake module files
[3.082s] Level 1:colcon.colcon_core.environment:checking '/home/rsa2021/starter_code/install/lidar' for CMake config files
[3.082s] Level 1:colcon.colcon_core.shell:create_environment_hook('lidar', 'cmake_prefix_path')
[3.083s] INFO:colcon.colcon_core.shell:Creating environment hook '/home/rsa2021/starter_code/install/lidar/share/lidar/hook/cmake_prefix_path.ps1'
[3.083s] INFO:colcon.colcon_core.shell:Creating environment descriptor '/home/rsa2021/starter_code/install/lidar/share/lidar/hook/cmake_prefix_path.dsv'
[3.084s] INFO:colcon.colcon_core.shell:Creating environment hook '/home/rsa2021/starter_code/install/lidar/share/lidar/hook/cmake_prefix_path.sh'
[3.084s] Level 1:colcon.colcon_core.environment:checking '/home/rsa2021/starter_code/install/lidar/lib'
[3.084s] Level 1:colcon.colcon_core.environment:checking '/home/rsa2021/starter_code/install/lidar/bin'
[3.084s] Level 1:colcon.colcon_core.environment:checking '/home/rsa2021/starter_code/install/lidar/lib/pkgconfig/lidar.pc'
[3.084s] Level 1:colcon.colcon_core.environment:checking '/home/rsa2021/starter_code/install/lidar/lib/python3.8/site-packages'
[3.085s] INFO:colcon.colcon_core.shell:Creating package script '/home/rsa2021/starter_code/install/lidar/share/lidar/package.ps1'
[3.085s] INFO:colcon.colcon_core.shell:Creating package descriptor '/home/rsa2021/starter_code/install/lidar/share/lidar/package.dsv'
[3.086s] INFO:colcon.colcon_core.shell:Creating package script '/home/rsa2021/starter_code/install/lidar/share/lidar/package.sh'
[3.087s] INFO:colcon.colcon_core.shell:Creating package script '/home/rsa2021/starter_code/install/lidar/share/lidar/package.bash'
[3.087s] INFO:colcon.colcon_core.shell:Creating package script '/home/rsa2021/starter_code/install/lidar/share/lidar/package.zsh'
[3.087s] Level 1:colcon.colcon_core.environment:create_file_with_runtime_dependencies(/home/rsa2021/starter_code/install/lidar/share/colcon-core/packages/lidar)
[3.099s] DEBUG:colcon.colcon_parallel_executor.executor.parallel:closing loop
[3.099s] DEBUG:colcon.colcon_parallel_executor.executor.parallel:loop closed
[3.099s] DEBUG:colcon.colcon_parallel_executor.executor.parallel:run_until_complete finished with '2'
[3.100s] DEBUG:colcon.colcon_core.event_reactor:joining thread
[3.107s] INFO:colcon.colcon_core.plugin_system:Skipping extension 'colcon_notification.desktop_notification.terminal_notifier': Not used on non-Darwin systems
[3.107s] INFO:colcon.colcon_core.plugin_system:Skipping extension 'colcon_notification.desktop_notification.win32': Not used on non-Windows systems
[3.107s] INFO:colcon.colcon_notification.desktop_notification:Sending desktop notification using 'notify2'
[3.124s] DEBUG:colcon.colcon_core.event_reactor:joined thread
[3.124s] INFO:colcon.colcon_core.shell:Creating prefix script '/home/rsa2021/starter_code/install/local_setup.ps1'
[3.125s] INFO:colcon.colcon_core.shell:Creating prefix util module '/home/rsa2021/starter_code/install/_local_setup_util_ps1.py'
[3.126s] INFO:colcon.colcon_core.shell:Creating prefix chain script '/home/rsa2021/starter_code/install/setup.ps1'
[3.128s] INFO:colcon.colcon_core.shell:Creating prefix script '/home/rsa2021/starter_code/install/local_setup.sh'
[3.129s] INFO:colcon.colcon_core.shell:Creating prefix util module '/home/rsa2021/starter_code/install/_local_setup_util_sh.py'
[3.129s] INFO:colcon.colcon_core.shell:Creating prefix chain script '/home/rsa2021/starter_code/install/setup.sh'
[3.131s] INFO:colcon.colcon_core.shell:Creating prefix script '/home/rsa2021/starter_code/install/local_setup.bash'
[3.132s] INFO:colcon.colcon_core.shell:Creating prefix chain script '/home/rsa2021/starter_code/install/setup.bash'
[3.133s] INFO:colcon.colcon_core.shell:Creating prefix script '/home/rsa2021/starter_code/install/local_setup.zsh'
[3.134s] INFO:colcon.colcon_core.shell:Creating prefix chain script '/home/rsa2021/starter_code/install/setup.zsh'
