[0.024s] Invoking command in '/home/rsa2021/starter_code/build/lidar': CMAKE_PREFIX_PATH=/opt/ros/foxy /usr/bin/cmake --build /home/rsa2021/starter_code/build/lidar -- -j4 -l4
[0.068s] [35m[1mScanning dependencies of target lidar[0m
[0.090s] [ 50%] [32mBuilding CXX object CMakeFiles/lidar.dir/src/lidar_main.cpp.o[0m
[4.468s] [100%] [32m[1mLinking CXX executable lidar[0m
[4.679s] [100%] Built target lidar
[4.689s] Invoked command in '/home/rsa2021/starter_code/build/lidar' returned '0': CMAKE_PREFIX_PATH=/opt/ros/foxy /usr/bin/cmake --build /home/rsa2021/starter_code/build/lidar -- -j4 -l4
[4.718s] Invoking command in '/home/rsa2021/starter_code/build/lidar': CMAKE_PREFIX_PATH=/opt/ros/foxy /usr/bin/cmake --install /home/rsa2021/starter_code/build/lidar
[4.727s] -- Install configuration: ""
[4.728s] -- Installing: /home/rsa2021/starter_code/install/lidar/lib/lidar/lidar
[4.730s] -- Set runtime path of "/home/rsa2021/starter_code/install/lidar/lib/lidar/lidar" to ""
[4.730s] -- Installing: /home/rsa2021/starter_code/install/lidar/share/ament_index/resource_index/package_run_dependencies/lidar
[4.731s] -- Up-to-date: /home/rsa2021/starter_code/install/lidar/share/ament_index/resource_index/parent_prefix_path/lidar
[4.731s] -- Up-to-date: /home/rsa2021/starter_code/install/lidar/share/lidar/environment/ament_prefix_path.sh
[4.731s] -- Installing: /home/rsa2021/starter_code/install/lidar/share/lidar/environment/ament_prefix_path.dsv
[4.732s] -- Up-to-date: /home/rsa2021/starter_code/install/lidar/share/lidar/environment/path.sh
[4.732s] -- Installing: /home/rsa2021/starter_code/install/lidar/share/lidar/environment/path.dsv
[4.733s] -- Up-to-date: /home/rsa2021/starter_code/install/lidar/share/lidar/local_setup.bash
[4.733s] -- Up-to-date: /home/rsa2021/starter_code/install/lidar/share/lidar/local_setup.sh
[4.733s] -- Up-to-date: /home/rsa2021/starter_code/install/lidar/share/lidar/local_setup.zsh
[4.733s] -- Installing: /home/rsa2021/starter_code/install/lidar/share/lidar/local_setup.dsv
[4.734s] -- Installing: /home/rsa2021/starter_code/install/lidar/share/lidar/package.dsv
[4.734s] -- Up-to-date: /home/rsa2021/starter_code/install/lidar/share/ament_index/resource_index/packages/lidar
[4.734s] -- Up-to-date: /home/rsa2021/starter_code/install/lidar/share/lidar/cmake/lidarConfig.cmake
[4.735s] -- Up-to-date: /home/rsa2021/starter_code/install/lidar/share/lidar/cmake/lidarConfig-version.cmake
[4.735s] -- Installing: /home/rsa2021/starter_code/install/lidar/share/lidar/package.xml
[4.738s] Invoked command in '/home/rsa2021/starter_code/build/lidar' returned '0': CMAKE_PREFIX_PATH=/opt/ros/foxy /usr/bin/cmake --install /home/rsa2021/starter_code/build/lidar
