[0.021s] Invoking command in '/home/rsa2021/starter_code/build/lidar': CMAKE_PREFIX_PATH=${CMAKE_PREFIX_PATH}:/opt/ros/foxy /usr/bin/cmake --build /home/rsa2021/starter_code/build/lidar -- -j4 -l4
[0.049s] -- Found ament_cmake: 0.9.8 (/opt/ros/foxy/share/ament_cmake/cmake)
[0.070s] -- Using PYTHON_EXECUTABLE: /usr/bin/python3
[0.288s] -- Found rclcpp: 2.3.1 (/opt/ros/foxy/share/rclcpp/cmake)
[0.317s] -- Using all available rosidl_typesupport_c: rosidl_typesupport_fastrtps_c;rosidl_typesupport_introspection_c
[0.320s] -- Found rosidl_adapter: 1.2.1 (/opt/ros/foxy/share/rosidl_adapter/cmake)
[0.430s] -- Using all available rosidl_typesupport_cpp: rosidl_typesupport_fastrtps_cpp;rosidl_typesupport_introspection_cpp
[0.471s] -- Found rmw_implementation_cmake: 1.0.3 (/opt/ros/foxy/share/rmw_implementation_cmake/cmake)
[0.472s] -- Using RMW implementation 'rmw_fastrtps_cpp' as default
[0.612s] CMake Error at CMakeLists.txt:21 (find_package):
[0.612s]   By not providing "Findstd_msg.cmake" in CMAKE_MODULE_PATH this project has
[0.612s]   asked CMake to find a package configuration file provided by "std_msg", but
[0.612s]   CMake did not find one.
[0.612s] 
[0.612s]   Could not find a package configuration file provided by "std_msg" with any
[0.612s]   of the following names:
[0.612s] 
[0.613s]     std_msgConfig.cmake
[0.613s]     std_msg-config.cmake
[0.613s] 
[0.613s]   Add the installation prefix of "std_msg" to CMAKE_PREFIX_PATH or set
[0.613s]   "std_msg_DIR" to a directory containing one of the above files.  If
[0.613s]   "std_msg" provides a separate development package or SDK, be sure it has
[0.613s]   been installed.
[0.613s] 
[0.613s] 
[0.613s] -- Configuring incomplete, errors occurred!
[0.614s] See also "/home/rsa2021/starter_code/build/lidar/CMakeFiles/CMakeOutput.log".
[0.614s] See also "/home/rsa2021/starter_code/build/lidar/CMakeFiles/CMakeError.log".
[0.619s] make: *** [Makefile:266: cmake_check_build_system] Error 1
[0.620s] Invoked command in '/home/rsa2021/starter_code/build/lidar' returned '2': CMAKE_PREFIX_PATH=${CMAKE_PREFIX_PATH}:/opt/ros/foxy /usr/bin/cmake --build /home/rsa2021/starter_code/build/lidar -- -j4 -l4
