[0.025s] Invoking command in '/home/rsa2021/starter_code/build/lidar': CMAKE_PREFIX_PATH=${CMAKE_PREFIX_PATH}:/opt/ros/foxy /usr/bin/cmake --build /home/rsa2021/starter_code/build/lidar -- -j4 -l4
[0.051s] -- Found ament_cmake: 0.9.8 (/opt/ros/foxy/share/ament_cmake/cmake)
[0.072s] -- Using PYTHON_EXECUTABLE: /usr/bin/python3
[0.293s] -- Found rclcpp: 2.3.1 (/opt/ros/foxy/share/rclcpp/cmake)
[0.364s] -- Using all available rosidl_typesupport_c: rosidl_typesupport_fastrtps_c;rosidl_typesupport_introspection_c
[0.373s] -- Found rosidl_adapter: 1.2.1 (/opt/ros/foxy/share/rosidl_adapter/cmake)
[0.475s] -- Found OpenSSL: /usr/lib/x86_64-linux-gnu/libcrypto.so (found version "1.1.1f")  
[0.505s] -- Found FastRTPS: /opt/ros/foxy/include  
[0.596s] -- Using all available rosidl_typesupport_cpp: rosidl_typesupport_fastrtps_cpp;rosidl_typesupport_introspection_cpp
[0.665s] -- Found rmw_implementation_cmake: 1.0.3 (/opt/ros/foxy/share/rmw_implementation_cmake/cmake)
[0.668s] -- Using RMW implementation 'rmw_fastrtps_cpp' as default
[0.669s] -- Looking for pthread.h
[0.740s] -- Looking for pthread.h - found
[0.740s] -- Performing Test CMAKE_HAVE_LIBC_PTHREAD
[0.815s] -- Performing Test CMAKE_HAVE_LIBC_PTHREAD - Failed
[0.815s] -- Looking for pthread_create in pthreads
[0.866s] -- Looking for pthread_create in pthreads - not found
[0.866s] -- Looking for pthread_create in pthread
[0.934s] -- Looking for pthread_create in pthread - found
[0.935s] -- Found Threads: TRUE  
[1.093s] CMake Error at CMakeLists.txt:29 (target_include_directories):
[1.093s]   Cannot specify include directories for target "lidar_node" which is not
[1.093s]   built by this project.
[1.093s] 
[1.093s] 
[1.093s] CMake Error at CMakeLists.txt:33 (install):
[1.093s]   install TARGETS given target "lidar_node" which does not exist.
[1.093s] 
[1.093s] 
[1.093s] -- Found ament_lint_auto: 0.9.6 (/opt/ros/foxy/share/ament_lint_auto/cmake)
[1.160s] -- Added test 'copyright' to check source files copyright and LICENSE
[1.161s] -- Added test 'cppcheck' to perform static code analysis on C / C++ code
[1.162s] -- Configured cppcheck include dirs: 
[1.162s] -- Configured cppcheck exclude dirs and/or files: 
[1.162s] -- Added test 'cpplint' to check C / C++ code against the Google style
[1.163s] -- Configured cpplint exclude dirs and/or files: 
[1.163s] -- Added test 'lint_cmake' to check CMake code style
[1.164s] -- Added test 'uncrustify' to check C / C++ code style
[1.164s] -- Configured uncrustify additional arguments: 
[1.164s] -- Added test 'xmllint' to check XML markup files
[1.166s] -- Configuring incomplete, errors occurred!
[1.166s] See also "/home/rsa2021/starter_code/build/lidar/CMakeFiles/CMakeOutput.log".
[1.167s] See also "/home/rsa2021/starter_code/build/lidar/CMakeFiles/CMakeError.log".
[1.173s] make: *** [Makefile:266: cmake_check_build_system] Error 1
[1.176s] Invoked command in '/home/rsa2021/starter_code/build/lidar' returned '2': CMAKE_PREFIX_PATH=${CMAKE_PREFIX_PATH}:/opt/ros/foxy /usr/bin/cmake --build /home/rsa2021/starter_code/build/lidar -- -j4 -l4
