[0.303s] DEBUG:colcon:Command line arguments: ['/usr/bin/colcon', 'build']
[0.303s] DEBUG:colcon:Parsed command line arguments: Namespace(ament_cmake_args=None, base_paths=['.'], build_base='build', catkin_cmake_args=None, catkin_skip_building_tests=False, cmake_args=None, cmake_clean_cache=False, cmake_clean_first=False, cmake_force_configure=False, cmake_target=None, cmake_target_skip_unavailable=False, continue_on_error=False, event_handlers=None, executor='parallel', ignore_user_meta=False, install_base='install', log_base=None, log_level=None, main=<bound method BuildVerb.main of <colcon_core.verb.build.BuildVerb object at 0x7f7ea84019a0>>, merge_install=False, metas=['./colcon.meta'], packages_above=None, packages_above_and_dependencies=None, packages_above_depth=None, packages_end=None, packages_ignore=None, packages_ignore_regex=None, packages_select=None, packages_select_build_failed=False, packages_select_by_dep=None, packages_select_regex=None, packages_select_test_failures=False, packages_skip=None, packages_skip_build_finished=False, packages_skip_by_dep=None, packages_skip_regex=None, packages_skip_test_passed=False, packages_skip_up_to=None, packages_start=None, packages_up_to=None, packages_up_to_regex=None, parallel_workers=4, paths=None, symlink_install=False, test_result_base=None, verb_extension=<colcon_core.verb.build.BuildVerb object at 0x7f7ea84019a0>, verb_name='build', verb_parser=<colcon_defaults.argument_parser.defaults.DefaultArgumentsDecorator object at 0x7f7ea8401f10>)
[0.312s] Level 1:colcon.colcon_core.package_discovery:discover_packages(colcon_meta) check parameters
[0.312s] Level 1:colcon.colcon_core.package_discovery:discover_packages(recursive) check parameters
[0.312s] Level 1:colcon.colcon_core.package_discovery:discover_packages(ignore) check parameters
[0.312s] Level 1:colcon.colcon_core.package_discovery:discover_packages(path) check parameters
[0.312s] Level 1:colcon.colcon_core.package_discovery:discover_packages(colcon_meta) discover
[0.313s] Level 1:colcon.colcon_core.package_discovery:discover_packages(recursive) discover
[0.313s] INFO:colcon.colcon_core.package_discovery:Crawling recursively for packages in '/home/rsa2021/starter_code'
[0.313s] Level 1:colcon.colcon_core.package_identification:_identify(.) by extensions ['ignore', 'ignore_ament_install']
[0.313s] Level 1:colcon.colcon_core.package_identification:_identify(.) by extension 'ignore'
[0.313s] Level 1:colcon.colcon_core.package_identification:_identify(.) by extension 'ignore_ament_install'
[0.313s] Level 1:colcon.colcon_core.package_identification:_identify(.) by extensions ['colcon_pkg']
[0.313s] Level 1:colcon.colcon_core.package_identification:_identify(.) by extension 'colcon_pkg'
[0.313s] Level 1:colcon.colcon_core.package_identification:_identify(.) by extensions ['colcon_meta']
[0.313s] Level 1:colcon.colcon_core.package_identification:_identify(.) by extension 'colcon_meta'
[0.313s] Level 1:colcon.colcon_core.package_identification:_identify(.) by extensions ['ros']
[0.313s] Level 1:colcon.colcon_core.package_identification:_identify(.) by extension 'ros'
[0.339s] Level 1:colcon.colcon_core.package_identification:_identify(.) by extensions ['cmake', 'python']
[0.339s] Level 1:colcon.colcon_core.package_identification:_identify(.) by extension 'cmake'
[0.339s] Level 1:colcon.colcon_core.package_identification:_identify(.) by extension 'python'
[0.339s] Level 1:colcon.colcon_core.package_identification:_identify(.) by extensions ['python_setup_py']
[0.339s] Level 1:colcon.colcon_core.package_identification:_identify(.) by extension 'python_setup_py'
[0.339s] Level 1:colcon.colcon_core.package_identification:_identify(build) by extensions ['ignore', 'ignore_ament_install']
[0.339s] Level 1:colcon.colcon_core.package_identification:_identify(build) by extension 'ignore'
[0.339s] Level 1:colcon.colcon_core.package_identification:_identify(build) ignored
[0.340s] Level 1:colcon.colcon_core.package_identification:_identify(install) by extensions ['ignore', 'ignore_ament_install']
[0.340s] Level 1:colcon.colcon_core.package_identification:_identify(install) by extension 'ignore'
[0.340s] Level 1:colcon.colcon_core.package_identification:_identify(install) ignored
[0.340s] Level 1:colcon.colcon_core.package_identification:_identify(log) by extensions ['ignore', 'ignore_ament_install']
[0.340s] Level 1:colcon.colcon_core.package_identification:_identify(log) by extension 'ignore'
[0.340s] Level 1:colcon.colcon_core.package_identification:_identify(log) ignored
[0.340s] Level 1:colcon.colcon_core.package_identification:_identify(src) by extensions ['ignore', 'ignore_ament_install']
[0.340s] Level 1:colcon.colcon_core.package_identification:_identify(src) by extension 'ignore'
[0.340s] Level 1:colcon.colcon_core.package_identification:_identify(src) by extension 'ignore_ament_install'
[0.340s] Level 1:colcon.colcon_core.package_identification:_identify(src) by extensions ['colcon_pkg']
[0.340s] Level 1:colcon.colcon_core.package_identification:_identify(src) by extension 'colcon_pkg'
[0.340s] Level 1:colcon.colcon_core.package_identification:_identify(src) by extensions ['colcon_meta']
[0.340s] Level 1:colcon.colcon_core.package_identification:_identify(src) by extension 'colcon_meta'
[0.340s] Level 1:colcon.colcon_core.package_identification:_identify(src) by extensions ['ros']
[0.340s] Level 1:colcon.colcon_core.package_identification:_identify(src) by extension 'ros'
[0.340s] Level 1:colcon.colcon_core.package_identification:_identify(src) by extensions ['cmake', 'python']
[0.341s] Level 1:colcon.colcon_core.package_identification:_identify(src) by extension 'cmake'
[0.341s] Level 1:colcon.colcon_core.package_identification:_identify(src) by extension 'python'
[0.341s] Level 1:colcon.colcon_core.package_identification:_identify(src) by extensions ['python_setup_py']
[0.341s] Level 1:colcon.colcon_core.package_identification:_identify(src) by extension 'python_setup_py'
[0.341s] Level 1:colcon.colcon_core.package_identification:_identify(src/comp3431-rsa) by extensions ['ignore', 'ignore_ament_install']
[0.341s] Level 1:colcon.colcon_core.package_identification:_identify(src/comp3431-rsa) by extension 'ignore'
[0.341s] Level 1:colcon.colcon_core.package_identification:_identify(src/comp3431-rsa) by extension 'ignore_ament_install'
[0.341s] Level 1:colcon.colcon_core.package_identification:_identify(src/comp3431-rsa) by extensions ['colcon_pkg']
[0.341s] Level 1:colcon.colcon_core.package_identification:_identify(src/comp3431-rsa) by extension 'colcon_pkg'
[0.341s] Level 1:colcon.colcon_core.package_identification:_identify(src/comp3431-rsa) by extensions ['colcon_meta']
[0.341s] Level 1:colcon.colcon_core.package_identification:_identify(src/comp3431-rsa) by extension 'colcon_meta'
[0.341s] Level 1:colcon.colcon_core.package_identification:_identify(src/comp3431-rsa) by extensions ['ros']
[0.341s] Level 1:colcon.colcon_core.package_identification:_identify(src/comp3431-rsa) by extension 'ros'
[0.341s] Level 1:colcon.colcon_core.package_identification:_identify(src/comp3431-rsa) by extensions ['cmake', 'python']
[0.341s] Level 1:colcon.colcon_core.package_identification:_identify(src/comp3431-rsa) by extension 'cmake'
[0.341s] Level 1:colcon.colcon_core.package_identification:_identify(src/comp3431-rsa) by extension 'python'
[0.341s] Level 1:colcon.colcon_core.package_identification:_identify(src/comp3431-rsa) by extensions ['python_setup_py']
[0.341s] Level 1:colcon.colcon_core.package_identification:_identify(src/comp3431-rsa) by extension 'python_setup_py'
[0.341s] Level 1:colcon.colcon_core.package_identification:_identify(src/comp3431-rsa/comp3431_starter) by extensions ['ignore', 'ignore_ament_install']
[0.342s] Level 1:colcon.colcon_core.package_identification:_identify(src/comp3431-rsa/comp3431_starter) by extension 'ignore'
[0.342s] Level 1:colcon.colcon_core.package_identification:_identify(src/comp3431-rsa/comp3431_starter) by extension 'ignore_ament_install'
[0.342s] Level 1:colcon.colcon_core.package_identification:_identify(src/comp3431-rsa/comp3431_starter) by extensions ['colcon_pkg']
[0.342s] Level 1:colcon.colcon_core.package_identification:_identify(src/comp3431-rsa/comp3431_starter) by extension 'colcon_pkg'
[0.342s] Level 1:colcon.colcon_core.package_identification:_identify(src/comp3431-rsa/comp3431_starter) by extensions ['colcon_meta']
[0.342s] Level 1:colcon.colcon_core.package_identification:_identify(src/comp3431-rsa/comp3431_starter) by extension 'colcon_meta'
[0.342s] Level 1:colcon.colcon_core.package_identification:_identify(src/comp3431-rsa/comp3431_starter) by extensions ['ros']
[0.342s] Level 1:colcon.colcon_core.package_identification:_identify(src/comp3431-rsa/comp3431_starter) by extension 'ros'
[0.348s] DEBUG:colcon.colcon_core.package_identification:Package 'src/comp3431-rsa/comp3431_starter' with type 'ros.ament_cmake' and name 'comp3431_starter'
[0.349s] Level 1:colcon.colcon_core.package_identification:_identify(src/lidar) by extensions ['ignore', 'ignore_ament_install']
[0.349s] Level 1:colcon.colcon_core.package_identification:_identify(src/lidar) by extension 'ignore'
[0.349s] Level 1:colcon.colcon_core.package_identification:_identify(src/lidar) by extension 'ignore_ament_install'
[0.349s] Level 1:colcon.colcon_core.package_identification:_identify(src/lidar) by extensions ['colcon_pkg']
[0.349s] Level 1:colcon.colcon_core.package_identification:_identify(src/lidar) by extension 'colcon_pkg'
[0.349s] Level 1:colcon.colcon_core.package_identification:_identify(src/lidar) by extensions ['colcon_meta']
[0.349s] Level 1:colcon.colcon_core.package_identification:_identify(src/lidar) by extension 'colcon_meta'
[0.349s] Level 1:colcon.colcon_core.package_identification:_identify(src/lidar) by extensions ['ros']
[0.349s] Level 1:colcon.colcon_core.package_identification:_identify(src/lidar) by extension 'ros'
[0.349s] DEBUG:colcon.colcon_core.package_identification:Package 'src/lidar' with type 'ros.ament_cmake' and name 'lidar'
[0.349s] Level 1:colcon.colcon_core.package_identification:_identify(src/zbar_ros) by extensions ['ignore', 'ignore_ament_install']
[0.350s] Level 1:colcon.colcon_core.package_identification:_identify(src/zbar_ros) by extension 'ignore'
[0.350s] Level 1:colcon.colcon_core.package_identification:_identify(src/zbar_ros) by extension 'ignore_ament_install'
[0.350s] Level 1:colcon.colcon_core.package_identification:_identify(src/zbar_ros) by extensions ['colcon_pkg']
[0.350s] Level 1:colcon.colcon_core.package_identification:_identify(src/zbar_ros) by extension 'colcon_pkg'
[0.350s] Level 1:colcon.colcon_core.package_identification:_identify(src/zbar_ros) by extensions ['colcon_meta']
[0.350s] Level 1:colcon.colcon_core.package_identification:_identify(src/zbar_ros) by extension 'colcon_meta'
[0.350s] Level 1:colcon.colcon_core.package_identification:_identify(src/zbar_ros) by extensions ['ros']
[0.350s] Level 1:colcon.colcon_core.package_identification:_identify(src/zbar_ros) by extension 'ros'
[0.350s] DEBUG:colcon.colcon_core.package_identification:Package 'src/zbar_ros' with type 'ros.ament_cmake' and name 'zbar_ros'
[0.351s] Level 1:colcon.colcon_core.package_discovery:discover_packages(recursive) using defaults
[0.351s] Level 1:colcon.colcon_core.package_discovery:discover_packages(ignore) discover
[0.351s] Level 1:colcon.colcon_core.package_discovery:discover_packages(ignore) using defaults
[0.351s] Level 1:colcon.colcon_core.package_discovery:discover_packages(path) discover
[0.351s] Level 1:colcon.colcon_core.package_discovery:discover_packages(path) using defaults
[0.380s] Level 5:colcon.colcon_core.verb:set package 'comp3431_starter' build argument 'cmake_args' from command line to 'None'
[0.380s] Level 5:colcon.colcon_core.verb:set package 'comp3431_starter' build argument 'cmake_target' from command line to 'None'
[0.380s] Level 5:colcon.colcon_core.verb:set package 'comp3431_starter' build argument 'cmake_target_skip_unavailable' from command line to 'False'
[0.380s] Level 5:colcon.colcon_core.verb:set package 'comp3431_starter' build argument 'cmake_clean_cache' from command line to 'False'
[0.380s] Level 5:colcon.colcon_core.verb:set package 'comp3431_starter' build argument 'cmake_clean_first' from command line to 'False'
[0.380s] Level 5:colcon.colcon_core.verb:set package 'comp3431_starter' build argument 'cmake_force_configure' from command line to 'False'
[0.380s] Level 5:colcon.colcon_core.verb:set package 'comp3431_starter' build argument 'ament_cmake_args' from command line to 'None'
[0.380s] Level 5:colcon.colcon_core.verb:set package 'comp3431_starter' build argument 'catkin_cmake_args' from command line to 'None'
[0.380s] Level 5:colcon.colcon_core.verb:set package 'comp3431_starter' build argument 'catkin_skip_building_tests' from command line to 'False'
[0.380s] DEBUG:colcon.colcon_core.verb:Building package 'comp3431_starter' with the following arguments: {'ament_cmake_args': None, 'build_base': '/home/rsa2021/starter_code/build/comp3431_starter', 'catkin_cmake_args': None, 'catkin_skip_building_tests': False, 'cmake_args': None, 'cmake_clean_cache': False, 'cmake_clean_first': False, 'cmake_force_configure': False, 'cmake_target': None, 'cmake_target_skip_unavailable': False, 'install_base': '/home/rsa2021/starter_code/install/comp3431_starter', 'merge_install': False, 'path': '/home/rsa2021/starter_code/src/comp3431-rsa/comp3431_starter', 'symlink_install': False, 'test_result_base': None}
[0.382s] Level 5:colcon.colcon_core.verb:set package 'lidar' build argument 'cmake_args' from command line to 'None'
[0.382s] Level 5:colcon.colcon_core.verb:set package 'lidar' build argument 'cmake_target' from command line to 'None'
[0.382s] Level 5:colcon.colcon_core.verb:set package 'lidar' build argument 'cmake_target_skip_unavailable' from command line to 'False'
[0.382s] Level 5:colcon.colcon_core.verb:set package 'lidar' build argument 'cmake_clean_cache' from command line to 'False'
[0.382s] Level 5:colcon.colcon_core.verb:set package 'lidar' build argument 'cmake_clean_first' from command line to 'False'
[0.382s] Level 5:colcon.colcon_core.verb:set package 'lidar' build argument 'cmake_force_configure' from command line to 'False'
[0.382s] Level 5:colcon.colcon_core.verb:set package 'lidar' build argument 'ament_cmake_args' from command line to 'None'
[0.382s] Level 5:colcon.colcon_core.verb:set package 'lidar' build argument 'catkin_cmake_args' from command line to 'None'
[0.382s] Level 5:colcon.colcon_core.verb:set package 'lidar' build argument 'catkin_skip_building_tests' from command line to 'False'
[0.382s] DEBUG:colcon.colcon_core.verb:Building package 'lidar' with the following arguments: {'ament_cmake_args': None, 'build_base': '/home/rsa2021/starter_code/build/lidar', 'catkin_cmake_args': None, 'catkin_skip_building_tests': False, 'cmake_args': None, 'cmake_clean_cache': False, 'cmake_clean_first': False, 'cmake_force_configure': False, 'cmake_target': None, 'cmake_target_skip_unavailable': False, 'install_base': '/home/rsa2021/starter_code/install/lidar', 'merge_install': False, 'path': '/home/rsa2021/starter_code/src/lidar', 'symlink_install': False, 'test_result_base': None}
[0.384s] Level 5:colcon.colcon_core.verb:set package 'zbar_ros' build argument 'cmake_args' from command line to 'None'
[0.384s] Level 5:colcon.colcon_core.verb:set package 'zbar_ros' build argument 'cmake_target' from command line to 'None'
[0.384s] Level 5:colcon.colcon_core.verb:set package 'zbar_ros' build argument 'cmake_target_skip_unavailable' from command line to 'False'
[0.384s] Level 5:colcon.colcon_core.verb:set package 'zbar_ros' build argument 'cmake_clean_cache' from command line to 'False'
[0.384s] Level 5:colcon.colcon_core.verb:set package 'zbar_ros' build argument 'cmake_clean_first' from command line to 'False'
[0.384s] Level 5:colcon.colcon_core.verb:set package 'zbar_ros' build argument 'cmake_force_configure' from command line to 'False'
[0.384s] Level 5:colcon.colcon_core.verb:set package 'zbar_ros' build argument 'ament_cmake_args' from command line to 'None'
[0.384s] Level 5:colcon.colcon_core.verb:set package 'zbar_ros' build argument 'catkin_cmake_args' from command line to 'None'
[0.384s] Level 5:colcon.colcon_core.verb:set package 'zbar_ros' build argument 'catkin_skip_building_tests' from command line to 'False'
[0.384s] DEBUG:colcon.colcon_core.verb:Building package 'zbar_ros' with the following arguments: {'ament_cmake_args': None, 'build_base': '/home/rsa2021/starter_code/build/zbar_ros', 'catkin_cmake_args': None, 'catkin_skip_building_tests': False, 'cmake_args': None, 'cmake_clean_cache': False, 'cmake_clean_first': False, 'cmake_force_configure': False, 'cmake_target': None, 'cmake_target_skip_unavailable': False, 'install_base': '/home/rsa2021/starter_code/install/zbar_ros', 'merge_install': False, 'path': '/home/rsa2021/starter_code/src/zbar_ros', 'symlink_install': False, 'test_result_base': None}
[0.385s] INFO:colcon.colcon_core.executor:Executing jobs using 'parallel' executor
[0.386s] DEBUG:colcon.colcon_parallel_executor.executor.parallel:run_until_complete
[0.387s] INFO:colcon.colcon_ros.task.ament_cmake.build:Building ROS package in '/home/rsa2021/starter_code/src/comp3431-rsa/comp3431_starter' with build type 'ament_cmake'
[0.387s] INFO:colcon.colcon_cmake.task.cmake.build:Building CMake package in '/home/rsa2021/starter_code/src/comp3431-rsa/comp3431_starter'
[0.391s] INFO:colcon.colcon_core.plugin_system:Skipping extension 'colcon_core.shell.bat': Not used on non-Windows systems
[0.391s] INFO:colcon.colcon_core.shell:Skip shell extension 'powershell' for command environment: Not usable outside of PowerShell
[0.391s] DEBUG:colcon.colcon_core.shell:Skip shell extension 'dsv' for command environment
[0.393s] DEBUG:colcon.colcon_core.shell:Ignoring prefix path '/opt/ros/foxy'
[0.396s] INFO:colcon.colcon_ros.task.ament_cmake.build:Building ROS package in '/home/rsa2021/starter_code/src/lidar' with build type 'ament_cmake'
[0.396s] INFO:colcon.colcon_cmake.task.cmake.build:Building CMake package in '/home/rsa2021/starter_code/src/lidar'
[0.397s] INFO:colcon.colcon_core.shell:Skip shell extension 'powershell' for command environment: Not usable outside of PowerShell
[0.397s] DEBUG:colcon.colcon_core.shell:Skip shell extension 'dsv' for command environment
[0.399s] DEBUG:colcon.colcon_core.shell:Ignoring prefix path '/opt/ros/foxy'
[0.402s] INFO:colcon.colcon_ros.task.ament_cmake.build:Building ROS package in '/home/rsa2021/starter_code/src/zbar_ros' with build type 'ament_cmake'
[0.402s] INFO:colcon.colcon_cmake.task.cmake.build:Building CMake package in '/home/rsa2021/starter_code/src/zbar_ros'
[0.403s] INFO:colcon.colcon_core.shell:Skip shell extension 'powershell' for command environment: Not usable outside of PowerShell
[0.403s] DEBUG:colcon.colcon_core.shell:Skip shell extension 'dsv' for command environment
[0.405s] DEBUG:colcon.colcon_core.shell:Ignoring prefix path '/opt/ros/foxy'
[0.417s] DEBUG:colcon.colcon_core.event_handler.log_command:Invoking command in '/home/rsa2021/starter_code/build/comp3431_starter': CMAKE_PREFIX_PATH=${CMAKE_PREFIX_PATH}:/opt/ros/foxy /usr/bin/cmake --build /home/rsa2021/starter_code/build/comp3431_starter -- -j4 -l4
[0.422s] DEBUG:colcon.colcon_core.event_handler.log_command:Invoking command in '/home/rsa2021/starter_code/build/lidar': CMAKE_PREFIX_PATH=${CMAKE_PREFIX_PATH}:/opt/ros/foxy /usr/bin/cmake --build /home/rsa2021/starter_code/build/lidar -- -j4 -l4
[0.438s] DEBUG:colcon.colcon_core.event_handler.log_command:Invoking command in '/home/rsa2021/starter_code/build/zbar_ros': CMAKE_PREFIX_PATH=${CMAKE_PREFIX_PATH}:/opt/ros/foxy /usr/bin/cmake --build /home/rsa2021/starter_code/build/zbar_ros -- -j4 -l4
[0.493s] DEBUG:colcon.colcon_core.event_handler.log_command:Invoked command in '/home/rsa2021/starter_code/build/comp3431_starter' returned '0': CMAKE_PREFIX_PATH=${CMAKE_PREFIX_PATH}:/opt/ros/foxy /usr/bin/cmake --build /home/rsa2021/starter_code/build/comp3431_starter -- -j4 -l4
[0.539s] DEBUG:colcon.colcon_core.event_handler.log_command:Invoking command in '/home/rsa2021/starter_code/build/comp3431_starter': CMAKE_PREFIX_PATH=${CMAKE_PREFIX_PATH}:/opt/ros/foxy /usr/bin/cmake --install /home/rsa2021/starter_code/build/comp3431_starter
[0.550s] DEBUG:colcon.colcon_core.event_handler.log_command:Invoked command in '/home/rsa2021/starter_code/build/zbar_ros' returned '0': CMAKE_PREFIX_PATH=${CMAKE_PREFIX_PATH}:/opt/ros/foxy /usr/bin/cmake --build /home/rsa2021/starter_code/build/zbar_ros -- -j4 -l4
[0.571s] Level 1:colcon.colcon_core.environment:create_environment_scripts_only(comp3431_starter)
[0.572s] DEBUG:colcon.colcon_core.event_handler.log_command:Invoked command in '/home/rsa2021/starter_code/build/comp3431_starter' returned '0': CMAKE_PREFIX_PATH=${CMAKE_PREFIX_PATH}:/opt/ros/foxy /usr/bin/cmake --install /home/rsa2021/starter_code/build/comp3431_starter
[0.574s] Level 1:colcon.colcon_core.environment:checking '/home/rsa2021/starter_code/install/comp3431_starter' for CMake module files
[0.575s] Level 1:colcon.colcon_core.environment:checking '/home/rsa2021/starter_code/install/comp3431_starter' for CMake config files
[0.575s] Level 1:colcon.colcon_core.shell:create_environment_hook('comp3431_starter', 'cmake_prefix_path')
[0.576s] INFO:colcon.colcon_core.shell:Creating environment hook '/home/rsa2021/starter_code/install/comp3431_starter/share/comp3431_starter/hook/cmake_prefix_path.ps1'
[0.576s] INFO:colcon.colcon_core.shell:Creating environment descriptor '/home/rsa2021/starter_code/install/comp3431_starter/share/comp3431_starter/hook/cmake_prefix_path.dsv'
[0.577s] INFO:colcon.colcon_core.shell:Creating environment hook '/home/rsa2021/starter_code/install/comp3431_starter/share/comp3431_starter/hook/cmake_prefix_path.sh'
[0.578s] Level 1:colcon.colcon_core.environment:checking '/home/rsa2021/starter_code/install/comp3431_starter/lib'
[0.578s] Level 1:colcon.colcon_core.environment:checking '/home/rsa2021/starter_code/install/comp3431_starter/bin'
[0.578s] Level 1:colcon.colcon_core.environment:checking '/home/rsa2021/starter_code/install/comp3431_starter/lib/pkgconfig/comp3431_starter.pc'
[0.578s] Level 1:colcon.colcon_core.environment:checking '/home/rsa2021/starter_code/install/comp3431_starter/lib/python3.8/site-packages'
[0.579s] INFO:colcon.colcon_core.shell:Creating package script '/home/rsa2021/starter_code/install/comp3431_starter/share/comp3431_starter/package.ps1'
[0.580s] INFO:colcon.colcon_core.shell:Creating package descriptor '/home/rsa2021/starter_code/install/comp3431_starter/share/comp3431_starter/package.dsv'
[0.580s] INFO:colcon.colcon_core.shell:Creating package script '/home/rsa2021/starter_code/install/comp3431_starter/share/comp3431_starter/package.sh'
[0.581s] INFO:colcon.colcon_core.shell:Creating package script '/home/rsa2021/starter_code/install/comp3431_starter/share/comp3431_starter/package.bash'
[0.581s] INFO:colcon.colcon_core.shell:Creating package script '/home/rsa2021/starter_code/install/comp3431_starter/share/comp3431_starter/package.zsh'
[0.582s] Level 1:colcon.colcon_core.environment:create_file_with_runtime_dependencies(/home/rsa2021/starter_code/install/comp3431_starter/share/colcon-core/packages/comp3431_starter)
[0.591s] DEBUG:colcon.colcon_core.event_handler.log_command:Invoking command in '/home/rsa2021/starter_code/build/zbar_ros': CMAKE_PREFIX_PATH=${CMAKE_PREFIX_PATH}:/opt/ros/foxy /usr/bin/cmake --install /home/rsa2021/starter_code/build/zbar_ros
[0.602s] Level 1:colcon.colcon_core.environment:create_environment_scripts_only(zbar_ros)
[0.602s] Level 1:colcon.colcon_core.environment:checking '/home/rsa2021/starter_code/install/zbar_ros' for CMake module files
[0.603s] DEBUG:colcon.colcon_core.event_handler.log_command:Invoked command in '/home/rsa2021/starter_code/build/zbar_ros' returned '0': CMAKE_PREFIX_PATH=${CMAKE_PREFIX_PATH}:/opt/ros/foxy /usr/bin/cmake --install /home/rsa2021/starter_code/build/zbar_ros
[0.603s] Level 1:colcon.colcon_core.environment:checking '/home/rsa2021/starter_code/install/zbar_ros' for CMake config files
[0.604s] Level 1:colcon.colcon_core.shell:create_environment_hook('zbar_ros', 'cmake_prefix_path')
[0.604s] INFO:colcon.colcon_core.shell:Creating environment hook '/home/rsa2021/starter_code/install/zbar_ros/share/zbar_ros/hook/cmake_prefix_path.ps1'
[0.604s] INFO:colcon.colcon_core.shell:Creating environment descriptor '/home/rsa2021/starter_code/install/zbar_ros/share/zbar_ros/hook/cmake_prefix_path.dsv'
[0.605s] INFO:colcon.colcon_core.shell:Creating environment hook '/home/rsa2021/starter_code/install/zbar_ros/share/zbar_ros/hook/cmake_prefix_path.sh'
[0.605s] Level 1:colcon.colcon_core.environment:checking '/home/rsa2021/starter_code/install/zbar_ros/lib'
[0.606s] Level 1:colcon.colcon_core.environment:checking '/home/rsa2021/starter_code/install/zbar_ros/bin'
[0.606s] Level 1:colcon.colcon_core.environment:checking '/home/rsa2021/starter_code/install/zbar_ros/lib/pkgconfig/zbar_ros.pc'
[0.606s] Level 1:colcon.colcon_core.environment:checking '/home/rsa2021/starter_code/install/zbar_ros/lib/python3.8/site-packages'
[0.606s] INFO:colcon.colcon_core.shell:Creating package script '/home/rsa2021/starter_code/install/zbar_ros/share/zbar_ros/package.ps1'
[0.607s] INFO:colcon.colcon_core.shell:Creating package descriptor '/home/rsa2021/starter_code/install/zbar_ros/share/zbar_ros/package.dsv'
[0.607s] INFO:colcon.colcon_core.shell:Creating package script '/home/rsa2021/starter_code/install/zbar_ros/share/zbar_ros/package.sh'
[0.608s] INFO:colcon.colcon_core.shell:Creating package script '/home/rsa2021/starter_code/install/zbar_ros/share/zbar_ros/package.bash'
[0.608s] INFO:colcon.colcon_core.shell:Creating package script '/home/rsa2021/starter_code/install/zbar_ros/share/zbar_ros/package.zsh'
[0.608s] Level 1:colcon.colcon_core.environment:create_file_with_runtime_dependencies(/home/rsa2021/starter_code/install/zbar_ros/share/colcon-core/packages/zbar_ros)
[0.623s] Level 1:colcon.colcon_core.environment:create_environment_scripts_only(comp3431_starter)
[0.623s] Level 1:colcon.colcon_core.environment:checking '/home/rsa2021/starter_code/install/comp3431_starter' for CMake module files
[0.624s] Level 1:colcon.colcon_core.environment:checking '/home/rsa2021/starter_code/install/comp3431_starter' for CMake config files
[0.624s] Level 1:colcon.colcon_core.shell:create_environment_hook('comp3431_starter', 'cmake_prefix_path')
[0.624s] INFO:colcon.colcon_core.shell:Creating environment hook '/home/rsa2021/starter_code/install/comp3431_starter/share/comp3431_starter/hook/cmake_prefix_path.ps1'
[0.625s] INFO:colcon.colcon_core.shell:Creating environment descriptor '/home/rsa2021/starter_code/install/comp3431_starter/share/comp3431_starter/hook/cmake_prefix_path.dsv'
[0.625s] INFO:colcon.colcon_core.shell:Creating environment hook '/home/rsa2021/starter_code/install/comp3431_starter/share/comp3431_starter/hook/cmake_prefix_path.sh'
[0.626s] Level 1:colcon.colcon_core.environment:checking '/home/rsa2021/starter_code/install/comp3431_starter/lib'
[0.626s] Level 1:colcon.colcon_core.environment:checking '/home/rsa2021/starter_code/install/comp3431_starter/bin'
[0.626s] Level 1:colcon.colcon_core.environment:checking '/home/rsa2021/starter_code/install/comp3431_starter/lib/pkgconfig/comp3431_starter.pc'
[0.626s] Level 1:colcon.colcon_core.environment:checking '/home/rsa2021/starter_code/install/comp3431_starter/lib/python3.8/site-packages'
[0.627s] INFO:colcon.colcon_core.shell:Creating package script '/home/rsa2021/starter_code/install/comp3431_starter/share/comp3431_starter/package.ps1'
[0.627s] INFO:colcon.colcon_core.shell:Creating package descriptor '/home/rsa2021/starter_code/install/comp3431_starter/share/comp3431_starter/package.dsv'
[0.628s] INFO:colcon.colcon_core.shell:Creating package script '/home/rsa2021/starter_code/install/comp3431_starter/share/comp3431_starter/package.sh'
[0.628s] INFO:colcon.colcon_core.shell:Creating package script '/home/rsa2021/starter_code/install/comp3431_starter/share/comp3431_starter/package.bash'
[0.629s] INFO:colcon.colcon_core.shell:Creating package script '/home/rsa2021/starter_code/install/comp3431_starter/share/comp3431_starter/package.zsh'
[0.629s] Level 1:colcon.colcon_core.environment:create_file_with_runtime_dependencies(/home/rsa2021/starter_code/install/comp3431_starter/share/colcon-core/packages/comp3431_starter)
[0.645s] Level 1:colcon.colcon_core.environment:create_environment_scripts_only(zbar_ros)
[0.646s] Level 1:colcon.colcon_core.environment:checking '/home/rsa2021/starter_code/install/zbar_ros' for CMake module files
[0.646s] Level 1:colcon.colcon_core.environment:checking '/home/rsa2021/starter_code/install/zbar_ros' for CMake config files
[0.646s] Level 1:colcon.colcon_core.shell:create_environment_hook('zbar_ros', 'cmake_prefix_path')
[0.647s] INFO:colcon.colcon_core.shell:Creating environment hook '/home/rsa2021/starter_code/install/zbar_ros/share/zbar_ros/hook/cmake_prefix_path.ps1'
[0.648s] INFO:colcon.colcon_core.shell:Creating environment descriptor '/home/rsa2021/starter_code/install/zbar_ros/share/zbar_ros/hook/cmake_prefix_path.dsv'
[0.648s] INFO:colcon.colcon_core.shell:Creating environment hook '/home/rsa2021/starter_code/install/zbar_ros/share/zbar_ros/hook/cmake_prefix_path.sh'
[0.649s] Level 1:colcon.colcon_core.environment:checking '/home/rsa2021/starter_code/install/zbar_ros/lib'
[0.649s] Level 1:colcon.colcon_core.environment:checking '/home/rsa2021/starter_code/install/zbar_ros/bin'
[0.649s] Level 1:colcon.colcon_core.environment:checking '/home/rsa2021/starter_code/install/zbar_ros/lib/pkgconfig/zbar_ros.pc'
[0.649s] Level 1:colcon.colcon_core.environment:checking '/home/rsa2021/starter_code/install/zbar_ros/lib/python3.8/site-packages'
[0.650s] INFO:colcon.colcon_core.shell:Creating package script '/home/rsa2021/starter_code/install/zbar_ros/share/zbar_ros/package.ps1'
[0.651s] INFO:colcon.colcon_core.shell:Creating package descriptor '/home/rsa2021/starter_code/install/zbar_ros/share/zbar_ros/package.dsv'
[0.652s] INFO:colcon.colcon_core.shell:Creating package script '/home/rsa2021/starter_code/install/zbar_ros/share/zbar_ros/package.sh'
[0.652s] INFO:colcon.colcon_core.shell:Creating package script '/home/rsa2021/starter_code/install/zbar_ros/share/zbar_ros/package.bash'
[0.653s] INFO:colcon.colcon_core.shell:Creating package script '/home/rsa2021/starter_code/install/zbar_ros/share/zbar_ros/package.zsh'
[0.653s] Level 1:colcon.colcon_core.environment:create_file_with_runtime_dependencies(/home/rsa2021/starter_code/install/zbar_ros/share/colcon-core/packages/zbar_ros)
[1.221s] DEBUG:colcon.colcon_core.event_handler.log_command:Invoked command in '/home/rsa2021/starter_code/build/lidar' returned '0': CMAKE_PREFIX_PATH=${CMAKE_PREFIX_PATH}:/opt/ros/foxy /usr/bin/cmake --build /home/rsa2021/starter_code/build/lidar -- -j4 -l4
[1.253s] DEBUG:colcon.colcon_core.event_handler.log_command:Invoking command in '/home/rsa2021/starter_code/build/lidar': CMAKE_PREFIX_PATH=${CMAKE_PREFIX_PATH}:/opt/ros/foxy /usr/bin/cmake --install /home/rsa2021/starter_code/build/lidar
[1.267s] Level 1:colcon.colcon_core.environment:create_environment_scripts_only(lidar)
[1.268s] Level 1:colcon.colcon_core.environment:checking '/home/rsa2021/starter_code/install/lidar' for CMake module files
[1.269s] DEBUG:colcon.colcon_core.event_handler.log_command:Invoked command in '/home/rsa2021/starter_code/build/lidar' returned '0': CMAKE_PREFIX_PATH=${CMAKE_PREFIX_PATH}:/opt/ros/foxy /usr/bin/cmake --install /home/rsa2021/starter_code/build/lidar
[1.269s] Level 1:colcon.colcon_core.environment:checking '/home/rsa2021/starter_code/install/lidar' for CMake config files
[1.269s] Level 1:colcon.colcon_core.shell:create_environment_hook('lidar', 'cmake_prefix_path')
[1.269s] INFO:colcon.colcon_core.shell:Creating environment hook '/home/rsa2021/starter_code/install/lidar/share/lidar/hook/cmake_prefix_path.ps1'
[1.270s] INFO:colcon.colcon_core.shell:Creating environment descriptor '/home/rsa2021/starter_code/install/lidar/share/lidar/hook/cmake_prefix_path.dsv'
[1.270s] INFO:colcon.colcon_core.shell:Creating environment hook '/home/rsa2021/starter_code/install/lidar/share/lidar/hook/cmake_prefix_path.sh'
[1.271s] Level 1:colcon.colcon_core.environment:checking '/home/rsa2021/starter_code/install/lidar/lib'
[1.271s] Level 1:colcon.colcon_core.environment:checking '/home/rsa2021/starter_code/install/lidar/bin'
[1.271s] Level 1:colcon.colcon_core.environment:checking '/home/rsa2021/starter_code/install/lidar/lib/pkgconfig/lidar.pc'
[1.271s] Level 1:colcon.colcon_core.environment:checking '/home/rsa2021/starter_code/install/lidar/lib/python3.8/site-packages'
[1.272s] INFO:colcon.colcon_core.shell:Creating package script '/home/rsa2021/starter_code/install/lidar/share/lidar/package.ps1'
[1.272s] INFO:colcon.colcon_core.shell:Creating package descriptor '/home/rsa2021/starter_code/install/lidar/share/lidar/package.dsv'
[1.272s] INFO:colcon.colcon_core.shell:Creating package script '/home/rsa2021/starter_code/install/lidar/share/lidar/package.sh'
[1.273s] INFO:colcon.colcon_core.shell:Creating package script '/home/rsa2021/starter_code/install/lidar/share/lidar/package.bash'
[1.273s] INFO:colcon.colcon_core.shell:Creating package script '/home/rsa2021/starter_code/install/lidar/share/lidar/package.zsh'
[1.274s] Level 1:colcon.colcon_core.environment:create_file_with_runtime_dependencies(/home/rsa2021/starter_code/install/lidar/share/colcon-core/packages/lidar)
[1.304s] Level 1:colcon.colcon_core.environment:create_environment_scripts_only(lidar)
[1.305s] Level 1:colcon.colcon_core.environment:checking '/home/rsa2021/starter_code/install/lidar' for CMake module files
[1.305s] Level 1:colcon.colcon_core.environment:checking '/home/rsa2021/starter_code/install/lidar' for CMake config files
[1.305s] Level 1:colcon.colcon_core.shell:create_environment_hook('lidar', 'cmake_prefix_path')
[1.306s] INFO:colcon.colcon_core.shell:Creating environment hook '/home/rsa2021/starter_code/install/lidar/share/lidar/hook/cmake_prefix_path.ps1'
[1.306s] INFO:colcon.colcon_core.shell:Creating environment descriptor '/home/rsa2021/starter_code/install/lidar/share/lidar/hook/cmake_prefix_path.dsv'
[1.307s] INFO:colcon.colcon_core.shell:Creating environment hook '/home/rsa2021/starter_code/install/lidar/share/lidar/hook/cmake_prefix_path.sh'
[1.307s] Level 1:colcon.colcon_core.environment:checking '/home/rsa2021/starter_code/install/lidar/lib'
[1.307s] Level 1:colcon.colcon_core.environment:checking '/home/rsa2021/starter_code/install/lidar/bin'
[1.307s] Level 1:colcon.colcon_core.environment:checking '/home/rsa2021/starter_code/install/lidar/lib/pkgconfig/lidar.pc'
[1.308s] Level 1:colcon.colcon_core.environment:checking '/home/rsa2021/starter_code/install/lidar/lib/python3.8/site-packages'
[1.308s] INFO:colcon.colcon_core.shell:Creating package script '/home/rsa2021/starter_code/install/lidar/share/lidar/package.ps1'
[1.308s] INFO:colcon.colcon_core.shell:Creating package descriptor '/home/rsa2021/starter_code/install/lidar/share/lidar/package.dsv'
[1.309s] INFO:colcon.colcon_core.shell:Creating package script '/home/rsa2021/starter_code/install/lidar/share/lidar/package.sh'
[1.309s] INFO:colcon.colcon_core.shell:Creating package script '/home/rsa2021/starter_code/install/lidar/share/lidar/package.bash'
[1.310s] INFO:colcon.colcon_core.shell:Creating package script '/home/rsa2021/starter_code/install/lidar/share/lidar/package.zsh'
[1.310s] Level 1:colcon.colcon_core.environment:create_file_with_runtime_dependencies(/home/rsa2021/starter_code/install/lidar/share/colcon-core/packages/lidar)
[1.311s] DEBUG:colcon.colcon_parallel_executor.executor.parallel:closing loop
[1.311s] DEBUG:colcon.colcon_parallel_executor.executor.parallel:loop closed
[1.312s] DEBUG:colcon.colcon_parallel_executor.executor.parallel:run_until_complete finished with '0'
[1.312s] DEBUG:colcon.colcon_core.event_reactor:joining thread
[1.317s] INFO:colcon.colcon_core.plugin_system:Skipping extension 'colcon_notification.desktop_notification.terminal_notifier': Not used on non-Darwin systems
[1.317s] INFO:colcon.colcon_core.plugin_system:Skipping extension 'colcon_notification.desktop_notification.win32': Not used on non-Windows systems
[1.317s] INFO:colcon.colcon_notification.desktop_notification:Sending desktop notification using 'notify2'
[1.333s] DEBUG:colcon.colcon_core.event_reactor:joined thread
[1.334s] INFO:colcon.colcon_core.shell:Creating prefix script '/home/rsa2021/starter_code/install/local_setup.ps1'
[1.335s] INFO:colcon.colcon_core.shell:Creating prefix util module '/home/rsa2021/starter_code/install/_local_setup_util_ps1.py'
[1.336s] INFO:colcon.colcon_core.shell:Creating prefix chain script '/home/rsa2021/starter_code/install/setup.ps1'
[1.337s] INFO:colcon.colcon_core.shell:Creating prefix script '/home/rsa2021/starter_code/install/local_setup.sh'
[1.338s] INFO:colcon.colcon_core.shell:Creating prefix util module '/home/rsa2021/starter_code/install/_local_setup_util_sh.py'
[1.339s] INFO:colcon.colcon_core.shell:Creating prefix chain script '/home/rsa2021/starter_code/install/setup.sh'
[1.340s] INFO:colcon.colcon_core.shell:Creating prefix script '/home/rsa2021/starter_code/install/local_setup.bash'
[1.341s] INFO:colcon.colcon_core.shell:Creating prefix chain script '/home/rsa2021/starter_code/install/setup.bash'
[1.343s] INFO:colcon.colcon_core.shell:Creating prefix script '/home/rsa2021/starter_code/install/local_setup.zsh'
[1.343s] INFO:colcon.colcon_core.shell:Creating prefix chain script '/home/rsa2021/starter_code/install/setup.zsh'
