[0.035s] Invoking command in '/home/rsa2021/starter_code/build/lidar': CMAKE_PREFIX_PATH=${CMAKE_PREFIX_PATH}:/opt/ros/foxy /usr/bin/cmake --build /home/rsa2021/starter_code/build/lidar -- -j4 -l4
[0.102s] -- Found ament_cmake: 0.9.8 (/opt/ros/foxy/share/ament_cmake/cmake)
[0.144s] -- Using PYTHON_EXECUTABLE: /usr/bin/python3
[0.479s] -- Found rclcpp: 2.3.1 (/opt/ros/foxy/share/rclcpp/cmake)
[0.540s] -- Using all available rosidl_typesupport_c: rosidl_typesupport_fastrtps_c;rosidl_typesupport_introspection_c
[0.545s] -- Found rosidl_adapter: 1.2.1 (/opt/ros/foxy/share/rosidl_adapter/cmake)
[0.682s] -- Using all available rosidl_typesupport_cpp: rosidl_typesupport_fastrtps_cpp;rosidl_typesupport_introspection_cpp
[0.754s] -- Found rmw_implementation_cmake: 1.0.3 (/opt/ros/foxy/share/rmw_implementation_cmake/cmake)
[0.757s] -- Using RMW implementation 'rmw_fastrtps_cpp' as default
[0.936s] CMake Error at /opt/ros/foxy/share/ament_cmake_target_dependencies/cmake/ament_target_dependencies.cmake:77 (message):
[0.936s]   ament_target_dependencies() the passed package name 'geometry_msgs' was not
[0.936s]   found before
[0.937s] Call Stack (most recent call first):
[0.937s]   CMakeLists.txt:28 (ament_target_dependencies)
[0.937s] 
[0.937s] 
[0.938s] -- Configuring incomplete, errors occurred!
[0.938s] See also "/home/rsa2021/starter_code/build/lidar/CMakeFiles/CMakeOutput.log".
[0.938s] See also "/home/rsa2021/starter_code/build/lidar/CMakeFiles/CMakeError.log".
[0.945s] make: *** [Makefile:266: cmake_check_build_system] Error 1
[0.947s] Invoked command in '/home/rsa2021/starter_code/build/lidar' returned '2': CMAKE_PREFIX_PATH=${CMAKE_PREFIX_PATH}:/opt/ros/foxy /usr/bin/cmake --build /home/rsa2021/starter_code/build/lidar -- -j4 -l4
