[0.024s] Invoking command in '/home/rsa2021/starter_code/build/lidar': CMAKE_PREFIX_PATH=${CMAKE_PREFIX_PATH}:/opt/ros/foxy /usr/bin/cmake --build /home/rsa2021/starter_code/build/lidar -- -j4 -l4
[0.054s] -- Found ament_cmake: 0.9.8 (/opt/ros/foxy/share/ament_cmake/cmake)
[0.074s] -- Using PYTHON_EXECUTABLE: /usr/bin/python3
[0.287s] -- Found rclcpp: 2.3.1 (/opt/ros/foxy/share/rclcpp/cmake)
[0.320s] -- Using all available rosidl_typesupport_c: rosidl_typesupport_fastrtps_c;rosidl_typesupport_introspection_c
[0.323s] -- Found rosidl_adapter: 1.2.1 (/opt/ros/foxy/share/rosidl_adapter/cmake)
[0.437s] -- Using all available rosidl_typesupport_cpp: rosidl_typesupport_fastrtps_cpp;rosidl_typesupport_introspection_cpp
[0.481s] -- Found rmw_implementation_cmake: 1.0.3 (/opt/ros/foxy/share/rmw_implementation_cmake/cmake)
[0.482s] -- Using RMW implementation 'rmw_fastrtps_cpp' as default
[0.608s] -- Found ament_lint_auto: 0.9.6 (/opt/ros/foxy/share/ament_lint_auto/cmake)
[0.676s] -- Added test 'copyright' to check source files copyright and LICENSE
[0.676s] -- Added test 'cppcheck' to perform static code analysis on C / C++ code
[0.676s] -- Configured cppcheck include dirs: $<BUILD_INTERFACE:/home/rsa2021/starter_code/src/lidar/include>
[0.676s] -- Configured cppcheck exclude dirs and/or files: 
[0.677s] -- Added test 'cpplint' to check C / C++ code against the Google style
[0.677s] -- Configured cpplint exclude dirs and/or files: 
[0.677s] -- Added test 'lint_cmake' to check CMake code style
[0.678s] -- Added test 'uncrustify' to check C / C++ code style
[0.678s] -- Configured uncrustify additional arguments: 
[0.678s] -- Added test 'xmllint' to check XML markup files
[0.680s] -- Configuring done
[0.686s] -- Generating done
[0.688s] -- Build files have been written to: /home/rsa2021/starter_code/build/lidar
[0.712s] [35m[1mScanning dependencies of target lidar[0m
[0.724s] [ 50%] [32mBuilding CXX object CMakeFiles/lidar.dir/src/lidar_node.cpp.o[0m
[0.752s] [100%] [32m[1mLinking CXX executable lidar[0m
[0.811s] [100%] Built target lidar
[0.822s] Invoked command in '/home/rsa2021/starter_code/build/lidar' returned '0': CMAKE_PREFIX_PATH=${CMAKE_PREFIX_PATH}:/opt/ros/foxy /usr/bin/cmake --build /home/rsa2021/starter_code/build/lidar -- -j4 -l4
[0.855s] Invoking command in '/home/rsa2021/starter_code/build/lidar': CMAKE_PREFIX_PATH=${CMAKE_PREFIX_PATH}:/opt/ros/foxy /usr/bin/cmake --install /home/rsa2021/starter_code/build/lidar
[0.862s] -- Install configuration: ""
[0.863s] -- Installing: /home/rsa2021/starter_code/install/lidar/lib/lidar/lidar
[0.863s] -- Set runtime path of "/home/rsa2021/starter_code/install/lidar/lib/lidar/lidar" to ""
[0.863s] -- Installing: /home/rsa2021/starter_code/install/lidar/share/ament_index/resource_index/package_run_dependencies/lidar
[0.864s] -- Installing: /home/rsa2021/starter_code/install/lidar/share/ament_index/resource_index/parent_prefix_path/lidar
[0.864s] -- Up-to-date: /home/rsa2021/starter_code/install/lidar/share/lidar/environment/ament_prefix_path.sh
[0.864s] -- Installing: /home/rsa2021/starter_code/install/lidar/share/lidar/environment/ament_prefix_path.dsv
[0.864s] -- Up-to-date: /home/rsa2021/starter_code/install/lidar/share/lidar/environment/path.sh
[0.864s] -- Installing: /home/rsa2021/starter_code/install/lidar/share/lidar/environment/path.dsv
[0.865s] -- Up-to-date: /home/rsa2021/starter_code/install/lidar/share/lidar/local_setup.bash
[0.865s] -- Up-to-date: /home/rsa2021/starter_code/install/lidar/share/lidar/local_setup.sh
[0.865s] -- Up-to-date: /home/rsa2021/starter_code/install/lidar/share/lidar/local_setup.zsh
[0.866s] -- Installing: /home/rsa2021/starter_code/install/lidar/share/lidar/local_setup.dsv
[0.866s] -- Installing: /home/rsa2021/starter_code/install/lidar/share/lidar/package.dsv
[0.866s] -- Up-to-date: /home/rsa2021/starter_code/install/lidar/share/ament_index/resource_index/packages/lidar
[0.867s] -- Up-to-date: /home/rsa2021/starter_code/install/lidar/share/lidar/cmake/lidarConfig.cmake
[0.867s] -- Up-to-date: /home/rsa2021/starter_code/install/lidar/share/lidar/cmake/lidarConfig-version.cmake
[0.867s] -- Installing: /home/rsa2021/starter_code/install/lidar/share/lidar/package.xml
[0.870s] Invoked command in '/home/rsa2021/starter_code/build/lidar' returned '0': CMAKE_PREFIX_PATH=${CMAKE_PREFIX_PATH}:/opt/ros/foxy /usr/bin/cmake --install /home/rsa2021/starter_code/build/lidar
