[0.493s] DEBUG:colcon:Command line arguments: ['/usr/bin/colcon', 'build']
[0.493s] DEBUG:colcon:Parsed command line arguments: Namespace(ament_cmake_args=None, base_paths=['.'], build_base='build', catkin_cmake_args=None, catkin_skip_building_tests=False, cmake_args=None, cmake_clean_cache=False, cmake_clean_first=False, cmake_force_configure=False, cmake_target=None, cmake_target_skip_unavailable=False, continue_on_error=False, event_handlers=None, executor='parallel', ignore_user_meta=False, install_base='install', log_base=None, log_level=None, main=<bound method BuildVerb.main of <colcon_core.verb.build.BuildVerb object at 0x7f400c39fa00>>, merge_install=False, metas=['./colcon.meta'], packages_above=None, packages_above_and_dependencies=None, packages_above_depth=None, packages_end=None, packages_ignore=None, packages_ignore_regex=None, packages_select=None, packages_select_build_failed=False, packages_select_by_dep=None, packages_select_regex=None, packages_select_test_failures=False, packages_skip=None, packages_skip_build_finished=False, packages_skip_by_dep=None, packages_skip_regex=None, packages_skip_test_passed=False, packages_skip_up_to=None, packages_start=None, packages_up_to=None, packages_up_to_regex=None, parallel_workers=4, paths=None, symlink_install=False, test_result_base=None, verb_extension=<colcon_core.verb.build.BuildVerb object at 0x7f400c39fa00>, verb_name='build', verb_parser=<colcon_defaults.argument_parser.defaults.DefaultArgumentsDecorator object at 0x7f400c39ff70>)
[0.502s] Level 1:colcon.colcon_core.package_discovery:discover_packages(colcon_meta) check parameters
[0.503s] Level 1:colcon.colcon_core.package_discovery:discover_packages(recursive) check parameters
[0.503s] Level 1:colcon.colcon_core.package_discovery:discover_packages(ignore) check parameters
[0.503s] Level 1:colcon.colcon_core.package_discovery:discover_packages(path) check parameters
[0.503s] Level 1:colcon.colcon_core.package_discovery:discover_packages(colcon_meta) discover
[0.503s] Level 1:colcon.colcon_core.package_discovery:discover_packages(recursive) discover
[0.503s] INFO:colcon.colcon_core.package_discovery:Crawling recursively for packages in '/home/rsa2021/starter_code'
[0.503s] Level 1:colcon.colcon_core.package_identification:_identify(.) by extensions ['ignore', 'ignore_ament_install']
[0.503s] Level 1:colcon.colcon_core.package_identification:_identify(.) by extension 'ignore'
[0.503s] Level 1:colcon.colcon_core.package_identification:_identify(.) by extension 'ignore_ament_install'
[0.503s] Level 1:colcon.colcon_core.package_identification:_identify(.) by extensions ['colcon_pkg']
[0.503s] Level 1:colcon.colcon_core.package_identification:_identify(.) by extension 'colcon_pkg'
[0.503s] Level 1:colcon.colcon_core.package_identification:_identify(.) by extensions ['colcon_meta']
[0.503s] Level 1:colcon.colcon_core.package_identification:_identify(.) by extension 'colcon_meta'
[0.503s] Level 1:colcon.colcon_core.package_identification:_identify(.) by extensions ['ros']
[0.503s] Level 1:colcon.colcon_core.package_identification:_identify(.) by extension 'ros'
[0.527s] Level 1:colcon.colcon_core.package_identification:_identify(.) by extensions ['cmake', 'python']
[0.527s] Level 1:colcon.colcon_core.package_identification:_identify(.) by extension 'cmake'
[0.527s] Level 1:colcon.colcon_core.package_identification:_identify(.) by extension 'python'
[0.527s] Level 1:colcon.colcon_core.package_identification:_identify(.) by extensions ['python_setup_py']
[0.527s] Level 1:colcon.colcon_core.package_identification:_identify(.) by extension 'python_setup_py'
[0.527s] Level 1:colcon.colcon_core.package_identification:_identify(build) by extensions ['ignore', 'ignore_ament_install']
[0.528s] Level 1:colcon.colcon_core.package_identification:_identify(build) by extension 'ignore'
[0.528s] Level 1:colcon.colcon_core.package_identification:_identify(build) ignored
[0.528s] Level 1:colcon.colcon_core.package_identification:_identify(install) by extensions ['ignore', 'ignore_ament_install']
[0.528s] Level 1:colcon.colcon_core.package_identification:_identify(install) by extension 'ignore'
[0.528s] Level 1:colcon.colcon_core.package_identification:_identify(install) ignored
[0.528s] Level 1:colcon.colcon_core.package_identification:_identify(log) by extensions ['ignore', 'ignore_ament_install']
[0.528s] Level 1:colcon.colcon_core.package_identification:_identify(log) by extension 'ignore'
[0.528s] Level 1:colcon.colcon_core.package_identification:_identify(log) ignored
[0.528s] Level 1:colcon.colcon_core.package_identification:_identify(src) by extensions ['ignore', 'ignore_ament_install']
[0.528s] Level 1:colcon.colcon_core.package_identification:_identify(src) by extension 'ignore'
[0.528s] Level 1:colcon.colcon_core.package_identification:_identify(src) by extension 'ignore_ament_install'
[0.528s] Level 1:colcon.colcon_core.package_identification:_identify(src) by extensions ['colcon_pkg']
[0.528s] Level 1:colcon.colcon_core.package_identification:_identify(src) by extension 'colcon_pkg'
[0.528s] Level 1:colcon.colcon_core.package_identification:_identify(src) by extensions ['colcon_meta']
[0.528s] Level 1:colcon.colcon_core.package_identification:_identify(src) by extension 'colcon_meta'
[0.528s] Level 1:colcon.colcon_core.package_identification:_identify(src) by extensions ['ros']
[0.528s] Level 1:colcon.colcon_core.package_identification:_identify(src) by extension 'ros'
[0.529s] Level 1:colcon.colcon_core.package_identification:_identify(src) by extensions ['cmake', 'python']
[0.529s] Level 1:colcon.colcon_core.package_identification:_identify(src) by extension 'cmake'
[0.529s] Level 1:colcon.colcon_core.package_identification:_identify(src) by extension 'python'
[0.529s] Level 1:colcon.colcon_core.package_identification:_identify(src) by extensions ['python_setup_py']
[0.529s] Level 1:colcon.colcon_core.package_identification:_identify(src) by extension 'python_setup_py'
[0.529s] Level 1:colcon.colcon_core.package_identification:_identify(src/comp3431-rsa) by extensions ['ignore', 'ignore_ament_install']
[0.529s] Level 1:colcon.colcon_core.package_identification:_identify(src/comp3431-rsa) by extension 'ignore'
[0.529s] Level 1:colcon.colcon_core.package_identification:_identify(src/comp3431-rsa) by extension 'ignore_ament_install'
[0.529s] Level 1:colcon.colcon_core.package_identification:_identify(src/comp3431-rsa) by extensions ['colcon_pkg']
[0.529s] Level 1:colcon.colcon_core.package_identification:_identify(src/comp3431-rsa) by extension 'colcon_pkg'
[0.529s] Level 1:colcon.colcon_core.package_identification:_identify(src/comp3431-rsa) by extensions ['colcon_meta']
[0.529s] Level 1:colcon.colcon_core.package_identification:_identify(src/comp3431-rsa) by extension 'colcon_meta'
[0.529s] Level 1:colcon.colcon_core.package_identification:_identify(src/comp3431-rsa) by extensions ['ros']
[0.529s] Level 1:colcon.colcon_core.package_identification:_identify(src/comp3431-rsa) by extension 'ros'
[0.529s] Level 1:colcon.colcon_core.package_identification:_identify(src/comp3431-rsa) by extensions ['cmake', 'python']
[0.529s] Level 1:colcon.colcon_core.package_identification:_identify(src/comp3431-rsa) by extension 'cmake'
[0.529s] Level 1:colcon.colcon_core.package_identification:_identify(src/comp3431-rsa) by extension 'python'
[0.529s] Level 1:colcon.colcon_core.package_identification:_identify(src/comp3431-rsa) by extensions ['python_setup_py']
[0.529s] Level 1:colcon.colcon_core.package_identification:_identify(src/comp3431-rsa) by extension 'python_setup_py'
[0.529s] Level 1:colcon.colcon_core.package_identification:_identify(src/comp3431-rsa/comp3431_starter) by extensions ['ignore', 'ignore_ament_install']
[0.529s] Level 1:colcon.colcon_core.package_identification:_identify(src/comp3431-rsa/comp3431_starter) by extension 'ignore'
[0.530s] Level 1:colcon.colcon_core.package_identification:_identify(src/comp3431-rsa/comp3431_starter) by extension 'ignore_ament_install'
[0.530s] Level 1:colcon.colcon_core.package_identification:_identify(src/comp3431-rsa/comp3431_starter) by extensions ['colcon_pkg']
[0.530s] Level 1:colcon.colcon_core.package_identification:_identify(src/comp3431-rsa/comp3431_starter) by extension 'colcon_pkg'
[0.530s] Level 1:colcon.colcon_core.package_identification:_identify(src/comp3431-rsa/comp3431_starter) by extensions ['colcon_meta']
[0.530s] Level 1:colcon.colcon_core.package_identification:_identify(src/comp3431-rsa/comp3431_starter) by extension 'colcon_meta'
[0.530s] Level 1:colcon.colcon_core.package_identification:_identify(src/comp3431-rsa/comp3431_starter) by extensions ['ros']
[0.530s] Level 1:colcon.colcon_core.package_identification:_identify(src/comp3431-rsa/comp3431_starter) by extension 'ros'
[0.538s] DEBUG:colcon.colcon_core.package_identification:Package 'src/comp3431-rsa/comp3431_starter' with type 'ros.ament_cmake' and name 'comp3431_starter'
[0.538s] Level 1:colcon.colcon_core.package_identification:_identify(src/lidar) by extensions ['ignore', 'ignore_ament_install']
[0.538s] Level 1:colcon.colcon_core.package_identification:_identify(src/lidar) by extension 'ignore'
[0.538s] Level 1:colcon.colcon_core.package_identification:_identify(src/lidar) by extension 'ignore_ament_install'
[0.538s] Level 1:colcon.colcon_core.package_identification:_identify(src/lidar) by extensions ['colcon_pkg']
[0.538s] Level 1:colcon.colcon_core.package_identification:_identify(src/lidar) by extension 'colcon_pkg'
[0.538s] Level 1:colcon.colcon_core.package_identification:_identify(src/lidar) by extensions ['colcon_meta']
[0.538s] Level 1:colcon.colcon_core.package_identification:_identify(src/lidar) by extension 'colcon_meta'
[0.538s] Level 1:colcon.colcon_core.package_identification:_identify(src/lidar) by extensions ['ros']
[0.538s] Level 1:colcon.colcon_core.package_identification:_identify(src/lidar) by extension 'ros'
[0.539s] DEBUG:colcon.colcon_core.package_identification:Package 'src/lidar' with type 'ros.ament_cmake' and name 'lidar'
[0.539s] Level 1:colcon.colcon_core.package_identification:_identify(src/zbar_ros) by extensions ['ignore', 'ignore_ament_install']
[0.539s] Level 1:colcon.colcon_core.package_identification:_identify(src/zbar_ros) by extension 'ignore'
[0.539s] Level 1:colcon.colcon_core.package_identification:_identify(src/zbar_ros) by extension 'ignore_ament_install'
[0.539s] Level 1:colcon.colcon_core.package_identification:_identify(src/zbar_ros) by extensions ['colcon_pkg']
[0.539s] Level 1:colcon.colcon_core.package_identification:_identify(src/zbar_ros) by extension 'colcon_pkg'
[0.539s] Level 1:colcon.colcon_core.package_identification:_identify(src/zbar_ros) by extensions ['colcon_meta']
[0.539s] Level 1:colcon.colcon_core.package_identification:_identify(src/zbar_ros) by extension 'colcon_meta'
[0.539s] Level 1:colcon.colcon_core.package_identification:_identify(src/zbar_ros) by extensions ['ros']
[0.539s] Level 1:colcon.colcon_core.package_identification:_identify(src/zbar_ros) by extension 'ros'
[0.541s] DEBUG:colcon.colcon_core.package_identification:Package 'src/zbar_ros' with type 'ros.ament_cmake' and name 'zbar_ros'
[0.541s] Level 1:colcon.colcon_core.package_discovery:discover_packages(recursive) using defaults
[0.541s] Level 1:colcon.colcon_core.package_discovery:discover_packages(ignore) discover
[0.541s] Level 1:colcon.colcon_core.package_discovery:discover_packages(ignore) using defaults
[0.541s] Level 1:colcon.colcon_core.package_discovery:discover_packages(path) discover
[0.541s] Level 1:colcon.colcon_core.package_discovery:discover_packages(path) using defaults
[0.578s] Level 5:colcon.colcon_core.verb:set package 'comp3431_starter' build argument 'cmake_args' from command line to 'None'
[0.578s] Level 5:colcon.colcon_core.verb:set package 'comp3431_starter' build argument 'cmake_target' from command line to 'None'
[0.578s] Level 5:colcon.colcon_core.verb:set package 'comp3431_starter' build argument 'cmake_target_skip_unavailable' from command line to 'False'
[0.578s] Level 5:colcon.colcon_core.verb:set package 'comp3431_starter' build argument 'cmake_clean_cache' from command line to 'False'
[0.578s] Level 5:colcon.colcon_core.verb:set package 'comp3431_starter' build argument 'cmake_clean_first' from command line to 'False'
[0.578s] Level 5:colcon.colcon_core.verb:set package 'comp3431_starter' build argument 'cmake_force_configure' from command line to 'False'
[0.578s] Level 5:colcon.colcon_core.verb:set package 'comp3431_starter' build argument 'ament_cmake_args' from command line to 'None'
[0.578s] Level 5:colcon.colcon_core.verb:set package 'comp3431_starter' build argument 'catkin_cmake_args' from command line to 'None'
[0.578s] Level 5:colcon.colcon_core.verb:set package 'comp3431_starter' build argument 'catkin_skip_building_tests' from command line to 'False'
[0.578s] DEBUG:colcon.colcon_core.verb:Building package 'comp3431_starter' with the following arguments: {'ament_cmake_args': None, 'build_base': '/home/rsa2021/starter_code/build/comp3431_starter', 'catkin_cmake_args': None, 'catkin_skip_building_tests': False, 'cmake_args': None, 'cmake_clean_cache': False, 'cmake_clean_first': False, 'cmake_force_configure': False, 'cmake_target': None, 'cmake_target_skip_unavailable': False, 'install_base': '/home/rsa2021/starter_code/install/comp3431_starter', 'merge_install': False, 'path': '/home/rsa2021/starter_code/src/comp3431-rsa/comp3431_starter', 'symlink_install': False, 'test_result_base': None}
[0.580s] Level 5:colcon.colcon_core.verb:set package 'lidar' build argument 'cmake_args' from command line to 'None'
[0.580s] Level 5:colcon.colcon_core.verb:set package 'lidar' build argument 'cmake_target' from command line to 'None'
[0.580s] Level 5:colcon.colcon_core.verb:set package 'lidar' build argument 'cmake_target_skip_unavailable' from command line to 'False'
[0.580s] Level 5:colcon.colcon_core.verb:set package 'lidar' build argument 'cmake_clean_cache' from command line to 'False'
[0.580s] Level 5:colcon.colcon_core.verb:set package 'lidar' build argument 'cmake_clean_first' from command line to 'False'
[0.580s] Level 5:colcon.colcon_core.verb:set package 'lidar' build argument 'cmake_force_configure' from command line to 'False'
[0.580s] Level 5:colcon.colcon_core.verb:set package 'lidar' build argument 'ament_cmake_args' from command line to 'None'
[0.580s] Level 5:colcon.colcon_core.verb:set package 'lidar' build argument 'catkin_cmake_args' from command line to 'None'
[0.580s] Level 5:colcon.colcon_core.verb:set package 'lidar' build argument 'catkin_skip_building_tests' from command line to 'False'
[0.580s] DEBUG:colcon.colcon_core.verb:Building package 'lidar' with the following arguments: {'ament_cmake_args': None, 'build_base': '/home/rsa2021/starter_code/build/lidar', 'catkin_cmake_args': None, 'catkin_skip_building_tests': False, 'cmake_args': None, 'cmake_clean_cache': False, 'cmake_clean_first': False, 'cmake_force_configure': False, 'cmake_target': None, 'cmake_target_skip_unavailable': False, 'install_base': '/home/rsa2021/starter_code/install/lidar', 'merge_install': False, 'path': '/home/rsa2021/starter_code/src/lidar', 'symlink_install': False, 'test_result_base': None}
[0.583s] Level 5:colcon.colcon_core.verb:set package 'zbar_ros' build argument 'cmake_args' from command line to 'None'
[0.583s] Level 5:colcon.colcon_core.verb:set package 'zbar_ros' build argument 'cmake_target' from command line to 'None'
[0.583s] Level 5:colcon.colcon_core.verb:set package 'zbar_ros' build argument 'cmake_target_skip_unavailable' from command line to 'False'
[0.583s] Level 5:colcon.colcon_core.verb:set package 'zbar_ros' build argument 'cmake_clean_cache' from command line to 'False'
[0.583s] Level 5:colcon.colcon_core.verb:set package 'zbar_ros' build argument 'cmake_clean_first' from command line to 'False'
[0.583s] Level 5:colcon.colcon_core.verb:set package 'zbar_ros' build argument 'cmake_force_configure' from command line to 'False'
[0.583s] Level 5:colcon.colcon_core.verb:set package 'zbar_ros' build argument 'ament_cmake_args' from command line to 'None'
[0.583s] Level 5:colcon.colcon_core.verb:set package 'zbar_ros' build argument 'catkin_cmake_args' from command line to 'None'
[0.583s] Level 5:colcon.colcon_core.verb:set package 'zbar_ros' build argument 'catkin_skip_building_tests' from command line to 'False'
[0.583s] DEBUG:colcon.colcon_core.verb:Building package 'zbar_ros' with the following arguments: {'ament_cmake_args': None, 'build_base': '/home/rsa2021/starter_code/build/zbar_ros', 'catkin_cmake_args': None, 'catkin_skip_building_tests': False, 'cmake_args': None, 'cmake_clean_cache': False, 'cmake_clean_first': False, 'cmake_force_configure': False, 'cmake_target': None, 'cmake_target_skip_unavailable': False, 'install_base': '/home/rsa2021/starter_code/install/zbar_ros', 'merge_install': False, 'path': '/home/rsa2021/starter_code/src/zbar_ros', 'symlink_install': False, 'test_result_base': None}
[0.583s] INFO:colcon.colcon_core.executor:Executing jobs using 'parallel' executor
[0.585s] DEBUG:colcon.colcon_parallel_executor.executor.parallel:run_until_complete
[0.586s] INFO:colcon.colcon_ros.task.ament_cmake.build:Building ROS package in '/home/rsa2021/starter_code/src/comp3431-rsa/comp3431_starter' with build type 'ament_cmake'
[0.586s] INFO:colcon.colcon_cmake.task.cmake.build:Building CMake package in '/home/rsa2021/starter_code/src/comp3431-rsa/comp3431_starter'
[0.591s] INFO:colcon.colcon_core.plugin_system:Skipping extension 'colcon_core.shell.bat': Not used on non-Windows systems
[0.592s] INFO:colcon.colcon_core.shell:Skip shell extension 'powershell' for command environment: Not usable outside of PowerShell
[0.592s] DEBUG:colcon.colcon_core.shell:Skip shell extension 'dsv' for command environment
[0.595s] DEBUG:colcon.colcon_core.shell:Ignoring prefix path '/opt/ros/foxy'
[0.601s] INFO:colcon.colcon_ros.task.ament_cmake.build:Building ROS package in '/home/rsa2021/starter_code/src/lidar' with build type 'ament_cmake'
[0.601s] INFO:colcon.colcon_cmake.task.cmake.build:Building CMake package in '/home/rsa2021/starter_code/src/lidar'
[0.602s] INFO:colcon.colcon_core.shell:Skip shell extension 'powershell' for command environment: Not usable outside of PowerShell
[0.602s] DEBUG:colcon.colcon_core.shell:Skip shell extension 'dsv' for command environment
[0.605s] DEBUG:colcon.colcon_core.shell:Ignoring prefix path '/opt/ros/foxy'
[0.608s] INFO:colcon.colcon_ros.task.ament_cmake.build:Building ROS package in '/home/rsa2021/starter_code/src/zbar_ros' with build type 'ament_cmake'
[0.609s] INFO:colcon.colcon_cmake.task.cmake.build:Building CMake package in '/home/rsa2021/starter_code/src/zbar_ros'
[0.610s] INFO:colcon.colcon_core.shell:Skip shell extension 'powershell' for command environment: Not usable outside of PowerShell
[0.610s] DEBUG:colcon.colcon_core.shell:Skip shell extension 'dsv' for command environment
[0.614s] DEBUG:colcon.colcon_core.shell:Ignoring prefix path '/opt/ros/foxy'
[0.626s] DEBUG:colcon.colcon_core.event_handler.log_command:Invoking command in '/home/rsa2021/starter_code/build/comp3431_starter': CMAKE_PREFIX_PATH=${CMAKE_PREFIX_PATH}:/opt/ros/foxy /usr/bin/cmake --build /home/rsa2021/starter_code/build/comp3431_starter -- -j4 -l4
[0.639s] DEBUG:colcon.colcon_core.event_handler.log_command:Invoking command in '/home/rsa2021/starter_code/build/lidar': CMAKE_PREFIX_PATH=${CMAKE_PREFIX_PATH}:/opt/ros/foxy /usr/bin/cmake --build /home/rsa2021/starter_code/build/lidar -- -j4 -l4
[0.648s] DEBUG:colcon.colcon_core.event_handler.log_command:Invoking command in '/home/rsa2021/starter_code/build/zbar_ros': CMAKE_PREFIX_PATH=${CMAKE_PREFIX_PATH}:/opt/ros/foxy /usr/bin/cmake --build /home/rsa2021/starter_code/build/zbar_ros -- -j4 -l4
[0.821s] DEBUG:colcon.colcon_core.event_handler.log_command:Invoked command in '/home/rsa2021/starter_code/build/comp3431_starter' returned '0': CMAKE_PREFIX_PATH=${CMAKE_PREFIX_PATH}:/opt/ros/foxy /usr/bin/cmake --build /home/rsa2021/starter_code/build/comp3431_starter -- -j4 -l4
[0.869s] DEBUG:colcon.colcon_core.event_handler.log_command:Invoked command in '/home/rsa2021/starter_code/build/zbar_ros' returned '0': CMAKE_PREFIX_PATH=${CMAKE_PREFIX_PATH}:/opt/ros/foxy /usr/bin/cmake --build /home/rsa2021/starter_code/build/zbar_ros -- -j4 -l4
[0.907s] DEBUG:colcon.colcon_core.event_handler.log_command:Invoking command in '/home/rsa2021/starter_code/build/comp3431_starter': CMAKE_PREFIX_PATH=${CMAKE_PREFIX_PATH}:/opt/ros/foxy /usr/bin/cmake --install /home/rsa2021/starter_code/build/comp3431_starter
[0.947s] DEBUG:colcon.colcon_core.event_handler.log_command:Invoking command in '/home/rsa2021/starter_code/build/zbar_ros': CMAKE_PREFIX_PATH=${CMAKE_PREFIX_PATH}:/opt/ros/foxy /usr/bin/cmake --install /home/rsa2021/starter_code/build/zbar_ros
[0.970s] Level 1:colcon.colcon_core.environment:create_environment_scripts_only(comp3431_starter)
[0.973s] DEBUG:colcon.colcon_core.event_handler.log_command:Invoked command in '/home/rsa2021/starter_code/build/comp3431_starter' returned '0': CMAKE_PREFIX_PATH=${CMAKE_PREFIX_PATH}:/opt/ros/foxy /usr/bin/cmake --install /home/rsa2021/starter_code/build/comp3431_starter
[0.978s] Level 1:colcon.colcon_core.environment:checking '/home/rsa2021/starter_code/install/comp3431_starter' for CMake module files
[0.978s] Level 1:colcon.colcon_core.environment:checking '/home/rsa2021/starter_code/install/comp3431_starter' for CMake config files
[0.979s] Level 1:colcon.colcon_core.shell:create_environment_hook('comp3431_starter', 'cmake_prefix_path')
[0.979s] INFO:colcon.colcon_core.shell:Creating environment hook '/home/rsa2021/starter_code/install/comp3431_starter/share/comp3431_starter/hook/cmake_prefix_path.ps1'
[0.980s] INFO:colcon.colcon_core.shell:Creating environment descriptor '/home/rsa2021/starter_code/install/comp3431_starter/share/comp3431_starter/hook/cmake_prefix_path.dsv'
[0.981s] INFO:colcon.colcon_core.shell:Creating environment hook '/home/rsa2021/starter_code/install/comp3431_starter/share/comp3431_starter/hook/cmake_prefix_path.sh'
[0.983s] Level 1:colcon.colcon_core.environment:checking '/home/rsa2021/starter_code/install/comp3431_starter/lib'
[0.984s] Level 1:colcon.colcon_core.environment:checking '/home/rsa2021/starter_code/install/comp3431_starter/bin'
[0.984s] Level 1:colcon.colcon_core.environment:checking '/home/rsa2021/starter_code/install/comp3431_starter/lib/pkgconfig/comp3431_starter.pc'
[0.984s] Level 1:colcon.colcon_core.environment:checking '/home/rsa2021/starter_code/install/comp3431_starter/lib/python3.8/site-packages'
[0.985s] INFO:colcon.colcon_core.shell:Creating package script '/home/rsa2021/starter_code/install/comp3431_starter/share/comp3431_starter/package.ps1'
[0.986s] INFO:colcon.colcon_core.shell:Creating package descriptor '/home/rsa2021/starter_code/install/comp3431_starter/share/comp3431_starter/package.dsv'
[0.987s] INFO:colcon.colcon_core.shell:Creating package script '/home/rsa2021/starter_code/install/comp3431_starter/share/comp3431_starter/package.sh'
[0.989s] INFO:colcon.colcon_core.shell:Creating package script '/home/rsa2021/starter_code/install/comp3431_starter/share/comp3431_starter/package.bash'
[0.990s] INFO:colcon.colcon_core.shell:Creating package script '/home/rsa2021/starter_code/install/comp3431_starter/share/comp3431_starter/package.zsh'
[0.991s] Level 1:colcon.colcon_core.environment:create_file_with_runtime_dependencies(/home/rsa2021/starter_code/install/comp3431_starter/share/colcon-core/packages/comp3431_starter)
[0.995s] Level 1:colcon.colcon_core.environment:create_environment_scripts_only(zbar_ros)
[0.996s] DEBUG:colcon.colcon_core.event_handler.log_command:Invoked command in '/home/rsa2021/starter_code/build/zbar_ros' returned '0': CMAKE_PREFIX_PATH=${CMAKE_PREFIX_PATH}:/opt/ros/foxy /usr/bin/cmake --install /home/rsa2021/starter_code/build/zbar_ros
[0.998s] Level 1:colcon.colcon_core.environment:checking '/home/rsa2021/starter_code/install/zbar_ros' for CMake module files
[0.998s] Level 1:colcon.colcon_core.environment:checking '/home/rsa2021/starter_code/install/zbar_ros' for CMake config files
[0.999s] Level 1:colcon.colcon_core.shell:create_environment_hook('zbar_ros', 'cmake_prefix_path')
[0.999s] INFO:colcon.colcon_core.shell:Creating environment hook '/home/rsa2021/starter_code/install/zbar_ros/share/zbar_ros/hook/cmake_prefix_path.ps1'
[1.001s] INFO:colcon.colcon_core.shell:Creating environment descriptor '/home/rsa2021/starter_code/install/zbar_ros/share/zbar_ros/hook/cmake_prefix_path.dsv'
[1.002s] INFO:colcon.colcon_core.shell:Creating environment hook '/home/rsa2021/starter_code/install/zbar_ros/share/zbar_ros/hook/cmake_prefix_path.sh'
[1.003s] Level 1:colcon.colcon_core.environment:checking '/home/rsa2021/starter_code/install/zbar_ros/lib'
[1.004s] Level 1:colcon.colcon_core.environment:checking '/home/rsa2021/starter_code/install/zbar_ros/bin'
[1.004s] Level 1:colcon.colcon_core.environment:checking '/home/rsa2021/starter_code/install/zbar_ros/lib/pkgconfig/zbar_ros.pc'
[1.004s] Level 1:colcon.colcon_core.environment:checking '/home/rsa2021/starter_code/install/zbar_ros/lib/python3.8/site-packages'
[1.005s] INFO:colcon.colcon_core.shell:Creating package script '/home/rsa2021/starter_code/install/zbar_ros/share/zbar_ros/package.ps1'
[1.006s] INFO:colcon.colcon_core.shell:Creating package descriptor '/home/rsa2021/starter_code/install/zbar_ros/share/zbar_ros/package.dsv'
[1.007s] INFO:colcon.colcon_core.shell:Creating package script '/home/rsa2021/starter_code/install/zbar_ros/share/zbar_ros/package.sh'
[1.008s] INFO:colcon.colcon_core.shell:Creating package script '/home/rsa2021/starter_code/install/zbar_ros/share/zbar_ros/package.bash'
[1.009s] INFO:colcon.colcon_core.shell:Creating package script '/home/rsa2021/starter_code/install/zbar_ros/share/zbar_ros/package.zsh'
[1.009s] Level 1:colcon.colcon_core.environment:create_file_with_runtime_dependencies(/home/rsa2021/starter_code/install/zbar_ros/share/colcon-core/packages/zbar_ros)
[1.054s] Level 1:colcon.colcon_core.environment:create_environment_scripts_only(comp3431_starter)
[1.055s] Level 1:colcon.colcon_core.environment:checking '/home/rsa2021/starter_code/install/comp3431_starter' for CMake module files
[1.055s] Level 1:colcon.colcon_core.environment:checking '/home/rsa2021/starter_code/install/comp3431_starter' for CMake config files
[1.055s] Level 1:colcon.colcon_core.shell:create_environment_hook('comp3431_starter', 'cmake_prefix_path')
[1.056s] INFO:colcon.colcon_core.shell:Creating environment hook '/home/rsa2021/starter_code/install/comp3431_starter/share/comp3431_starter/hook/cmake_prefix_path.ps1'
[1.059s] INFO:colcon.colcon_core.shell:Creating environment descriptor '/home/rsa2021/starter_code/install/comp3431_starter/share/comp3431_starter/hook/cmake_prefix_path.dsv'
[1.059s] INFO:colcon.colcon_core.shell:Creating environment hook '/home/rsa2021/starter_code/install/comp3431_starter/share/comp3431_starter/hook/cmake_prefix_path.sh'
[1.061s] Level 1:colcon.colcon_core.environment:checking '/home/rsa2021/starter_code/install/comp3431_starter/lib'
[1.062s] Level 1:colcon.colcon_core.environment:checking '/home/rsa2021/starter_code/install/comp3431_starter/bin'
[1.064s] Level 1:colcon.colcon_core.environment:checking '/home/rsa2021/starter_code/install/comp3431_starter/lib/pkgconfig/comp3431_starter.pc'
[1.065s] Level 1:colcon.colcon_core.environment:checking '/home/rsa2021/starter_code/install/comp3431_starter/lib/python3.8/site-packages'
[1.067s] INFO:colcon.colcon_core.shell:Creating package script '/home/rsa2021/starter_code/install/comp3431_starter/share/comp3431_starter/package.ps1'
[1.067s] INFO:colcon.colcon_core.shell:Creating package descriptor '/home/rsa2021/starter_code/install/comp3431_starter/share/comp3431_starter/package.dsv'
[1.068s] INFO:colcon.colcon_core.shell:Creating package script '/home/rsa2021/starter_code/install/comp3431_starter/share/comp3431_starter/package.sh'
[1.069s] INFO:colcon.colcon_core.shell:Creating package script '/home/rsa2021/starter_code/install/comp3431_starter/share/comp3431_starter/package.bash'
[1.069s] INFO:colcon.colcon_core.shell:Creating package script '/home/rsa2021/starter_code/install/comp3431_starter/share/comp3431_starter/package.zsh'
[1.069s] Level 1:colcon.colcon_core.environment:create_file_with_runtime_dependencies(/home/rsa2021/starter_code/install/comp3431_starter/share/colcon-core/packages/comp3431_starter)
[1.071s] Level 1:colcon.colcon_core.environment:create_environment_scripts_only(zbar_ros)
[1.072s] Level 1:colcon.colcon_core.environment:checking '/home/rsa2021/starter_code/install/zbar_ros' for CMake module files
[1.072s] Level 1:colcon.colcon_core.environment:checking '/home/rsa2021/starter_code/install/zbar_ros' for CMake config files
[1.072s] Level 1:colcon.colcon_core.shell:create_environment_hook('zbar_ros', 'cmake_prefix_path')
[1.073s] INFO:colcon.colcon_core.shell:Creating environment hook '/home/rsa2021/starter_code/install/zbar_ros/share/zbar_ros/hook/cmake_prefix_path.ps1'
[1.074s] INFO:colcon.colcon_core.shell:Creating environment descriptor '/home/rsa2021/starter_code/install/zbar_ros/share/zbar_ros/hook/cmake_prefix_path.dsv'
[1.074s] INFO:colcon.colcon_core.shell:Creating environment hook '/home/rsa2021/starter_code/install/zbar_ros/share/zbar_ros/hook/cmake_prefix_path.sh'
[1.074s] Level 1:colcon.colcon_core.environment:checking '/home/rsa2021/starter_code/install/zbar_ros/lib'
[1.075s] Level 1:colcon.colcon_core.environment:checking '/home/rsa2021/starter_code/install/zbar_ros/bin'
[1.075s] Level 1:colcon.colcon_core.environment:checking '/home/rsa2021/starter_code/install/zbar_ros/lib/pkgconfig/zbar_ros.pc'
[1.075s] Level 1:colcon.colcon_core.environment:checking '/home/rsa2021/starter_code/install/zbar_ros/lib/python3.8/site-packages'
[1.075s] INFO:colcon.colcon_core.shell:Creating package script '/home/rsa2021/starter_code/install/zbar_ros/share/zbar_ros/package.ps1'
[1.076s] INFO:colcon.colcon_core.shell:Creating package descriptor '/home/rsa2021/starter_code/install/zbar_ros/share/zbar_ros/package.dsv'
[1.076s] INFO:colcon.colcon_core.shell:Creating package script '/home/rsa2021/starter_code/install/zbar_ros/share/zbar_ros/package.sh'
[1.076s] INFO:colcon.colcon_core.shell:Creating package script '/home/rsa2021/starter_code/install/zbar_ros/share/zbar_ros/package.bash'
[1.077s] INFO:colcon.colcon_core.shell:Creating package script '/home/rsa2021/starter_code/install/zbar_ros/share/zbar_ros/package.zsh'
[1.077s] Level 1:colcon.colcon_core.environment:create_file_with_runtime_dependencies(/home/rsa2021/starter_code/install/zbar_ros/share/colcon-core/packages/zbar_ros)
[1.551s] DEBUG:colcon.colcon_core.event_handler.log_command:Invoked command in '/home/rsa2021/starter_code/build/lidar' returned '2': CMAKE_PREFIX_PATH=${CMAKE_PREFIX_PATH}:/opt/ros/foxy /usr/bin/cmake --build /home/rsa2021/starter_code/build/lidar -- -j4 -l4
[1.588s] Level 1:colcon.colcon_core.environment:create_environment_scripts_only(lidar)
[1.589s] Level 1:colcon.colcon_core.environment:checking '/home/rsa2021/starter_code/install/lidar' for CMake module files
[1.590s] Level 1:colcon.colcon_core.environment:checking '/home/rsa2021/starter_code/install/lidar' for CMake config files
[1.590s] Level 1:colcon.colcon_core.shell:create_environment_hook('lidar', 'cmake_prefix_path')
[1.591s] INFO:colcon.colcon_core.shell:Creating environment hook '/home/rsa2021/starter_code/install/lidar/share/lidar/hook/cmake_prefix_path.ps1'
[1.592s] INFO:colcon.colcon_core.shell:Creating environment descriptor '/home/rsa2021/starter_code/install/lidar/share/lidar/hook/cmake_prefix_path.dsv'
[1.592s] INFO:colcon.colcon_core.shell:Creating environment hook '/home/rsa2021/starter_code/install/lidar/share/lidar/hook/cmake_prefix_path.sh'
[1.593s] Level 1:colcon.colcon_core.environment:checking '/home/rsa2021/starter_code/install/lidar/lib'
[1.593s] Level 1:colcon.colcon_core.environment:checking '/home/rsa2021/starter_code/install/lidar/bin'
[1.593s] Level 1:colcon.colcon_core.environment:checking '/home/rsa2021/starter_code/install/lidar/lib/pkgconfig/lidar.pc'
[1.593s] Level 1:colcon.colcon_core.environment:checking '/home/rsa2021/starter_code/install/lidar/lib/python3.8/site-packages'
[1.593s] INFO:colcon.colcon_core.shell:Creating package script '/home/rsa2021/starter_code/install/lidar/share/lidar/package.ps1'
[1.594s] INFO:colcon.colcon_core.shell:Creating package descriptor '/home/rsa2021/starter_code/install/lidar/share/lidar/package.dsv'
[1.594s] INFO:colcon.colcon_core.shell:Creating package script '/home/rsa2021/starter_code/install/lidar/share/lidar/package.sh'
[1.595s] INFO:colcon.colcon_core.shell:Creating package script '/home/rsa2021/starter_code/install/lidar/share/lidar/package.bash'
[1.596s] INFO:colcon.colcon_core.shell:Creating package script '/home/rsa2021/starter_code/install/lidar/share/lidar/package.zsh'
[1.596s] Level 1:colcon.colcon_core.environment:create_file_with_runtime_dependencies(/home/rsa2021/starter_code/install/lidar/share/colcon-core/packages/lidar)
[1.607s] DEBUG:colcon.colcon_parallel_executor.executor.parallel:closing loop
[1.608s] DEBUG:colcon.colcon_parallel_executor.executor.parallel:loop closed
[1.608s] DEBUG:colcon.colcon_parallel_executor.executor.parallel:run_until_complete finished with '2'
[1.608s] DEBUG:colcon.colcon_core.event_reactor:joining thread
[1.617s] INFO:colcon.colcon_core.plugin_system:Skipping extension 'colcon_notification.desktop_notification.terminal_notifier': Not used on non-Darwin systems
[1.617s] INFO:colcon.colcon_core.plugin_system:Skipping extension 'colcon_notification.desktop_notification.win32': Not used on non-Windows systems
[1.618s] INFO:colcon.colcon_notification.desktop_notification:Sending desktop notification using 'notify2'
[1.639s] DEBUG:colcon.colcon_core.event_reactor:joined thread
[1.639s] INFO:colcon.colcon_core.shell:Creating prefix script '/home/rsa2021/starter_code/install/local_setup.ps1'
[1.640s] INFO:colcon.colcon_core.shell:Creating prefix util module '/home/rsa2021/starter_code/install/_local_setup_util_ps1.py'
[1.642s] INFO:colcon.colcon_core.shell:Creating prefix chain script '/home/rsa2021/starter_code/install/setup.ps1'
[1.644s] INFO:colcon.colcon_core.shell:Creating prefix script '/home/rsa2021/starter_code/install/local_setup.sh'
[1.646s] INFO:colcon.colcon_core.shell:Creating prefix util module '/home/rsa2021/starter_code/install/_local_setup_util_sh.py'
[1.646s] INFO:colcon.colcon_core.shell:Creating prefix chain script '/home/rsa2021/starter_code/install/setup.sh'
[1.648s] INFO:colcon.colcon_core.shell:Creating prefix script '/home/rsa2021/starter_code/install/local_setup.bash'
[1.649s] INFO:colcon.colcon_core.shell:Creating prefix chain script '/home/rsa2021/starter_code/install/setup.bash'
[1.651s] INFO:colcon.colcon_core.shell:Creating prefix script '/home/rsa2021/starter_code/install/local_setup.zsh'
[1.652s] INFO:colcon.colcon_core.shell:Creating prefix chain script '/home/rsa2021/starter_code/install/setup.zsh'
