[0.038s] Invoking command in '/home/rsa2021/starter_code/build/comp3431_starter': CMAKE_PREFIX_PATH=${CMAKE_PREFIX_PATH}:/opt/ros/foxy /usr/bin/cmake --build /home/rsa2021/starter_code/build/comp3431_starter -- -j4 -l4
[0.215s] [100%] Built target wallFollower
[0.233s] Invoked command in '/home/rsa2021/starter_code/build/comp3431_starter' returned '0': CMAKE_PREFIX_PATH=${CMAKE_PREFIX_PATH}:/opt/ros/foxy /usr/bin/cmake --build /home/rsa2021/starter_code/build/comp3431_starter -- -j4 -l4
[0.319s] Invoking command in '/home/rsa2021/starter_code/build/comp3431_starter': CMAKE_PREFIX_PATH=${CMAKE_PREFIX_PATH}:/opt/ros/foxy /usr/bin/cmake --install /home/rsa2021/starter_code/build/comp3431_starter
[0.339s] -- Install configuration: ""
[0.341s] -- Execute custom install script
[0.342s] -- Up-to-date symlink: /home/rsa2021/starter_code/install/comp3431_starter/share/ament_index/resource_index/package_run_dependencies/comp3431_starter
[0.347s] -- Up-to-date symlink: /home/rsa2021/starter_code/install/comp3431_starter/share/ament_index/resource_index/parent_prefix_path/comp3431_starter
[0.347s] -- Up-to-date symlink: /home/rsa2021/starter_code/install/comp3431_starter/share/comp3431_starter/environment/ament_prefix_path.sh
[0.347s] -- Up-to-date symlink: /home/rsa2021/starter_code/install/comp3431_starter/share/comp3431_starter/environment/ament_prefix_path.dsv
[0.347s] -- Up-to-date symlink: /home/rsa2021/starter_code/install/comp3431_starter/share/comp3431_starter/environment/path.sh
[0.347s] -- Up-to-date symlink: /home/rsa2021/starter_code/install/comp3431_starter/share/comp3431_starter/environment/path.dsv
[0.347s] -- Up-to-date symlink: /home/rsa2021/starter_code/install/comp3431_starter/share/comp3431_starter/local_setup.bash
[0.347s] -- Up-to-date symlink: /home/rsa2021/starter_code/install/comp3431_starter/share/comp3431_starter/local_setup.sh
[0.351s] -- Up-to-date symlink: /home/rsa2021/starter_code/install/comp3431_starter/share/comp3431_starter/local_setup.zsh
[0.351s] -- Up-to-date symlink: /home/rsa2021/starter_code/install/comp3431_starter/share/comp3431_starter/local_setup.dsv
[0.351s] -- Symlinking: /home/rsa2021/starter_code/install/comp3431_starter/share/comp3431_starter/package.dsv
[0.378s] -- Up-to-date symlink: /home/rsa2021/starter_code/install/comp3431_starter/share/ament_index/resource_index/packages/comp3431_starter
[0.378s] -- Up-to-date symlink: /home/rsa2021/starter_code/install/comp3431_starter/share/comp3431_starter/cmake/comp3431_starterConfig.cmake
[0.378s] -- Up-to-date symlink: /home/rsa2021/starter_code/install/comp3431_starter/share/comp3431_starter/cmake/comp3431_starterConfig-version.cmake
[0.379s] -- Up-to-date symlink: /home/rsa2021/starter_code/install/comp3431_starter/share/comp3431_starter/package.xml
[0.382s] -- Up-to-date symlink: /home/rsa2021/starter_code/install/comp3431_starter/lib/comp3431_starter/wallFollower
[0.385s] Invoked command in '/home/rsa2021/starter_code/build/comp3431_starter' returned '0': CMAKE_PREFIX_PATH=${CMAKE_PREFIX_PATH}:/opt/ros/foxy /usr/bin/cmake --install /home/rsa2021/starter_code/build/comp3431_starter
