[0.031s] Invoking command in '/home/rsa2021/starter_code/build/comp3431_starter': CMAKE_PREFIX_PATH=${CMAKE_PREFIX_PATH}:/opt/ros/foxy /usr/bin/cmake --build /home/rsa2021/starter_code/build/comp3431_starter -- -j4 -l4
[0.126s] [100%] Built target wallFollower
[0.137s] Invoked command in '/home/rsa2021/starter_code/build/comp3431_starter' returned '0': CMAKE_PREFIX_PATH=${CMAKE_PREFIX_PATH}:/opt/ros/foxy /usr/bin/cmake --build /home/rsa2021/starter_code/build/comp3431_starter -- -j4 -l4
[0.210s] Invoking command in '/home/rsa2021/starter_code/build/comp3431_starter': CMAKE_PREFIX_PATH=${CMAKE_PREFIX_PATH}:/opt/ros/foxy /usr/bin/cmake --install /home/rsa2021/starter_code/build/comp3431_starter
[0.224s] -- Install configuration: ""
[0.224s] -- Execute custom install script
[0.226s] -- Up-to-date symlink: /home/rsa2021/starter_code/install/comp3431_starter/share/ament_index/resource_index/package_run_dependencies/comp3431_starter
[0.226s] -- Up-to-date symlink: /home/rsa2021/starter_code/install/comp3431_starter/share/ament_index/resource_index/parent_prefix_path/comp3431_starter
[0.226s] -- Up-to-date symlink: /home/rsa2021/starter_code/install/comp3431_starter/share/comp3431_starter/environment/ament_prefix_path.sh
[0.227s] -- Up-to-date symlink: /home/rsa2021/starter_code/install/comp3431_starter/share/comp3431_starter/environment/ament_prefix_path.dsv
[0.228s] -- Up-to-date symlink: /home/rsa2021/starter_code/install/comp3431_starter/share/comp3431_starter/environment/path.sh
[0.228s] -- Up-to-date symlink: /home/rsa2021/starter_code/install/comp3431_starter/share/comp3431_starter/environment/path.dsv
[0.229s] -- Up-to-date symlink: /home/rsa2021/starter_code/install/comp3431_starter/share/comp3431_starter/local_setup.bash
[0.230s] -- Up-to-date symlink: /home/rsa2021/starter_code/install/comp3431_starter/share/comp3431_starter/local_setup.sh
[0.230s] -- Up-to-date symlink: /home/rsa2021/starter_code/install/comp3431_starter/share/comp3431_starter/local_setup.zsh
[0.231s] -- Up-to-date symlink: /home/rsa2021/starter_code/install/comp3431_starter/share/comp3431_starter/local_setup.dsv
[0.231s] -- Symlinking: /home/rsa2021/starter_code/install/comp3431_starter/share/comp3431_starter/package.dsv
[0.245s] -- Up-to-date symlink: /home/rsa2021/starter_code/install/comp3431_starter/share/ament_index/resource_index/packages/comp3431_starter
[0.246s] -- Up-to-date symlink: /home/rsa2021/starter_code/install/comp3431_starter/share/comp3431_starter/cmake/comp3431_starterConfig.cmake
[0.247s] -- Up-to-date symlink: /home/rsa2021/starter_code/install/comp3431_starter/share/comp3431_starter/cmake/comp3431_starterConfig-version.cmake
[0.249s] -- Up-to-date symlink: /home/rsa2021/starter_code/install/comp3431_starter/share/comp3431_starter/package.xml
[0.253s] -- Up-to-date symlink: /home/rsa2021/starter_code/install/comp3431_starter/lib/comp3431_starter/wallFollower
[0.261s] Invoked command in '/home/rsa2021/starter_code/build/comp3431_starter' returned '0': CMAKE_PREFIX_PATH=${CMAKE_PREFIX_PATH}:/opt/ros/foxy /usr/bin/cmake --install /home/rsa2021/starter_code/build/comp3431_starter
