[0.030s] Invoking command in '/home/rsa2021/starter_code/build/lidar': CMAKE_PREFIX_PATH=${CMAKE_PREFIX_PATH}:/opt/ros/foxy /usr/bin/cmake --build /home/rsa2021/starter_code/build/lidar -- -j4 -l4
[0.095s] [35m[1mScanning dependencies of target lidar[0m
[0.140s] [ 50%] [32mBuilding CXX object CMakeFiles/lidar.dir/src/lidar_main.cpp.o[0m
[0.258s] [01m[K/home/rsa2021/starter_code/src/lidar/src/lidar_main.cpp:14:25:[m[K [01;35m[Kwarning: [m[Kcharacter constant too long for its type
[0.258s]    14 |     PointCloud() : Node([01;35m[K'lidar_node'[m[K) {
[0.258s]       |                         [01;35m[K^~~~~~~~~~~~[m[K
[1.426s] [01m[K/home/rsa2021/starter_code/src/lidar/src/lidar_main.cpp:7:36:[m[K [01;31m[Kerror: [m[K‘[01m[K_1[m[K’ is not a namespace-name
[1.426s]     7 | using namespace std::placeholders::[01;31m[K_1[m[K;
[1.426s]       |                                    [01;31m[K^~[m[K
[1.426s] [01m[K/home/rsa2021/starter_code/src/lidar/src/lidar_main.cpp:9:33:[m[K [01;31m[Kerror: [m[Kexpected class-name before ‘[01m[K:[m[K’ token
[1.426s]     9 | class PointCloud : public rclcpp[01;31m[K:[m[KNode {
[1.426s]       |                                 [01;31m[K^[m[K
[1.426s] [01m[K/home/rsa2021/starter_code/src/lidar/src/lidar_main.cpp:9:33:[m[K [01;31m[Kerror: [m[Kexpected ‘[01m[K{[m[K’ before ‘[01m[K:[m[K’ token
[1.426s] [01m[K/home/rsa2021/starter_code/src/lidar/src/lidar_main.cpp:9:33:[m[K [01;31m[Kerror: [m[Kexpected unqualified-id before ‘[01m[K:[m[K’ token
[1.429s] [01m[K/home/rsa2021/starter_code/src/lidar/src/lidar_main.cpp:[m[K In function ‘[01m[Kint main(int, char**)[m[K’:
[1.429s] [01m[K/home/rsa2021/starter_code/src/lidar/src/lidar_main.cpp:60:46:[m[K [01;31m[Kerror: [m[Kno matching function for call to ‘[01m[Kspin(std::shared_ptr<PointCloud>)[m[K’
[1.429s]    60 |   rclcpp::spin(std::make_shared<PointCloud>()[01;31m[K)[m[K;
[1.429s]       |                                              [01;31m[K^[m[K
[1.429s] In file included from [01m[K/opt/ros/foxy/include/rclcpp/rclcpp.hpp:146[m[K,
[1.429s]                  from [01m[K/home/rsa2021/starter_code/src/lidar/src/lidar_main.cpp:2[m[K:
[1.429s] [01m[K/opt/ros/foxy/include/rclcpp/executors.hpp:45:1:[m[K [01;36m[Knote: [m[Kcandidate: ‘[01m[Kvoid rclcpp::spin(rclcpp::node_interfaces::NodeBaseInterface::SharedPtr)[m[K’
[1.430s]    45 | [01;36m[Kspin[m[K(rclcpp::node_interfaces::NodeBaseInterface::SharedPtr node_ptr);
[1.430s]       | [01;36m[K^~~~[m[K
[1.430s] [01m[K/opt/ros/foxy/include/rclcpp/executors.hpp:45:60:[m[K [01;36m[Knote: [m[K  no known conversion for argument 1 from ‘[01m[Kshared_ptr<[01;32m[KPointCloud[m[K>[m[K’ to ‘[01m[Kshared_ptr<[01;32m[Krclcpp::node_interfaces::NodeBaseInterface[m[K>[m[K’
[1.430s]    45 | [01;36m[Kode_interfaces::NodeBaseInterface::SharedPtr node_ptr[m[K);
[1.430s]       | [01;36m[K~~~~~~~~~~~~~~~~~~~~~~~~~~~~~~~~~~~~~~~~~~~~~^~~~~~~~[m[K
[1.430s] 
[1.430s] [01m[K/opt/ros/foxy/include/rclcpp/executors.hpp:49:1:[m[K [01;36m[Knote: [m[Kcandidate: ‘[01m[Kvoid rclcpp::spin(rclcpp::Node::SharedPtr)[m[K’
[1.430s]    49 | [01;36m[Kspin[m[K(rclcpp::Node::SharedPtr node_ptr);
[1.430s]       | [01;36m[K^~~~[m[K
[1.430s] [01m[K/opt/ros/foxy/include/rclcpp/executors.hpp:49:30:[m[K [01;36m[Knote: [m[K  no known conversion for argument 1 from ‘[01m[Kshared_ptr<[01;32m[KPointCloud[m[K>[m[K’ to ‘[01m[Kshared_ptr<[01;32m[Krclcpp::Node[m[K>[m[K’
[1.430s]    49 | spin([01;36m[Krclcpp::Node::SharedPtr node_ptr[m[K);
[1.430s]       |      [01;36m[K~~~~~~~~~~~~~~~~~~~~~~~~^~~~~~~~[m[K
[1.685s] In file included from [01m[K/usr/include/c++/9/bits/shared_ptr_base.h:56[m[K,
[1.685s]                  from [01m[K/usr/include/c++/9/bits/shared_ptr.h:52[m[K,
[1.685s]                  from [01m[K/usr/include/c++/9/memory:81[m[K,
[1.685s]                  from [01m[K/home/rsa2021/starter_code/src/lidar/src/lidar_main.cpp:1[m[K:
[1.685s] /usr/include/c++/9/ext/aligned_buffer.h: In instantiation of ‘[01m[Kstruct __gnu_cxx::__aligned_buffer<PointCloud>[m[K’:
[1.685s] [01m[K/usr/include/c++/9/bits/shared_ptr_base.h:535:35:[m[K   required from ‘[01m[Kclass std::_Sp_counted_ptr_inplace<PointCloud, std::allocator<PointCloud>, __gnu_cxx::_S_atomic>::_Impl[m[K’
[1.685s] [01m[K/usr/include/c++/9/bits/shared_ptr_base.h:596:13:[m[K   required from ‘[01m[Kclass std::_Sp_counted_ptr_inplace<PointCloud, std::allocator<PointCloud>, __gnu_cxx::_S_atomic>[m[K’
[1.685s] [01m[K/usr/include/c++/9/bits/shared_ptr_base.h:676:43:[m[K   required from ‘[01m[Kstd::__shared_count<_Lp>::__shared_count(_Tp*&, std::_Sp_alloc_shared_tag<_Alloc>, _Args&& ...) [with _Tp = PointCloud; _Alloc = std::allocator<PointCloud>; _Args = {}; __gnu_cxx::_Lock_policy _Lp = __gnu_cxx::_S_atomic][m[K’
[1.685s] [01m[K/usr/include/c++/9/bits/shared_ptr_base.h:1344:71:[m[K   required from ‘[01m[Kstd::__shared_ptr<_Tp, _Lp>::__shared_ptr(std::_Sp_alloc_shared_tag<_Tp>, _Args&& ...) [with _Alloc = std::allocator<PointCloud>; _Args = {}; _Tp = PointCloud; __gnu_cxx::_Lock_policy _Lp = __gnu_cxx::_S_atomic][m[K’
[1.685s] [01m[K/usr/include/c++/9/bits/shared_ptr.h:359:59:[m[K   required from ‘[01m[Kstd::shared_ptr<_Tp>::shared_ptr(std::_Sp_alloc_shared_tag<_Tp>, _Args&& ...) [with _Alloc = std::allocator<PointCloud>; _Args = {}; _Tp = PointCloud][m[K’
[1.685s] [01m[K/usr/include/c++/9/bits/shared_ptr.h:701:14:[m[K   required from ‘[01m[Kstd::shared_ptr<_Tp> std::allocate_shared(const _Alloc&, _Args&& ...) [with _Tp = PointCloud; _Alloc = std::allocator<PointCloud>; _Args = {}][m[K’
[1.685s] [01m[K/usr/include/c++/9/bits/shared_ptr.h:717:39:[m[K   required from ‘[01m[Kstd::shared_ptr<_Tp> std::make_shared(_Args&& ...) [with _Tp = PointCloud; _Args = {}][m[K’
[1.686s] [01m[K/home/rsa2021/starter_code/src/lidar/src/lidar_main.cpp:60:45:[m[K   required from here
[1.686s] [01m[K/usr/include/c++/9/ext/aligned_buffer.h:91:28:[m[K [01;31m[Kerror: [m[Kinvalid application of ‘[01m[Ksizeof[m[K’ to incomplete type ‘[01m[KPointCloud[m[K’
[1.686s]    91 |     : std::aligned_storage<[01;31m[Ksizeof(_Tp)[m[K, __alignof__(_Tp)>
[1.686s]       |                            [01;31m[K^~~~~~~~~~~[m[K
[1.686s] [01m[K/usr/include/c++/9/ext/aligned_buffer.h:91:28:[m[K [01;31m[Kerror: [m[Kinvalid application of ‘[01m[Ksizeof[m[K’ to incomplete type ‘[01m[KPointCloud[m[K’
[1.761s] make[2]: *** [CMakeFiles/lidar.dir/build.make:63: CMakeFiles/lidar.dir/src/lidar_main.cpp.o] Error 1
[1.762s] make[1]: *** [CMakeFiles/Makefile2:78: CMakeFiles/lidar.dir/all] Error 2
[1.762s] make: *** [Makefile:141: all] Error 2
[1.764s] Invoked command in '/home/rsa2021/starter_code/build/lidar' returned '2': CMAKE_PREFIX_PATH=${CMAKE_PREFIX_PATH}:/opt/ros/foxy /usr/bin/cmake --build /home/rsa2021/starter_code/build/lidar -- -j4 -l4
