[0.022s] Invoking command in '/home/rsa2021/starter_code/build/lidar': CMAKE_PREFIX_PATH=/opt/ros/foxy /usr/bin/cmake --build /home/rsa2021/starter_code/build/lidar -- -j4 -l4
[0.068s] [35m[1mScanning dependencies of target lidar[0m
[0.093s] [ 50%] [32mBuilding CXX object CMakeFiles/lidar.dir/src/lidar_main.cpp.o[0m
[1.173s] [01m[K/home/rsa2021/starter_code/src/lidar/src/lidar_main.cpp:[m[K In lambda function:
[1.173s] [01m[K/home/rsa2021/starter_code/src/lidar/src/lidar_main.cpp:15:45:[m[K [01;31m[Kerror: [m[Kcannot convert ‘[01m[Kgeometry_msgs::msg::PointStamped_<std::allocator<void> >::SharedPtr[m[K’ {aka ‘[01m[Kstd::shared_ptr<geometry_msgs::msg::PointStamped_<std::allocator<void> > >[m[K’} to ‘[01m[Kgeometry_msgs::msg::PointStamped&[m[K’ {aka ‘[01m[Kgeometry_msgs::msg::PointStamped_<std::allocator<void> >&[m[K’}
[1.174s]    15 |                 publisher_->publish(convert([01;31m[Kps[m[K));
[1.174s]       |                                             [01;31m[K^~[m[K
[1.174s]       |                                             [01;31m[K|[m[K
[1.174s]       |                                             [01;31m[Kgeometry_msgs::msg::PointStamped_<std::allocator<void> >::SharedPtr {aka std::shared_ptr<geometry_msgs::msg::PointStamped_<std::allocator<void> > >}[m[K
[1.174s] [01m[K/home/rsa2021/starter_code/src/lidar/src/lidar_main.cpp:20:79:[m[K [01;36m[Knote: [m[K  initializing argument 1 of ‘[01m[Kvisualization_msgs::msg::Marker PointCloud::convert(geometry_msgs::msg::PointStamped&)[m[K’
[1.174s]    20 |     visualization_msgs::msg::Marker convert([01;36m[Kgeometry_msgs::msg::PointStamped &ps[m[K) {
[1.174s]       |                                             [01;36m[K~~~~~~~~~~~~~~~~~~~~~~~~~~~~~~~~~~^~[m[K
[1.181s] [01m[K/home/rsa2021/starter_code/src/lidar/src/lidar_main.cpp:[m[K In member function ‘[01m[Kvoid PointCloud::point_callback()[m[K’:
[1.182s] [01m[K/home/rsa2021/starter_code/src/lidar/src/lidar_main.cpp:51:31:[m[K [01;31m[Kerror: [m[Kno matching function for call to ‘[01m[Krclcpp::Publisher<visualization_msgs::msg::Marker_<std::allocator<void> > >::publish(geometry_msgs::msg::PointStamped&)[m[K’
[1.182s]    51 |         publisher_->publish(ps[01;31m[K)[m[K;
[1.182s]       |                               [01;31m[K^[m[K
[1.182s] In file included from [01m[K/opt/ros/foxy/include/rclcpp/topic_statistics/subscription_topic_statistics.hpp:31[m[K,
[1.182s]                  from [01m[K/opt/ros/foxy/include/rclcpp/subscription.hpp:50[m[K,
[1.182s]                  from [01m[K/opt/ros/foxy/include/rclcpp/any_executable.hpp:25[m[K,
[1.182s]                  from [01m[K/opt/ros/foxy/include/rclcpp/memory_strategy.hpp:24[m[K,
[1.182s]                  from [01m[K/opt/ros/foxy/include/rclcpp/memory_strategies.hpp:18[m[K,
[1.182s]                  from [01m[K/opt/ros/foxy/include/rclcpp/executor_options.hpp:20[m[K,
[1.182s]                  from [01m[K/opt/ros/foxy/include/rclcpp/executor.hpp:33[m[K,
[1.182s]                  from [01m[K/opt/ros/foxy/include/rclcpp/executors/multi_threaded_executor.hpp:25[m[K,
[1.182s]                  from [01m[K/opt/ros/foxy/include/rclcpp/executors.hpp:21[m[K,
[1.182s]                  from [01m[K/opt/ros/foxy/include/rclcpp/rclcpp.hpp:146[m[K,
[1.183s]                  from [01m[K/home/rsa2021/starter_code/src/lidar/src/lidar_main.cpp:2[m[K:
[1.183s] [01m[K/opt/ros/foxy/include/rclcpp/publisher.hpp:185:3:[m[K [01;36m[Knote: [m[Kcandidate: ‘[01m[Kvoid rclcpp::Publisher<MessageT, AllocatorT>::publish(std::unique_ptr<MessageT, typename std::conditional<std::is_same<typename std::allocator_traits<typename std::allocator_traits<_Alloc>::rebind_traits<MessageT>::allocator_type>::rebind_alloc<MessageT>, typename std::allocator<void>::rebind<_Tp1>::other>::value, std::default_delete<_Tp>, rclcpp::allocator::AllocatorDeleter<typename std::allocator_traits<_Alloc>::rebind_traits<MessageT>::allocator_type> >::type>) [with MessageT = visualization_msgs::msg::Marker_<std::allocator<void> >; AllocatorT = std::allocator<void>; typename std::conditional<std::is_same<typename std::allocator_traits<typename std::allocator_traits<_Alloc>::rebind_traits<MessageT>::allocator_type>::rebind_alloc<MessageT>, typename std::allocator<void>::rebind<_Tp1>::other>::value, std::default_delete<_Tp>, rclcpp::allocator::AllocatorDeleter<typename std::allocator_traits<_Alloc>::rebind_traits<MessageT>::allocator_type> >::type = std::default_delete<visualization_msgs::msg::Marker_<std::allocator<void> > >][m[K’
[1.183s]   185 |   [01;36m[Kpublish[m[K(std::unique_ptr<MessageT, MessageDeleter> msg)
[1.183s]       |   [01;36m[K^~~~~~~[m[K
[1.183s] [01m[K/opt/ros/foxy/include/rclcpp/publisher.hpp:185:53:[m[K [01;36m[Knote: [m[K  no known conversion for argument 1 from ‘[01m[Kgeometry_msgs::msg::PointStamped[m[K’ {aka ‘[01m[Kgeometry_msgs::msg::PointStamped_<std::allocator<void> >[m[K’} to ‘[01m[Kstd::unique_ptr<visualization_msgs::msg::Marker_<std::allocator<void> >, std::default_delete<visualization_msgs::msg::Marker_<std::allocator<void> > > >[m[K’
[1.183s]   185 |   publish([01;36m[Kstd::unique_ptr<MessageT, MessageDeleter> msg[m[K)
[1.183s]       |           [01;36m[K~~~~~~~~~~~~~~~~~~~~~~~~~~~~~~~~~~~~~~~~~~^~~[m[K
[1.183s] [01m[K/opt/ros/foxy/include/rclcpp/publisher.hpp:209:3:[m[K [01;36m[Knote: [m[Kcandidate: ‘[01m[Kvoid rclcpp::Publisher<MessageT, AllocatorT>::publish(const MessageT&) [with MessageT = visualization_msgs::msg::Marker_<std::allocator<void> >; AllocatorT = std::allocator<void>][m[K’
[1.183s]   209 |   [01;36m[Kpublish[m[K(const MessageT & msg)
[1.183s]       |   [01;36m[K^~~~~~~[m[K
[1.183s] [01m[K/opt/ros/foxy/include/rclcpp/publisher.hpp:209:28:[m[K [01;36m[Knote: [m[K  no known conversion for argument 1 from ‘[01m[Kgeometry_msgs::msg::PointStamped[m[K’ {aka ‘[01m[Kgeometry_msgs::msg::PointStamped_<std::allocator<void> >[m[K’} to ‘[01m[Kconst visualization_msgs::msg::Marker_<std::allocator<void> >&[m[K’
[1.183s]   209 |   publish([01;36m[Kconst MessageT & msg[m[K)
[1.183s]       |           [01;36m[K~~~~~~~~~~~~~~~~~^~~[m[K
[1.183s] [01m[K/opt/ros/foxy/include/rclcpp/publisher.hpp:226:3:[m[K [01;36m[Knote: [m[Kcandidate: ‘[01m[Kvoid rclcpp::Publisher<MessageT, AllocatorT>::publish(const rcl_serialized_message_t&) [with MessageT = visualization_msgs::msg::Marker_<std::allocator<void> >; AllocatorT = std::allocator<void>; rcl_serialized_message_t = rcutils_uint8_array_t][m[K’
[1.183s]   226 |   [01;36m[Kpublish[m[K(const rcl_serialized_message_t & serialized_msg)
[1.183s]       |   [01;36m[K^~~~~~~[m[K
[1.183s] [01m[K/opt/ros/foxy/include/rclcpp/publisher.hpp:226:44:[m[K [01;36m[Knote: [m[K  no known conversion for argument 1 from ‘[01m[Kgeometry_msgs::msg::PointStamped[m[K’ {aka ‘[01m[Kgeometry_msgs::msg::PointStamped_<std::allocator<void> >[m[K’} to ‘[01m[Kconst rcl_serialized_message_t&[m[K’ {aka ‘[01m[Kconst rcutils_uint8_array_t&[m[K’}
[1.183s]   226 |   publish([01;36m[Kconst rcl_serialized_message_t & serialized_msg[m[K)
[1.183s]       |           [01;36m[K~~~~~~~~~~~~~~~~~~~~~~~~~~~~~~~~~^~~~~~~~~~~~~~[m[K
[1.184s] [01m[K/opt/ros/foxy/include/rclcpp/publisher.hpp:232:3:[m[K [01;36m[Knote: [m[Kcandidate: ‘[01m[Kvoid rclcpp::Publisher<MessageT, AllocatorT>::publish(const rclcpp::SerializedMessage&) [with MessageT = visualization_msgs::msg::Marker_<std::allocator<void> >; AllocatorT = std::allocator<void>][m[K’
[1.184s]   232 |   [01;36m[Kpublish[m[K(const SerializedMessage & serialized_msg)
[1.184s]       |   [01;36m[K^~~~~~~[m[K
[1.184s] [01m[K/opt/ros/foxy/include/rclcpp/publisher.hpp:232:37:[m[K [01;36m[Knote: [m[K  no known conversion for argument 1 from ‘[01m[Kgeometry_msgs::msg::PointStamped[m[K’ {aka ‘[01m[Kgeometry_msgs::msg::PointStamped_<std::allocator<void> >[m[K’} to ‘[01m[Kconst rclcpp::SerializedMessage&[m[K’
[1.184s]   232 |   publish([01;36m[Kconst SerializedMessage & serialized_msg[m[K)
[1.184s]       |           [01;36m[K~~~~~~~~~~~~~~~~~~~~~~~~~~^~~~~~~~~~~~~~[m[K
[1.184s] [01m[K/opt/ros/foxy/include/rclcpp/publisher.hpp:246:3:[m[K [01;36m[Knote: [m[Kcandidate: ‘[01m[Kvoid rclcpp::Publisher<MessageT, AllocatorT>::publish(rclcpp::LoanedMessage<MessageT, AllocatorT>&&) [with MessageT = visualization_msgs::msg::Marker_<std::allocator<void> >; AllocatorT = std::allocator<void>][m[K’
[1.184s]   246 |   [01;36m[Kpublish[m[K(rclcpp::LoanedMessage<MessageT, AllocatorT> && loaned_msg)
[1.184s]       |   [01;36m[K^~~~~~~[m[K
[1.184s] [01m[K/opt/ros/foxy/include/rclcpp/publisher.hpp:246:58:[m[K [01;36m[Knote: [m[K  no known conversion for argument 1 from ‘[01m[Kgeometry_msgs::msg::PointStamped[m[K’ {aka ‘[01m[Kgeometry_msgs::msg::PointStamped_<std::allocator<void> >[m[K’} to ‘[01m[Krclcpp::LoanedMessage<visualization_msgs::msg::Marker_<std::allocator<void> >, std::allocator<void> >&&[m[K’
[1.184s]   246 |   publish([01;36m[Krclcpp::LoanedMessage<MessageT, AllocatorT> && loaned_msg[m[K)
[1.184s]       |           [01;36m[K~~~~~~~~~~~~~~~~~~~~~~~~~~~~~~~~~~~~~~~~~~~~~~~^~~~~~~~~~[m[K
[2.519s] make[2]: *** [CMakeFiles/lidar.dir/build.make:63: CMakeFiles/lidar.dir/src/lidar_main.cpp.o] Error 1
[2.519s] make[1]: *** [CMakeFiles/Makefile2:78: CMakeFiles/lidar.dir/all] Error 2
[2.519s] make: *** [Makefile:141: all] Error 2
[2.523s] Invoked command in '/home/rsa2021/starter_code/build/lidar' returned '2': CMAKE_PREFIX_PATH=/opt/ros/foxy /usr/bin/cmake --build /home/rsa2021/starter_code/build/lidar -- -j4 -l4
