[0.021s] Invoking command in '/home/rsa2021/starter_code/build/lidar': CMAKE_PREFIX_PATH=${CMAKE_PREFIX_PATH}:/opt/ros/foxy /usr/bin/cmake --build /home/rsa2021/starter_code/build/lidar -- -j4 -l4
[0.060s] [35m[1mScanning dependencies of target lidar[0m
[0.084s] [ 50%] [32mBuilding CXX object CMakeFiles/lidar.dir/src/lidar_main.cpp.o[0m
[4.487s] [100%] [32m[1mLinking CXX executable lidar[0m
[4.662s] [100%] Built target lidar
[4.674s] Invoked command in '/home/rsa2021/starter_code/build/lidar' returned '0': CMAKE_PREFIX_PATH=${CMAKE_PREFIX_PATH}:/opt/ros/foxy /usr/bin/cmake --build /home/rsa2021/starter_code/build/lidar -- -j4 -l4
[4.704s] Invoking command in '/home/rsa2021/starter_code/build/lidar': CMAKE_PREFIX_PATH=${CMAKE_PREFIX_PATH}:/opt/ros/foxy /usr/bin/cmake --install /home/rsa2021/starter_code/build/lidar
[4.712s] -- Install configuration: ""
[4.712s] -- Installing: /home/rsa2021/starter_code/install/lidar/lib/lidar/lidar
[4.714s] -- Set runtime path of "/home/rsa2021/starter_code/install/lidar/lib/lidar/lidar" to ""
[4.714s] -- Up-to-date: /home/rsa2021/starter_code/install/lidar/share/ament_index/resource_index/package_run_dependencies/lidar
[4.714s] -- Up-to-date: /home/rsa2021/starter_code/install/lidar/share/ament_index/resource_index/parent_prefix_path/lidar
[4.714s] -- Up-to-date: /home/rsa2021/starter_code/install/lidar/share/lidar/environment/ament_prefix_path.sh
[4.715s] -- Up-to-date: /home/rsa2021/starter_code/install/lidar/share/lidar/environment/ament_prefix_path.dsv
[4.715s] -- Up-to-date: /home/rsa2021/starter_code/install/lidar/share/lidar/environment/path.sh
[4.715s] -- Up-to-date: /home/rsa2021/starter_code/install/lidar/share/lidar/environment/path.dsv
[4.715s] -- Up-to-date: /home/rsa2021/starter_code/install/lidar/share/lidar/local_setup.bash
[4.715s] -- Up-to-date: /home/rsa2021/starter_code/install/lidar/share/lidar/local_setup.sh
[4.715s] -- Up-to-date: /home/rsa2021/starter_code/install/lidar/share/lidar/local_setup.zsh
[4.716s] -- Up-to-date: /home/rsa2021/starter_code/install/lidar/share/lidar/local_setup.dsv
[4.716s] -- Up-to-date: /home/rsa2021/starter_code/install/lidar/share/lidar/package.dsv
[4.716s] -- Up-to-date: /home/rsa2021/starter_code/install/lidar/share/ament_index/resource_index/packages/lidar
[4.716s] -- Up-to-date: /home/rsa2021/starter_code/install/lidar/share/lidar/cmake/lidarConfig.cmake
[4.716s] -- Up-to-date: /home/rsa2021/starter_code/install/lidar/share/lidar/cmake/lidarConfig-version.cmake
[4.717s] -- Up-to-date: /home/rsa2021/starter_code/install/lidar/share/lidar/package.xml
[4.720s] Invoked command in '/home/rsa2021/starter_code/build/lidar' returned '0': CMAKE_PREFIX_PATH=${CMAKE_PREFIX_PATH}:/opt/ros/foxy /usr/bin/cmake --install /home/rsa2021/starter_code/build/lidar
