[0.017s] Invoking command in '/home/rsa2021/starter_code/build/lidar': CMAKE_PREFIX_PATH=/opt/ros/foxy /usr/bin/cmake --build /home/rsa2021/starter_code/build/lidar -- -j4 -l4
[0.063s] [100%] Built target lidar_node
[0.074s] Invoked command in '/home/rsa2021/starter_code/build/lidar' returned '0': CMAKE_PREFIX_PATH=/opt/ros/foxy /usr/bin/cmake --build /home/rsa2021/starter_code/build/lidar -- -j4 -l4
[0.116s] Invoking command in '/home/rsa2021/starter_code/build/lidar': CMAKE_PREFIX_PATH=/opt/ros/foxy /usr/bin/cmake --install /home/rsa2021/starter_code/build/lidar
[0.124s] -- Install configuration: ""
[0.125s] -- Up-to-date: /home/rsa2021/starter_code/install/lidar/lib/lidar/lidar_node
[0.125s] -- Up-to-date: /home/rsa2021/starter_code/install/lidar/share/ament_index/resource_index/package_run_dependencies/lidar
[0.125s] -- Up-to-date: /home/rsa2021/starter_code/install/lidar/share/ament_index/resource_index/parent_prefix_path/lidar
[0.125s] -- Up-to-date: /home/rsa2021/starter_code/install/lidar/share/lidar/environment/ament_prefix_path.sh
[0.125s] -- Up-to-date: /home/rsa2021/starter_code/install/lidar/share/lidar/environment/ament_prefix_path.dsv
[0.125s] -- Up-to-date: /home/rsa2021/starter_code/install/lidar/share/lidar/environment/path.sh
[0.125s] -- Up-to-date: /home/rsa2021/starter_code/install/lidar/share/lidar/environment/path.dsv
[0.126s] -- Up-to-date: /home/rsa2021/starter_code/install/lidar/share/lidar/local_setup.bash
[0.126s] -- Up-to-date: /home/rsa2021/starter_code/install/lidar/share/lidar/local_setup.sh
[0.126s] -- Up-to-date: /home/rsa2021/starter_code/install/lidar/share/lidar/local_setup.zsh
[0.126s] -- Up-to-date: /home/rsa2021/starter_code/install/lidar/share/lidar/local_setup.dsv
[0.126s] -- Up-to-date: /home/rsa2021/starter_code/install/lidar/share/lidar/package.dsv
[0.126s] -- Up-to-date: /home/rsa2021/starter_code/install/lidar/share/ament_index/resource_index/packages/lidar
[0.126s] -- Up-to-date: /home/rsa2021/starter_code/install/lidar/share/lidar/cmake/lidarConfig.cmake
[0.126s] -- Up-to-date: /home/rsa2021/starter_code/install/lidar/share/lidar/cmake/lidarConfig-version.cmake
[0.126s] -- Up-to-date: /home/rsa2021/starter_code/install/lidar/share/lidar/package.xml
[0.128s] Invoked command in '/home/rsa2021/starter_code/build/lidar' returned '0': CMAKE_PREFIX_PATH=/opt/ros/foxy /usr/bin/cmake --install /home/rsa2021/starter_code/build/lidar
