[0.020s] Invoking command in '/home/rsa2021/starter_code/build/lidar': CMAKE_PREFIX_PATH=/opt/ros/foxy /usr/bin/cmake --build /home/rsa2021/starter_code/build/lidar -- -j4 -l4
[0.111s] [ 50%] [32mBuilding CXX object CMakeFiles/lidar.dir/src/lidar_main.cpp.o[0m
[1.582s] [01m[K/home/rsa2021/starter_code/src/lidar/src/lidar_main.cpp:20:25:[m[K [01;31m[Kerror: [m[K‘[01m[KMarker[m[K’ in namespace ‘[01m[Kvisualization_msgs[m[K’ does not name a type
[1.582s]    20 |     visualization_msgs::[01;31m[KMarker[m[K convert(geometry_msgs::msg::PointStamped & ps) {
[1.582s]       |                         [01;31m[K^~~~~~[m[K
[1.582s] [01m[K/home/rsa2021/starter_code/src/lidar/src/lidar_main.cpp:53:2:[m[K [01;31m[Kerror: [m[Kexpected ‘[01m[K;[m[K’ after class definition
[1.583s]    53 | }
[1.583s]       |  [01;31m[K^[m[K
[1.583s]       |  [32m[K;[m[K
[1.596s] [01m[K/home/rsa2021/starter_code/src/lidar/src/lidar_main.cpp:[m[K In constructor ‘[01m[KPointCloud::PointCloud()[m[K’:
[1.597s] [01m[K/home/rsa2021/starter_code/src/lidar/src/lidar_main.cpp:13:79:[m[K [01;31m[Kerror: [m[Kno match for ‘[01m[Koperator=[m[K’ (operand types are ‘[01m[Krclcpp::Publisher<geometry_msgs::msg::PointStamped_<std::allocator<void> > >::SharedPtr[m[K’ {aka ‘[01m[Kstd::shared_ptr<rclcpp::Publisher<geometry_msgs::msg::PointStamped_<std::allocator<void> > > >[m[K’} and ‘[01m[Kstd::shared_ptr<rclcpp::Publisher<std_msgs::msg::String_<std::allocator<void> >, std::allocator<void> > >[m[K’)
[1.597s]    13 |         publisher_ = this->create_publisher<std_msgs::msg::String>("topic", 10[01;31m[K)[m[K;
[1.597s]       |                                                                               [01;31m[K^[m[K
[1.597s] In file included from [01m[K/usr/include/c++/9/memory:81[m[K,
[1.597s]                  from [01m[K/home/rsa2021/starter_code/src/lidar/src/lidar_main.cpp:1[m[K:
[1.597s] [01m[K/usr/include/c++/9/bits/shared_ptr.h:309:19:[m[K [01;36m[Knote: [m[Kcandidate: ‘[01m[Kstd::shared_ptr<_Tp>& std::shared_ptr<_Tp>::operator=(const std::shared_ptr<_Tp>&) [with _Tp = rclcpp::Publisher<geometry_msgs::msg::PointStamped_<std::allocator<void> > >][m[K’
[1.597s]   309 |       shared_ptr& [01;36m[Koperator[m[K=(const shared_ptr&) noexcept = default;
[1.597s]       |                   [01;36m[K^~~~~~~~[m[K
[1.598s] [01m[K/usr/include/c++/9/bits/shared_ptr.h:309:29:[m[K [01;36m[Knote: [m[K  no known conversion for argument 1 from ‘[01m[Kstd::shared_ptr<rclcpp::Publisher<std_msgs::msg::String_<std::allocator<void> >, std::allocator<void> > >[m[K’ to ‘[01m[Kconst std::shared_ptr<rclcpp::Publisher<geometry_msgs::msg::PointStamped_<std::allocator<void> > > >&[m[K’
[1.598s]   309 |       shared_ptr& operator=([01;36m[Kconst shared_ptr&[m[K) noexcept = default;
[1.598s]       |                             [01;36m[K^~~~~~~~~~~~~~~~~[m[K
[1.598s] [01m[K/usr/include/c++/9/bits/shared_ptr.h:313:2:[m[K [01;36m[Knote: [m[Kcandidate: ‘[01m[Ktemplate<class _Yp> std::shared_ptr<_Tp>::_Assignable<const std::shared_ptr<_Yp>&> std::shared_ptr<_Tp>::operator=(const std::shared_ptr<_Yp>&) [with _Yp = _Yp; _Tp = rclcpp::Publisher<geometry_msgs::msg::PointStamped_<std::allocator<void> > >][m[K’
[1.598s]   313 |  [01;36m[Koperator[m[K=(const shared_ptr<_Yp>& __r) noexcept
[1.598s]       |  [01;36m[K^~~~~~~~[m[K
[1.598s] [01m[K/usr/include/c++/9/bits/shared_ptr.h:313:2:[m[K [01;36m[Knote: [m[K  template argument deduction/substitution failed:
[1.598s] /usr/include/c++/9/bits/shared_ptr.h: In substitution of ‘[01m[Ktemplate<class _Tp> template<class _Arg> using _Assignable = typename std::enable_if<std::is_assignable<std::__shared_ptr<_Tp>&, _Arg>::value, std::shared_ptr<_Tp>&>::type [with _Arg = const std::shared_ptr<rclcpp::Publisher<std_msgs::msg::String_<std::allocator<void> >, std::allocator<void> > >&; _Tp = rclcpp::Publisher<geometry_msgs::msg::PointStamped_<std::allocator<void> > >][m[K’:
[1.599s] [01m[K/usr/include/c++/9/bits/shared_ptr.h:313:2:[m[K   required by substitution of ‘[01m[Ktemplate<class _Yp> std::shared_ptr<rclcpp::Publisher<geometry_msgs::msg::PointStamped_<std::allocator<void> > > >::_Assignable<const std::shared_ptr<_Tp>&> std::shared_ptr<rclcpp::Publisher<geometry_msgs::msg::PointStamped_<std::allocator<void> > > >::operator=<_Yp>(const std::shared_ptr<_Tp>&) [with _Yp = rclcpp::Publisher<std_msgs::msg::String_<std::allocator<void> >, std::allocator<void> >][m[K’
[1.599s] [01m[K/home/rsa2021/starter_code/src/lidar/src/lidar_main.cpp:13:79:[m[K   required from here
[1.599s] [01m[K/usr/include/c++/9/bits/shared_ptr.h:111:8:[m[K [01;31m[Kerror: [m[Kno type named ‘[01m[Ktype[m[K’ in ‘[01m[Kstruct std::enable_if<false, std::shared_ptr<rclcpp::Publisher<geometry_msgs::msg::PointStamped_<std::allocator<void> > > >&>[m[K’
[1.599s]   111 |  using [01;31m[K_Assignable[m[K = typename enable_if<
[1.599s]       |        [01;31m[K^~~~~~~~~~~[m[K
[1.599s] [01m[K/usr/include/c++/9/bits/shared_ptr.h:324:2:[m[K [01;36m[Knote: [m[Kcandidate: ‘[01m[Ktemplate<class _Yp> std::shared_ptr<_Tp>::_Assignable<std::auto_ptr<_Up> > std::shared_ptr<_Tp>::operator=(std::auto_ptr<_Up>&&) [with _Yp = _Yp; _Tp = rclcpp::Publisher<geometry_msgs::msg::PointStamped_<std::allocator<void> > >][m[K’
[1.599s]   324 |  [01;36m[Koperator[m[K=(auto_ptr<_Yp>&& __r)
[1.599s]       |  [01;36m[K^~~~~~~~[m[K
[1.599s] [01m[K/usr/include/c++/9/bits/shared_ptr.h:324:2:[m[K [01;36m[Knote: [m[K  template argument deduction/substitution failed:
[1.599s] [01m[K/home/rsa2021/starter_code/src/lidar/src/lidar_main.cpp:13:79:[m[K [01;36m[Knote: [m[K  ‘[01m[Kstd::shared_ptr<rclcpp::Publisher<std_msgs::msg::String_<std::allocator<void> >, std::allocator<void> > >[m[K’ is not derived from ‘[01m[Kstd::auto_ptr<_Up>[m[K’
[1.600s]    13 |         publisher_ = this->create_publisher<std_msgs::msg::String>("topic", 10[01;36m[K)[m[K;
[1.600s]       |                                                                               [01;36m[K^[m[K
[1.600s] In file included from [01m[K/usr/include/c++/9/memory:81[m[K,
[1.600s]                  from [01m[K/home/rsa2021/starter_code/src/lidar/src/lidar_main.cpp:1[m[K:
[1.600s] [01m[K/usr/include/c++/9/bits/shared_ptr.h:333:7:[m[K [01;36m[Knote: [m[Kcandidate: ‘[01m[Kstd::shared_ptr<_Tp>& std::shared_ptr<_Tp>::operator=(std::shared_ptr<_Tp>&&) [with _Tp = rclcpp::Publisher<geometry_msgs::msg::PointStamped_<std::allocator<void> > >][m[K’
[1.600s]   333 |       [01;36m[Koperator[m[K=(shared_ptr&& __r) noexcept
[1.600s]       |       [01;36m[K^~~~~~~~[m[K
[1.600s] [01m[K/usr/include/c++/9/bits/shared_ptr.h:333:30:[m[K [01;36m[Knote: [m[K  no known conversion for argument 1 from ‘[01m[Kstd::shared_ptr<rclcpp::Publisher<std_msgs::msg::String_<std::allocator<void> >, std::allocator<void> > >[m[K’ to ‘[01m[Kstd::shared_ptr<rclcpp::Publisher<geometry_msgs::msg::PointStamped_<std::allocator<void> > > >&&[m[K’
[1.601s]   333 |       operator=([01;36m[Kshared_ptr&& __r[m[K) noexcept
[1.601s]       |                 [01;36m[K~~~~~~~~~~~~~^~~[m[K
[1.601s] [01m[K/usr/include/c++/9/bits/shared_ptr.h:341:2:[m[K [01;36m[Knote: [m[Kcandidate: ‘[01m[Ktemplate<class _Yp> std::shared_ptr<_Tp>::_Assignable<std::shared_ptr<_Yp> > std::shared_ptr<_Tp>::operator=(std::shared_ptr<_Yp>&&) [with _Yp = _Yp; _Tp = rclcpp::Publisher<geometry_msgs::msg::PointStamped_<std::allocator<void> > >][m[K’
[1.601s]   341 |  [01;36m[Koperator[m[K=(shared_ptr<_Yp>&& __r) noexcept
[1.601s]       |  [01;36m[K^~~~~~~~[m[K
[1.602s] [01m[K/usr/include/c++/9/bits/shared_ptr.h:341:2:[m[K [01;36m[Knote: [m[K  template argument deduction/substitution failed:
[1.602s] /usr/include/c++/9/bits/shared_ptr.h: In substitution of ‘[01m[Ktemplate<class _Tp> template<class _Arg> using _Assignable = typename std::enable_if<std::is_assignable<std::__shared_ptr<_Tp>&, _Arg>::value, std::shared_ptr<_Tp>&>::type [with _Arg = std::shared_ptr<rclcpp::Publisher<std_msgs::msg::String_<std::allocator<void> >, std::allocator<void> > >; _Tp = rclcpp::Publisher<geometry_msgs::msg::PointStamped_<std::allocator<void> > >][m[K’:
[1.602s] [01m[K/usr/include/c++/9/bits/shared_ptr.h:341:2:[m[K   required by substitution of ‘[01m[Ktemplate<class _Yp> std::shared_ptr<rclcpp::Publisher<geometry_msgs::msg::PointStamped_<std::allocator<void> > > >::_Assignable<std::shared_ptr<_Tp> > std::shared_ptr<rclcpp::Publisher<geometry_msgs::msg::PointStamped_<std::allocator<void> > > >::operator=<_Yp>(std::shared_ptr<_Tp>&&) [with _Yp = rclcpp::Publisher<std_msgs::msg::String_<std::allocator<void> >, std::allocator<void> >][m[K’
[1.602s] [01m[K/home/rsa2021/starter_code/src/lidar/src/lidar_main.cpp:13:79:[m[K   required from here
[1.602s] [01m[K/usr/include/c++/9/bits/shared_ptr.h:111:8:[m[K [01;31m[Kerror: [m[Kno type named ‘[01m[Ktype[m[K’ in ‘[01m[Kstruct std::enable_if<false, std::shared_ptr<rclcpp::Publisher<geometry_msgs::msg::PointStamped_<std::allocator<void> > > >&>[m[K’
[1.602s]   111 |  using [01;31m[K_Assignable[m[K = typename enable_if<
[1.602s]       |        [01;31m[K^~~~~~~~~~~[m[K
[1.602s] [01m[K/usr/include/c++/9/bits/shared_ptr.h:349:2:[m[K [01;36m[Knote: [m[Kcandidate: ‘[01m[Ktemplate<class _Yp, class _Del> std::shared_ptr<_Tp>::_Assignable<std::unique_ptr<_Up, _Ep> > std::shared_ptr<_Tp>::operator=(std::unique_ptr<_Up, _Ep>&&) [with _Yp = _Yp; _Del = _Del; _Tp = rclcpp::Publisher<geometry_msgs::msg::PointStamped_<std::allocator<void> > >][m[K’
[1.603s]   349 |  [01;36m[Koperator[m[K=(unique_ptr<_Yp, _Del>&& __r)
[1.603s]       |  [01;36m[K^~~~~~~~[m[K
[1.603s] [01m[K/usr/include/c++/9/bits/shared_ptr.h:349:2:[m[K [01;36m[Knote: [m[K  template argument deduction/substitution failed:
[1.603s] [01m[K/home/rsa2021/starter_code/src/lidar/src/lidar_main.cpp:13:79:[m[K [01;36m[Knote: [m[K  ‘[01m[Kstd::shared_ptr<rclcpp::Publisher<std_msgs::msg::String_<std::allocator<void> >, std::allocator<void> > >[m[K’ is not derived from ‘[01m[Kstd::unique_ptr<_Tp, _Dp>[m[K’
[1.603s]    13 |         publisher_ = this->create_publisher<std_msgs::msg::String>("topic", 10[01;36m[K)[m[K;
[1.603s]       |                                                                               [01;36m[K^[m[K
[1.603s] [01m[K/home/rsa2021/starter_code/src/lidar/src/lidar_main.cpp:14:66:[m[K [01;31m[Kerror: [m[K‘[01m[KPointStamped[m[K’ is not a member of ‘[01m[Kgeometry_msgs[m[K’; did you mean ‘[01m[Kgeometry_msgs::msg::PointStamped[m[K’?
[1.603s]    14 |         subscription_ = this->create_subscription<geometry_msgs::[01;31m[KPointStamped[m[K>("topic", 10, [this](geometry_msgs::msg::PointStamped::SharePtr ps) {
[1.603s]       |                                                                  [01;31m[K^~~~~~~~~~~~[m[K
[1.603s] In file included from [01m[K/opt/ros/foxy/include/geometry_msgs/msg/point_stamped.hpp:7[m[K,
[1.603s]                  from [01m[K/home/rsa2021/starter_code/src/lidar/src/lidar_main.cpp:4[m[K:
[1.603s] [01m[K/opt/ros/foxy/include/geometry_msgs/msg/detail/point_stamped__struct.hpp:134:7:[m[K [01;36m[Knote: [m[K‘[01m[Kgeometry_msgs::msg::PointStamped[m[K’ declared here
[1.603s]   134 | using [01;36m[KPointStamped[m[K =
[1.604s]       |       [01;36m[K^~~~~~~~~~~~[m[K
[1.604s] [01m[K/home/rsa2021/starter_code/src/lidar/src/lidar_main.cpp:14:66:[m[K [01;31m[Kerror: [m[K‘[01m[KPointStamped[m[K’ is not a member of ‘[01m[Kgeometry_msgs[m[K’; did you mean ‘[01m[Kgeometry_msgs::msg::PointStamped[m[K’?
[1.604s]    14 |         subscription_ = this->create_subscription<geometry_msgs::[01;31m[KPointStamped[m[K>("topic", 10, [this](geometry_msgs::msg::PointStamped::SharePtr ps) {
[1.604s]       |                                                                  [01;31m[K^~~~~~~~~~~~[m[K
[1.604s] In file included from [01m[K/opt/ros/foxy/include/geometry_msgs/msg/point_stamped.hpp:7[m[K,
[1.604s]                  from [01m[K/home/rsa2021/starter_code/src/lidar/src/lidar_main.cpp:4[m[K:
[1.604s] [01m[K/opt/ros/foxy/include/geometry_msgs/msg/detail/point_stamped__struct.hpp:134:7:[m[K [01;36m[Knote: [m[K‘[01m[Kgeometry_msgs::msg::PointStamped[m[K’ declared here
[1.605s]   134 | using [01;36m[KPointStamped[m[K =
[1.605s]       |       [01;36m[K^~~~~~~~~~~~[m[K
[1.605s] [01m[K/home/rsa2021/starter_code/src/lidar/src/lidar_main.cpp:14:134:[m[K [01;31m[Kerror: [m[K‘[01m[Kgeometry_msgs::msg::PointStamped<std::allocator<void> >::SharePtr[m[K’ has not been declared
[1.605s]    14 |         subscription_ = this->create_subscription<geometry_msgs::PointStamped>("topic", 10, [this](geometry_msgs::msg::PointStamped::[01;31m[KSharePtr[m[K ps) {
[1.605s]       |                                                                                                                                      [01;31m[K^~~~~~~~[m[K
[1.605s] [01m[K/home/rsa2021/starter_code/src/lidar/src/lidar_main.cpp:[m[K In lambda function:
[1.605s] [01m[K/home/rsa2021/starter_code/src/lidar/src/lidar_main.cpp:15:46:[m[K [01;31m[Kerror: [m[Kinvalid type argument of unary ‘[01m[K*[m[K’ (have ‘[01m[Kint[m[K’)
[1.605s]    15 |                 publisher_->publish(convert(*[01;31m[Kps[m[K))
[1.605s]       |                                              [01;31m[K^~[m[K
[1.605s] [01m[K/home/rsa2021/starter_code/src/lidar/src/lidar_main.cpp:15:37:[m[K [01;31m[Kerror: [m[K‘[01m[Kconvert[m[K’ was not declared in this scope
[1.605s]    15 |                 publisher_->publish([01;31m[Kconvert[m[K(*ps))
[1.605s]       |                                     [01;31m[K^~~~~~~[m[K
[1.605s] [01m[K/home/rsa2021/starter_code/src/lidar/src/lidar_main.cpp:[m[K In constructor ‘[01m[KPointCloud::PointCloud()[m[K’:
[1.606s] [01m[K/home/rsa2021/starter_code/src/lidar/src/lidar_main.cpp:16:18:[m[K [01;31m[Kerror: [m[Kno matching function for call to ‘[01m[KPointCloud::create_subscription<<expression error> >(const char [6], int, PointCloud::PointCloud()::<lambda(int)>)[m[K’
[1.606s]    16 |                 }[01;31m[K)[m[K;
[1.606s]       |                  [01;31m[K^[m[K
[1.606s] In file included from [01m[K/opt/ros/foxy/include/rclcpp/executors/single_threaded_executor.hpp:28[m[K,
[1.606s]                  from [01m[K/opt/ros/foxy/include/rclcpp/executors.hpp:22[m[K,
[1.606s]                  from [01m[K/opt/ros/foxy/include/rclcpp/rclcpp.hpp:146[m[K,
[1.606s]                  from [01m[K/home/rsa2021/starter_code/src/lidar/src/lidar_main.cpp:2[m[K:
[1.606s] [01m[K/opt/ros/foxy/include/rclcpp/node.hpp:213:3:[m[K [01;36m[Knote: [m[Kcandidate: ‘[01m[Ktemplate<class MessageT, class CallbackT, class AllocatorT, class CallbackMessageT, class SubscriptionT, class MessageMemoryStrategyT> std::shared_ptr<SubscriptionT> rclcpp::Node::create_subscription(const string&, const rclcpp::QoS&, CallbackT&&, const rclcpp::SubscriptionOptionsWithAllocator<AllocatorT>&, typename MessageMemoryStrategyT::SharedPtr)[m[K’
[1.606s]   213 |   [01;36m[Kcreate_subscription[m[K(
[1.608s]       |   [01;36m[K^~~~~~~~~~~~~~~~~~~[m[K
[1.608s] [01m[K/opt/ros/foxy/include/rclcpp/node.hpp:213:3:[m[K [01;36m[Knote: [m[K  template argument deduction/substitution failed:
[1.608s] [01m[K/home/rsa2021/starter_code/src/lidar/src/lidar_main.cpp:16:18:[m[K [01;31m[Kerror: [m[Ktemplate argument 1 is invalid
[1.608s]    16 |                 }[01;31m[K)[m[K;
[1.609s]       |                  [01;31m[K^[m[K
[2.810s] make[2]: *** [CMakeFiles/lidar.dir/build.make:63: CMakeFiles/lidar.dir/src/lidar_main.cpp.o] Error 1
[2.810s] make[1]: *** [CMakeFiles/Makefile2:78: CMakeFiles/lidar.dir/all] Error 2
[2.810s] make: *** [Makefile:141: all] Error 2
[2.814s] Invoked command in '/home/rsa2021/starter_code/build/lidar' returned '2': CMAKE_PREFIX_PATH=/opt/ros/foxy /usr/bin/cmake --build /home/rsa2021/starter_code/build/lidar -- -j4 -l4
