[0.024s] Invoking command in '/home/rsa2021/starter_code/build/lidar': CMAKE_PREFIX_PATH=${CMAKE_PREFIX_PATH}:/opt/ros/foxy /usr/bin/cmake /home/rsa2021/starter_code/src/lidar -DCMAKE_INSTALL_PREFIX=/home/rsa2021/starter_code/install/lidar
[0.177s] -- The C compiler identification is GNU 9.3.0
[0.292s] -- The CXX compiler identification is GNU 9.3.0
[0.300s] -- Check for working C compiler: /usr/bin/cc
[0.375s] -- Check for working C compiler: /usr/bin/cc -- works
[0.379s] -- Detecting C compiler ABI info
[0.451s] -- Detecting C compiler ABI info - done
[0.458s] -- Detecting C compile features
[0.459s] -- Detecting C compile features - done
[0.462s] -- Check for working CXX compiler: /usr/bin/c++
[0.533s] -- Check for working CXX compiler: /usr/bin/c++ -- works
[0.534s] -- Detecting CXX compiler ABI info
[0.603s] -- Detecting CXX compiler ABI info - done
[0.613s] -- Detecting CXX compile features
[0.614s] -- Detecting CXX compile features - done
[0.617s] -- Found ament_cmake: 0.9.8 (/opt/ros/foxy/share/ament_cmake/cmake)
[0.640s] -- Found PythonInterp: /usr/bin/python3 (found suitable version "3.8.10", minimum required is "3") 
[0.640s] -- Using PYTHON_EXECUTABLE: /usr/bin/python3
[0.844s] -- Found ament_lint_auto: 0.9.6 (/opt/ros/foxy/share/ament_lint_auto/cmake)
[0.927s] -- Added test 'copyright' to check source files copyright and LICENSE
[0.928s] -- Added test 'cppcheck' to perform static code analysis on C / C++ code
[0.928s] -- Configured cppcheck include dirs: $<BUILD_INTERFACE:/home/rsa2021/starter_code/src/lidar/include>
[0.928s] -- Configured cppcheck exclude dirs and/or files: 
[0.929s] -- Added test 'cpplint' to check C / C++ code against the Google style
[0.929s] -- Configured cpplint exclude dirs and/or files: 
[0.930s] -- Added test 'lint_cmake' to check CMake code style
[0.931s] -- Added test 'uncrustify' to check C / C++ code style
[0.931s] -- Configured uncrustify additional arguments: 
[0.931s] -- Added test 'xmllint' to check XML markup files
[0.933s] -- Configuring done
[0.935s] -- Generating done
[0.936s] -- Build files have been written to: /home/rsa2021/starter_code/build/lidar
[0.939s] Invoked command in '/home/rsa2021/starter_code/build/lidar' returned '0': CMAKE_PREFIX_PATH=${CMAKE_PREFIX_PATH}:/opt/ros/foxy /usr/bin/cmake /home/rsa2021/starter_code/src/lidar -DCMAKE_INSTALL_PREFIX=/home/rsa2021/starter_code/install/lidar
[0.942s] Invoking command in '/home/rsa2021/starter_code/build/lidar': CMAKE_PREFIX_PATH=${CMAKE_PREFIX_PATH}:/opt/ros/foxy /usr/bin/cmake --build /home/rsa2021/starter_code/build/lidar -- -j4 -l4
[0.976s] [35m[1mScanning dependencies of target lidar_node[0m
[0.986s] [ 50%] [32mBuilding CXX object CMakeFiles/lidar_node.dir/src/lidar_node.cpp.o[0m
[1.015s] [100%] [32m[1mLinking CXX executable lidar_node[0m
[1.055s] [100%] Built target lidar_node
[1.066s] Invoked command in '/home/rsa2021/starter_code/build/lidar' returned '0': CMAKE_PREFIX_PATH=${CMAKE_PREFIX_PATH}:/opt/ros/foxy /usr/bin/cmake --build /home/rsa2021/starter_code/build/lidar -- -j4 -l4
[1.095s] Invoking command in '/home/rsa2021/starter_code/build/lidar': CMAKE_PREFIX_PATH=${CMAKE_PREFIX_PATH}:/opt/ros/foxy /usr/bin/cmake --install /home/rsa2021/starter_code/build/lidar
[1.102s] -- Install configuration: ""
[1.102s] -- Installing: /home/rsa2021/starter_code/install/lidar/lib/lidar/lidar_node
[1.103s] -- Installing: /home/rsa2021/starter_code/install/lidar/share/ament_index/resource_index/package_run_dependencies/lidar
[1.103s] -- Installing: /home/rsa2021/starter_code/install/lidar/share/ament_index/resource_index/parent_prefix_path/lidar
[1.103s] -- Installing: /home/rsa2021/starter_code/install/lidar/share/lidar/environment/ament_prefix_path.sh
[1.103s] -- Installing: /home/rsa2021/starter_code/install/lidar/share/lidar/environment/ament_prefix_path.dsv
[1.104s] -- Installing: /home/rsa2021/starter_code/install/lidar/share/lidar/environment/path.sh
[1.104s] -- Installing: /home/rsa2021/starter_code/install/lidar/share/lidar/environment/path.dsv
[1.104s] -- Installing: /home/rsa2021/starter_code/install/lidar/share/lidar/local_setup.bash
[1.104s] -- Installing: /home/rsa2021/starter_code/install/lidar/share/lidar/local_setup.sh
[1.104s] -- Installing: /home/rsa2021/starter_code/install/lidar/share/lidar/local_setup.zsh
[1.104s] -- Installing: /home/rsa2021/starter_code/install/lidar/share/lidar/local_setup.dsv
[1.104s] -- Installing: /home/rsa2021/starter_code/install/lidar/share/lidar/package.dsv
[1.105s] -- Installing: /home/rsa2021/starter_code/install/lidar/share/ament_index/resource_index/packages/lidar
[1.105s] -- Installing: /home/rsa2021/starter_code/install/lidar/share/lidar/cmake/lidarConfig.cmake
[1.105s] -- Installing: /home/rsa2021/starter_code/install/lidar/share/lidar/cmake/lidarConfig-version.cmake
[1.105s] -- Installing: /home/rsa2021/starter_code/install/lidar/share/lidar/package.xml
[1.108s] Invoked command in '/home/rsa2021/starter_code/build/lidar' returned '0': CMAKE_PREFIX_PATH=${CMAKE_PREFIX_PATH}:/opt/ros/foxy /usr/bin/cmake --install /home/rsa2021/starter_code/build/lidar
