[0.016s] Invoking command in '/home/rsa2021/starter_code/build/zbar_ros': CMAKE_PREFIX_PATH=/opt/ros/foxy /usr/bin/cmake /home/rsa2021/starter_code/src/zbar_ros -DCMAKE_INSTALL_PREFIX=/home/rsa2021/starter_code/install/zbar_ros
[0.074s] -- The C compiler identification is GNU 9.3.0
[0.144s] -- The CXX compiler identification is GNU 9.3.0
[0.144s] -- Check for working C compiler: /usr/bin/cc
[0.212s] -- Check for working C compiler: /usr/bin/cc -- works
[0.212s] -- Detecting C compiler ABI info
[0.284s] -- Detecting C compiler ABI info - done
[0.286s] -- Detecting C compile features
[0.287s] -- Detecting C compile features - done
[0.289s] -- Check for working CXX compiler: /usr/bin/c++
[0.366s] -- Check for working CXX compiler: /usr/bin/c++ -- works
[0.367s] -- Detecting CXX compiler ABI info
[0.440s] -- Detecting CXX compiler ABI info - done
[0.444s] -- Detecting CXX compile features
[0.445s] -- Detecting CXX compile features - done
[0.447s] -- Found ament_cmake: 0.9.8 (/opt/ros/foxy/share/ament_cmake/cmake)
[0.466s] -- Found PythonInterp: /usr/bin/python3 (found suitable version "3.8.10", minimum required is "3") 
[0.466s] -- Using PYTHON_EXECUTABLE: /usr/bin/python3
[0.652s] -- Found rclcpp: 2.3.1 (/opt/ros/foxy/share/rclcpp/cmake)
[0.694s] -- Using all available rosidl_typesupport_c: rosidl_typesupport_fastrtps_c;rosidl_typesupport_introspection_c
[0.700s] -- Found rosidl_adapter: 1.2.1 (/opt/ros/foxy/share/rosidl_adapter/cmake)
[0.775s] -- Found OpenSSL: /usr/lib/x86_64-linux-gnu/libcrypto.so (found version "1.1.1f")  
[0.801s] -- Found FastRTPS: /opt/ros/foxy/include  
[0.875s] -- Using all available rosidl_typesupport_cpp: rosidl_typesupport_fastrtps_cpp;rosidl_typesupport_introspection_cpp
[0.928s] -- Found rmw_implementation_cmake: 1.0.3 (/opt/ros/foxy/share/rmw_implementation_cmake/cmake)
[0.929s] -- Using RMW implementation 'rmw_fastrtps_cpp' as default
[0.930s] -- Looking for pthread.h
[1.001s] -- Looking for pthread.h - found
[1.001s] -- Performing Test CMAKE_HAVE_LIBC_PTHREAD
[1.069s] -- Performing Test CMAKE_HAVE_LIBC_PTHREAD - Failed
[1.069s] -- Looking for pthread_create in pthreads
[1.123s] -- Looking for pthread_create in pthreads - not found
[1.123s] -- Looking for pthread_create in pthread
[1.192s] -- Looking for pthread_create in pthread - found
[1.193s] -- Found Threads: TRUE  
[1.361s] -- Found sensor_msgs: 2.0.4 (/opt/ros/foxy/share/sensor_msgs/cmake)
[1.464s] -- Found cv_bridge: 2.2.1 (/opt/ros/foxy/share/cv_bridge/cmake)
[1.488s] -- Found ament_lint_auto: 0.9.6 (/opt/ros/foxy/share/ament_lint_auto/cmake)
[1.563s] -- Added test 'cppcheck' to perform static code analysis on C / C++ code
[1.563s] -- Configured cppcheck include dirs: /home/rsa2021/starter_code/src/zbar_ros/include
[1.563s] -- Configured cppcheck exclude dirs and/or files: 
[1.565s] -- Added test 'cpplint' to check C / C++ code against the Google style
[1.565s] -- Configured cpplint exclude dirs and/or files: 
[1.567s] -- Added test 'lint_cmake' to check CMake code style
[1.569s] -- Added test 'uncrustify' to check C / C++ code style
[1.569s] -- Configured uncrustify additional arguments: 
[1.570s] -- Added test 'xmllint' to check XML markup files
[1.573s] -- Configuring done
[1.592s] -- Generating done
[1.594s] -- Build files have been written to: /home/rsa2021/starter_code/build/zbar_ros
[1.602s] Invoked command in '/home/rsa2021/starter_code/build/zbar_ros' returned '0': CMAKE_PREFIX_PATH=/opt/ros/foxy /usr/bin/cmake /home/rsa2021/starter_code/src/zbar_ros -DCMAKE_INSTALL_PREFIX=/home/rsa2021/starter_code/install/zbar_ros
[1.606s] Invoking command in '/home/rsa2021/starter_code/build/zbar_ros': CMAKE_PREFIX_PATH=/opt/ros/foxy /usr/bin/cmake --build /home/rsa2021/starter_code/build/zbar_ros -- -j4 -l4
[1.647s] [35m[1mScanning dependencies of target barcode_reader_node[0m
[1.775s] [ 25%] [32mBuilding CXX object CMakeFiles/barcode_reader_node.dir/src/barcode_reader_node.cpp.o[0m
[6.784s] [ 50%] [32m[1mLinking CXX static library libbarcode_reader_node.a[0m
[6.855s] [ 50%] Built target barcode_reader_node
[6.867s] [35m[1mScanning dependencies of target barcode_reader[0m
[6.897s] [ 75%] [32mBuilding CXX object CMakeFiles/barcode_reader.dir/src/barcode_reader_main.cpp.o[0m
[8.491s] [100%] [32m[1mLinking CXX executable barcode_reader[0m
[9.255s] [100%] Built target barcode_reader
[9.267s] Invoked command in '/home/rsa2021/starter_code/build/zbar_ros' returned '0': CMAKE_PREFIX_PATH=/opt/ros/foxy /usr/bin/cmake --build /home/rsa2021/starter_code/build/zbar_ros -- -j4 -l4
[9.307s] Invoking command in '/home/rsa2021/starter_code/build/zbar_ros': CMAKE_PREFIX_PATH=/opt/ros/foxy /usr/bin/cmake --install /home/rsa2021/starter_code/build/zbar_ros
[9.315s] -- Install configuration: ""
[9.315s] -- Installing: /home/rsa2021/starter_code/install/zbar_ros/lib/zbar_ros/barcode_reader
[9.316s] -- Set runtime path of "/home/rsa2021/starter_code/install/zbar_ros/lib/zbar_ros/barcode_reader" to ""
[9.317s] -- Installing: /home/rsa2021/starter_code/install/zbar_ros/include/
[9.317s] -- Installing: /home/rsa2021/starter_code/install/zbar_ros/include//zbar_ros
[9.317s] -- Installing: /home/rsa2021/starter_code/install/zbar_ros/include//zbar_ros/barcode_reader_node.hpp
[9.317s] -- Installing: /home/rsa2021/starter_code/install/zbar_ros/lib/libbarcode_reader_node.a
[9.321s] -- Installing: /home/rsa2021/starter_code/install/zbar_ros/share/ament_index/resource_index/package_run_dependencies/zbar_ros
[9.321s] -- Installing: /home/rsa2021/starter_code/install/zbar_ros/share/ament_index/resource_index/parent_prefix_path/zbar_ros
[9.321s] -- Installing: /home/rsa2021/starter_code/install/zbar_ros/share/zbar_ros/environment/ament_prefix_path.sh
[9.321s] -- Installing: /home/rsa2021/starter_code/install/zbar_ros/share/zbar_ros/environment/ament_prefix_path.dsv
[9.321s] -- Installing: /home/rsa2021/starter_code/install/zbar_ros/share/zbar_ros/environment/path.sh
[9.321s] -- Installing: /home/rsa2021/starter_code/install/zbar_ros/share/zbar_ros/environment/path.dsv
[9.321s] -- Installing: /home/rsa2021/starter_code/install/zbar_ros/share/zbar_ros/local_setup.bash
[9.321s] -- Installing: /home/rsa2021/starter_code/install/zbar_ros/share/zbar_ros/local_setup.sh
[9.322s] -- Installing: /home/rsa2021/starter_code/install/zbar_ros/share/zbar_ros/local_setup.zsh
[9.322s] -- Installing: /home/rsa2021/starter_code/install/zbar_ros/share/zbar_ros/local_setup.dsv
[9.322s] -- Installing: /home/rsa2021/starter_code/install/zbar_ros/share/zbar_ros/package.dsv
[9.322s] -- Installing: /home/rsa2021/starter_code/install/zbar_ros/share/ament_index/resource_index/packages/zbar_ros
[9.322s] -- Installing: /home/rsa2021/starter_code/install/zbar_ros/share/zbar_ros/cmake/zbar_rosConfig.cmake
[9.322s] -- Installing: /home/rsa2021/starter_code/install/zbar_ros/share/zbar_ros/cmake/zbar_rosConfig-version.cmake
[9.322s] -- Installing: /home/rsa2021/starter_code/install/zbar_ros/share/zbar_ros/package.xml
[9.328s] Invoked command in '/home/rsa2021/starter_code/build/zbar_ros' returned '0': CMAKE_PREFIX_PATH=/opt/ros/foxy /usr/bin/cmake --install /home/rsa2021/starter_code/build/zbar_ros
