[0.024s] Invoking command in '/home/rsa2021/starter_code/build/comp3431_starter': CMAKE_PREFIX_PATH=${CMAKE_PREFIX_PATH}:/opt/ros/foxy /usr/bin/cmake --build /home/rsa2021/starter_code/build/comp3431_starter -- -j4 -l4
[0.085s] [100%] Built target wallFollower
[0.097s] Invoked command in '/home/rsa2021/starter_code/build/comp3431_starter' returned '0': CMAKE_PREFIX_PATH=${CMAKE_PREFIX_PATH}:/opt/ros/foxy /usr/bin/cmake --build /home/rsa2021/starter_code/build/comp3431_starter -- -j4 -l4
[0.147s] Invoking command in '/home/rsa2021/starter_code/build/comp3431_starter': CMAKE_PREFIX_PATH=${CMAKE_PREFIX_PATH}:/opt/ros/foxy /usr/bin/cmake --install /home/rsa2021/starter_code/build/comp3431_starter
[0.154s] -- Install configuration: ""
[0.154s] -- Execute custom install script
[0.155s] -- Up-to-date symlink: /home/rsa2021/starter_code/install/comp3431_starter/share/ament_index/resource_index/package_run_dependencies/comp3431_starter
[0.155s] -- Up-to-date symlink: /home/rsa2021/starter_code/install/comp3431_starter/share/ament_index/resource_index/parent_prefix_path/comp3431_starter
[0.155s] -- Up-to-date symlink: /home/rsa2021/starter_code/install/comp3431_starter/share/comp3431_starter/environment/ament_prefix_path.sh
[0.155s] -- Up-to-date symlink: /home/rsa2021/starter_code/install/comp3431_starter/share/comp3431_starter/environment/ament_prefix_path.dsv
[0.156s] -- Up-to-date symlink: /home/rsa2021/starter_code/install/comp3431_starter/share/comp3431_starter/environment/path.sh
[0.156s] -- Up-to-date symlink: /home/rsa2021/starter_code/install/comp3431_starter/share/comp3431_starter/environment/path.dsv
[0.156s] -- Up-to-date symlink: /home/rsa2021/starter_code/install/comp3431_starter/share/comp3431_starter/local_setup.bash
[0.157s] -- Up-to-date symlink: /home/rsa2021/starter_code/install/comp3431_starter/share/comp3431_starter/local_setup.sh
[0.157s] -- Up-to-date symlink: /home/rsa2021/starter_code/install/comp3431_starter/share/comp3431_starter/local_setup.zsh
[0.157s] -- Up-to-date symlink: /home/rsa2021/starter_code/install/comp3431_starter/share/comp3431_starter/local_setup.dsv
[0.157s] -- Symlinking: /home/rsa2021/starter_code/install/comp3431_starter/share/comp3431_starter/package.dsv
[0.166s] -- Up-to-date symlink: /home/rsa2021/starter_code/install/comp3431_starter/share/ament_index/resource_index/packages/comp3431_starter
[0.166s] -- Up-to-date symlink: /home/rsa2021/starter_code/install/comp3431_starter/share/comp3431_starter/cmake/comp3431_starterConfig.cmake
[0.166s] -- Up-to-date symlink: /home/rsa2021/starter_code/install/comp3431_starter/share/comp3431_starter/cmake/comp3431_starterConfig-version.cmake
[0.167s] -- Up-to-date symlink: /home/rsa2021/starter_code/install/comp3431_starter/share/comp3431_starter/package.xml
[0.167s] -- Up-to-date symlink: /home/rsa2021/starter_code/install/comp3431_starter/lib/comp3431_starter/wallFollower
[0.170s] Invoked command in '/home/rsa2021/starter_code/build/comp3431_starter' returned '0': CMAKE_PREFIX_PATH=${CMAKE_PREFIX_PATH}:/opt/ros/foxy /usr/bin/cmake --install /home/rsa2021/starter_code/build/comp3431_starter
