[0.031s] Invoking command in '/home/rsa2021/starter_code/build/lidar': CMAKE_PREFIX_PATH=${CMAKE_PREFIX_PATH}:/opt/ros/foxy /usr/bin/cmake --build /home/rsa2021/starter_code/build/lidar -- -j4 -l4
[0.064s] -- Found ament_cmake: 0.9.8 (/opt/ros/foxy/share/ament_cmake/cmake)
[0.090s] -- Using PYTHON_EXECUTABLE: /usr/bin/python3
[0.428s] -- Found rclcpp: 2.3.1 (/opt/ros/foxy/share/rclcpp/cmake)
[0.458s] -- Using all available rosidl_typesupport_c: rosidl_typesupport_fastrtps_c;rosidl_typesupport_introspection_c
[0.461s] -- Found rosidl_adapter: 1.2.1 (/opt/ros/foxy/share/rosidl_adapter/cmake)
[0.580s] -- Using all available rosidl_typesupport_cpp: rosidl_typesupport_fastrtps_cpp;rosidl_typesupport_introspection_cpp
[0.624s] -- Found rmw_implementation_cmake: 1.0.3 (/opt/ros/foxy/share/rmw_implementation_cmake/cmake)
[0.626s] -- Using RMW implementation 'rmw_fastrtps_cpp' as default
[0.769s] -- Found geometry_msgs: 2.0.4 (/opt/ros/foxy/share/geometry_msgs/cmake)
[0.807s] -- Found ament_lint_auto: 0.9.6 (/opt/ros/foxy/share/ament_lint_auto/cmake)
[0.895s] -- Added test 'copyright' to check source files copyright and LICENSE
[0.897s] -- Added test 'cppcheck' to perform static code analysis on C / C++ code
[0.897s] -- Configured cppcheck include dirs: $<BUILD_INTERFACE:/home/rsa2021/starter_code/src/lidar/include>
[0.897s] -- Configured cppcheck exclude dirs and/or files: 
[0.898s] -- Added test 'cpplint' to check C / C++ code against the Google style
[0.898s] -- Configured cpplint exclude dirs and/or files: 
[0.899s] -- Added test 'lint_cmake' to check CMake code style
[0.900s] -- Added test 'uncrustify' to check C / C++ code style
[0.900s] -- Configured uncrustify additional arguments: 
[0.901s] -- Added test 'xmllint' to check XML markup files
[0.904s] -- Configuring done
[0.915s] -- Generating done
[0.917s] -- Build files have been written to: /home/rsa2021/starter_code/build/lidar
[0.943s] [35m[1mScanning dependencies of target lidar[0m
[1.034s] [ 50%] [32mBuilding CXX object CMakeFiles/lidar.dir/src/lidar_main.cpp.o[0m
[1.169s] [01m[K/home/rsa2021/starter_code/src/lidar/src/lidar_main.cpp:4:10:[m[K [01;31m[Kfatal error: [m[Kgeometry_msgs: No such file or directory
[1.169s]     4 | #include [01;31m[K<geometry_msgs>[m[K
[1.169s]       |          [01;31m[K^~~~~~~~~~~~~~~[m[K
[1.169s] compilation terminated.
[1.172s] make[2]: *** [CMakeFiles/lidar.dir/build.make:63: CMakeFiles/lidar.dir/src/lidar_main.cpp.o] Error 1
[1.173s] make[1]: *** [CMakeFiles/Makefile2:78: CMakeFiles/lidar.dir/all] Error 2
[1.173s] make: *** [Makefile:141: all] Error 2
[1.178s] Invoked command in '/home/rsa2021/starter_code/build/lidar' returned '2': CMAKE_PREFIX_PATH=${CMAKE_PREFIX_PATH}:/opt/ros/foxy /usr/bin/cmake --build /home/rsa2021/starter_code/build/lidar -- -j4 -l4
